{"recorder_version":"31","session":"d1340c4ff1ab","build":"193.6494.35","bucket":"0","time":1583018833779,"group":{"id":"settings","version":"4"},"event":{"state":true,"data":{"component":"NotRoamableUiSettings","created":1583018834469},"id":"invoked"}}
{"recorder_version":"31","session":"d1340c4ff1ab","build":"193.6494.35","bucket":"0","time":1583018833780,"group":{"id":"settings","version":"4"},"event":{"state":true,"data":{"component":"UISettings","created":1583018834472},"id":"invoked"}}
{"recorder_version":"31","session":"d1340c4ff1ab","build":"193.6494.35","bucket":"0","time":1583018833805,"group":{"id":"system.java","version":"1"},"event":{"state":true,"data":{"created":1583018834485,"version":"validation.undefined_rule"},"id":"validation.undefined_rule"}}
{"recorder_version":"31","session":"d1340c4ff1ab","build":"193.6494.35","bucket":"0","time":1583018833806,"group":{"id":"system.java","version":"1"},"event":{"state":true,"data":{"created":1583018834486},"id":"invoked"}}
{"recorder_version":"31","session":"d1340c4ff1ab","build":"193.6494.35","bucket":"0","time":1583018833904,"group":{"id":"system.os","version":"3"},"event":{"state":true,"data":{"created":1583018834491,"version":"10.0"},"id":"Windows"}}
{"recorder_version":"31","session":"d1340c4ff1ab","build":"193.6494.35","bucket":"0","time":1583018833904,"group":{"id":"system.os","version":"3"},"event":{"state":true,"data":{"created":1583018834497,"name":"Windows","version":"10.0"},"id":"os.name"}}
{"recorder_version":"31","session":"d1340c4ff1ab","build":"193.6494.35","bucket":"0","time":1583018833904,"group":{"id":"system.os","version":"3"},"event":{"state":true,"data":{"created":1583018834498,"value":"+01_00"},"id":"os.timezone"}}
{"recorder_version":"31","session":"d1340c4ff1ab","build":"193.6494.35","bucket":"0","time":1583018833904,"group":{"id":"system.os","version":"3"},"event":{"state":true,"data":{"created":1583018834498},"id":"invoked"}}
{"recorder_version":"31","session":"d1340c4ff1ab","build":"193.6494.35","bucket":"0","time":1583018834408,"group":{"id":"event.log","version":"31"},"event":{"count":1,"data":{"created":1583018834499,"version":"1082.0"},"id":"whitelist.loaded"}}
{"recorder_version":"31","session":"d1340c4ff1ab","build":"193.6494.35","bucket":"0","time":1583018834876,"group":{"id":"settings","version":"4"},"event":{"state":true,"data":{"component":"UpdatesConfigurable","created":1583018834877,"name":"checkNeeded","type":"bool","value":false},"id":"not.default"}}
{"recorder_version":"31","session":"d1340c4ff1ab","build":"193.6494.35","bucket":"0","time":1583018834877,"group":{"id":"settings","version":"4"},"event":{"state":true,"data":{"component":"UpdatesConfigurable","created":1583018834879},"id":"invoked"}}
{"recorder_version":"31","session":"d1340c4ff1ab","build":"193.6494.35","bucket":"0","time":1583018836384,"group":{"id":"performance","version":"31"},"event":{"count":1,"data":{"duration_ms":1776,"created":1583018836386},"id":"ui.latency"}}
{"recorder_version":"31","session":"d1340c4ff1ab","build":"193.6494.35","bucket":"0","time":1583018836384,"group":{"id":"performance","version":"31"},"event":{"count":1,"data":{"duration_ms":1776,"created":1583018836390},"id":"ui.lagging"}}
{"recorder_version":"31","session":"d1340c4ff1ab","build":"193.6494.35","bucket":"0","time":1583018836385,"group":{"id":"performance","version":"31"},"event":{"count":1,"data":{"duration_ms":791,"created":1583018836391},"id":"ui.lagging"}}
{"recorder_version":"31","session":"d1340c4ff1ab","build":"193.6494.35","bucket":"0","time":1583018836438,"group":{"id":"settings","version":"4"},"event":{"state":true,"data":{"component":"GeneralSettings","created":1583018836439},"id":"invoked"}}
{"recorder_version":"31","session":"d1340c4ff1ab","build":"193.6494.35","bucket":"0","time":1583018836798,"group":{"id":"settings","version":"4"},"event":{"state":true,"data":{"component":"XmlEditorOptions","created":1583018836798},"id":"invoked"}}
{"recorder_version":"31","session":"d1340c4ff1ab","build":"193.6494.35","bucket":"0","time":1583018837488,"group":{"id":"performance","version":"31"},"event":{"count":1,"data":{"duration_ms":892,"created":1583018837491},"id":"ui.lagging"}}
{"recorder_version":"31","session":"d1340c4ff1ab","build":"193.6494.35","bucket":"0","time":1583018837501,"group":{"id":"lifecycle","version":"31"},"event":{"count":1,"data":{"internal":true,"eap":false,"created":1583018837522},"id":"ide.start"}}
{"recorder_version":"31","session":"d1340c4ff1ab","build":"193.6494.35","bucket":"0","time":1583018936734,"group":{"id":"performance","version":"31"},"event":{"count":1,"data":{"duration_ms":0,"created":1583018936734},"id":"ui.latency"}}
{"recorder_version":"31","session":"d1340c4ff1ab","build":"193.6494.35","bucket":"0","time":1583019016857,"group":{"id":"event.log","version":"31"},"event":{"count":1,"data":{"created":1583019016857,"version":"1129.0"},"id":"whitelist.updated"}}
{"recorder_version":"31","session":"d1340c4ff1ab","build":"193.6494.35","bucket":"0","time":1583019036871,"group":{"id":"performance","version":"31"},"event":{"count":1,"data":{"duration_ms":0,"created":1583019036871},"id":"ui.latency"}}
{"recorder_version":"31","session":"d1340c4ff1ab","build":"193.6494.35","bucket":"0","time":1583019053408,"group":{"id":"settings","version":"4"},"event":{"state":true,"data":{"component":"VcsApplicationSettings","created":1583019053408},"id":"invoked"}}
{"recorder_version":"31","session":"d1340c4ff1ab","build":"193.6494.35","bucket":"0","time":1583019055428,"group":{"id":"actions","version":"31"},"event":{"count":1,"data":{"context_menu":false,"action_id":"WelcomeScreen.OpenProject","created":1583019055429,"plugin_type":"PLATFORM","place":"WelcomeScreen","class":"com.intellij.ide.actions.OpenFileAction$OnWelcomeScreen","input_event":"MouseLeft"},"id":"action.invoked"}}
{"recorder_version":"31","session":"d1340c4ff1ab","build":"193.6494.35","bucket":"0","time":1583019055715,"group":{"id":"ui.dialogs","version":"31"},"event":{"count":1,"data":{"created":1583019055715,"plugin_type":"PLATFORM","dialog_class":"com.intellij.openapi.fileChooser.ex.FileChooserDialogImpl"},"id":"show"}}
{"recorder_version":"31","session":"d1340c4ff1ab","build":"193.6494.35","bucket":"0","time":1583019056076,"group":{"id":"performance","version":"31"},"event":{"count":1,"data":{"duration_ms":185,"created":1583019056076},"id":"ui.lagging"}}
{"recorder_version":"31","session":"d1340c4ff1ab","build":"193.6494.35","bucket":"0","time":1583019059958,"group":{"id":"actions","version":"31"},"event":{"count":2,"data":{"context_menu":false,"last":1583019059961,"action_id":"FileChooser.GotoDesktop","created":1583019059958,"plugin_type":"PLATFORM","place":"unknown","class":"com.intellij.openapi.fileChooser.actions.GotoDesktopDirAction","input_event":"MouseLeft"},"id":"action.invoked"}}
{"recorder_version":"31","session":"d1340c4ff1ab","build":"193.6494.35","bucket":"0","time":1583019059964,"group":{"id":"toolbar","version":"31"},"event":{"count":1,"data":{"context_menu":false,"action_id":"FileChooser.GotoDesktop","created":1583019059964,"plugin_type":"PLATFORM","place":"unknown","class":"com.intellij.openapi.fileChooser.actions.GotoDesktopDirAction","input_event":"MouseLeft"},"id":"clicked"}}
{"recorder_version":"31","session":"d1340c4ff1ab","build":"193.6494.35","bucket":"0","time":1583019134669,"group":{"id":"ui.dialogs","version":"31"},"event":{"count":1,"data":{"code":0,"created":1583019134669,"plugin_type":"PLATFORM","dialog_class":"com.intellij.openapi.fileChooser.ex.FileChooserDialogImpl"},"id":"close"}}
{"recorder_version":"31","session":"d1340c4ff1ab","build":"193.6494.35","bucket":"0","time":1583019135223,"group":{"id":"performance","version":"31"},"event":{"count":1,"data":{"duration_ms":237,"created":1583019135223},"id":"ui.lagging"}}
{"recorder_version":"31","session":"d1340c4ff1ab","build":"193.6494.35","bucket":"0","time":1583019135383,"group":{"id":"ui.dialogs","version":"31"},"event":{"count":1,"data":{"created":1583019135383,"plugin_type":"PLATFORM","dialog_class":"com.intellij.openapi.progress.util.ProgressDialog$MyDialogWrapper"},"id":"show"}}
{"recorder_version":"31","session":"d1340c4ff1ab","build":"193.6494.35","bucket":"0","time":1583019136385,"group":{"id":"kotlin.ide.j2k","version":"1"},"event":{"count":1,"data":{"created":1583019136385},"id":"registered"}}
{"recorder_version":"31","session":"d1340c4ff1ab","build":"193.6494.35","bucket":"0","time":1583019136385,"group":{"id":"java.find.usages","version":"1"},"event":{"count":1,"data":{"created":1583019136385},"id":"registered"}}
{"recorder_version":"31","session":"d1340c4ff1ab","build":"193.6494.35","bucket":"0","time":1583019136385,"group":{"id":"file.types.usage","version":"31"},"event":{"count":1,"data":{"created":1583019136386},"id":"registered"}}
{"recorder_version":"31","session":"d1340c4ff1ab","build":"193.6494.35","bucket":"0","time":1583019136385,"group":{"id":"ide.script.engine","version":"2"},"event":{"count":1,"data":{"created":1583019136386},"id":"registered"}}
{"recorder_version":"31","session":"d1340c4ff1ab","build":"193.6494.35","bucket":"0","time":1583019136385,"group":{"id":"live.templates","version":"31"},"event":{"count":1,"data":{"created":1583019136386},"id":"registered"}}
{"recorder_version":"31","session":"d1340c4ff1ab","build":"193.6494.35","bucket":"0","time":1583019136385,"group":{"id":"ide.self.update","version":"2"},"event":{"count":1,"data":{"created":1583019136387},"id":"registered"}}
{"recorder_version":"31","session":"d1340c4ff1ab","build":"193.6494.35","bucket":"0","time":1583019136385,"group":{"id":"lifecycle","version":"31"},"event":{"count":1,"data":{"created":1583019136387},"id":"registered"}}
{"recorder_version":"31","session":"d1340c4ff1ab","build":"193.6494.35","bucket":"0","time":1583019136385,"group":{"id":"vcs.diff.trigger","version":"1"},"event":{"count":1,"data":{"created":1583019136387},"id":"registered"}}
{"recorder_version":"31","session":"d1340c4ff1ab","build":"193.6494.35","bucket":"0","time":1583019136385,"group":{"id":"debugger.breakpoints.usage","version":"2"},"event":{"count":1,"data":{"created":1583019136387},"id":"registered"}}
{"recorder_version":"31","session":"d1340c4ff1ab","build":"193.6494.35","bucket":"0","time":1583019136385,"group":{"id":"kotlin.gradle.library","version":"1"},"event":{"count":1,"data":{"created":1583019136387},"id":"registered"}}
{"recorder_version":"31","session":"d1340c4ff1ab","build":"193.6494.35","bucket":"0","time":1583019136385,"group":{"id":"startup","version":"1"},"event":{"count":1,"data":{"created":1583019136387},"id":"registered"}}
{"recorder_version":"31","session":"d1340c4ff1ab","build":"193.6494.35","bucket":"0","time":1583019136385,"group":{"id":"find","version":"2"},"event":{"count":1,"data":{"created":1583019136388},"id":"registered"}}
{"recorder_version":"31","session":"d1340c4ff1ab","build":"193.6494.35","bucket":"0","time":1583019136385,"group":{"id":"kotlin.gradle.target","version":"2"},"event":{"count":1,"data":{"created":1583019136388},"id":"registered"}}
{"recorder_version":"31","session":"d1340c4ff1ab","build":"193.6494.35","bucket":"0","time":1583019136385,"group":{"id":"gutter.icon.click","version":"2"},"event":{"count":1,"data":{"created":1583019136388},"id":"registered"}}
{"recorder_version":"31","session":"d1340c4ff1ab","build":"193.6494.35","bucket":"0","time":1583019136385,"group":{"id":"shell.script","version":"1"},"event":{"count":1,"data":{"created":1583019136388},"id":"registered"}}
{"recorder_version":"31","session":"d1340c4ff1ab","build":"193.6494.35","bucket":"0","time":1583019136385,"group":{"id":"new.project.wizard","version":"1"},"event":{"count":1,"data":{"created":1583019136388},"id":"registered"}}
{"recorder_version":"31","session":"d1340c4ff1ab","build":"193.6494.35","bucket":"0","time":1583019136385,"group":{"id":"kotlin.ide.npwizards","version":"1"},"event":{"count":1,"data":{"created":1583019136388},"id":"registered"}}
{"recorder_version":"31","session":"d1340c4ff1ab","build":"193.6494.35","bucket":"0","time":1583019136385,"group":{"id":"intentions","version":"31"},"event":{"count":1,"data":{"created":1583019136388},"id":"registered"}}
{"recorder_version":"31","session":"d1340c4ff1ab","build":"193.6494.35","bucket":"0","time":1583019136385,"group":{"id":"settings.repository","version":"1"},"event":{"count":1,"data":{"created":1583019136389},"id":"registered"}}
{"recorder_version":"31","session":"d1340c4ff1ab","build":"193.6494.35","bucket":"0","time":1583019136385,"group":{"id":"vcs.change.reminder","version":"2"},"event":{"count":1,"data":{"created":1583019136389},"id":"registered"}}
{"recorder_version":"31","session":"d1340c4ff1ab","build":"193.6494.35","bucket":"0","time":1583019136385,"group":{"id":"create.directory.dialog","version":"1"},"event":{"count":1,"data":{"created":1583019136389},"id":"registered"}}
{"recorder_version":"31","session":"d1340c4ff1ab","build":"193.6494.35","bucket":"0","time":1583019136385,"group":{"id":"kotlin.maven.target","version":"3"},"event":{"count":1,"data":{"created":1583019136389},"id":"registered"}}
{"recorder_version":"31","session":"d1340c4ff1ab","build":"193.6494.35","bucket":"0","time":1583019136385,"group":{"id":"json.schema","version":"1"},"event":{"count":1,"data":{"created":1583019136389},"id":"registered"}}
{"recorder_version":"31","session":"d1340c4ff1ab","build":"193.6494.35","bucket":"0","time":1583019136385,"group":{"id":"terminalShell","version":"1"},"event":{"count":1,"data":{"created":1583019136389},"id":"registered"}}
{"recorder_version":"31","session":"d1340c4ff1ab","build":"193.6494.35","bucket":"0","time":1583019136385,"group":{"id":"rename.refactoring","version":"1"},"event":{"count":1,"data":{"created":1583019136390},"id":"registered"}}
{"recorder_version":"31","session":"d1340c4ff1ab","build":"193.6494.35","bucket":"0","time":1583019136385,"group":{"id":"build.ant.actions","version":"1"},"event":{"count":1,"data":{"created":1583019136390},"id":"registered"}}
{"recorder_version":"31","session":"d1340c4ff1ab","build":"193.6494.35","bucket":"0","time":1583019136385,"group":{"id":"actions","version":"31"},"event":{"count":1,"data":{"created":1583019136390},"id":"registered"}}
{"recorder_version":"31","session":"d1340c4ff1ab","build":"193.6494.35","bucket":"0","time":1583019136385,"group":{"id":"kotlin.ide.editor","version":"1"},"event":{"count":1,"data":{"created":1583019136390},"id":"registered"}}
{"recorder_version":"31","session":"d1340c4ff1ab","build":"193.6494.35","bucket":"0","time":1583019136385,"group":{"id":"event.log","version":"31"},"event":{"count":1,"data":{"created":1583019136390},"id":"registered"}}
{"recorder_version":"31","session":"d1340c4ff1ab","build":"193.6494.35","bucket":"0","time":1583019136385,"group":{"id":"run.configuration.exec","version":"31"},"event":{"count":1,"data":{"created":1583019136390},"id":"registered"}}
{"recorder_version":"31","session":"d1340c4ff1ab","build":"193.6494.35","bucket":"0","time":1583019136385,"group":{"id":"build.tools.actions","version":"1"},"event":{"count":1,"data":{"created":1583019136390},"id":"registered"}}
{"recorder_version":"31","session":"d1340c4ff1ab","build":"193.6494.35","bucket":"0","time":1583019136385,"group":{"id":"file.editor","version":"2"},"event":{"count":1,"data":{"created":1583019136390},"id":"registered"}}
{"recorder_version":"31","session":"d1340c4ff1ab","build":"193.6494.35","bucket":"0","time":1583019136385,"group":{"id":"vfs","version":"2"},"event":{"count":1,"data":{"created":1583019136390},"id":"registered"}}
{"recorder_version":"31","session":"d1340c4ff1ab","build":"193.6494.35","bucket":"0","time":1583019136385,"group":{"id":"project.import","version":"2"},"event":{"count":1,"data":{"created":1583019136390},"id":"registered"}}
{"recorder_version":"31","session":"d1340c4ff1ab","build":"193.6494.35","bucket":"0","time":1583019136385,"group":{"id":"actions.runAnything","version":"1"},"event":{"count":1,"data":{"created":1583019136391},"id":"registered"}}
{"recorder_version":"31","session":"d1340c4ff1ab","build":"193.6494.35","bucket":"0","time":1583019136385,"group":{"id":"toolwindow","version":"31"},"event":{"count":1,"data":{"created":1583019136391},"id":"registered"}}
{"recorder_version":"31","session":"d1340c4ff1ab","build":"193.6494.35","bucket":"0","time":1583019136385,"group":{"id":"kotlin.ide.newFileTempl","version":"1"},"event":{"count":1,"data":{"created":1583019136391},"id":"registered"}}
{"recorder_version":"31","session":"d1340c4ff1ab","build":"193.6494.35","bucket":"0","time":1583019136385,"group":{"id":"ui.settings","version":"31"},"event":{"count":1,"data":{"created":1583019136391},"id":"registered"}}
{"recorder_version":"31","session":"d1340c4ff1ab","build":"193.6494.35","bucket":"0","time":1583019136385,"group":{"id":"vcs.log.trigger","version":"2"},"event":{"count":1,"data":{"created":1583019136391},"id":"registered"}}
{"recorder_version":"31","session":"d1340c4ff1ab","build":"193.6494.35","bucket":"0","time":1583019136385,"group":{"id":"productivity","version":"31"},"event":{"count":1,"data":{"created":1583019136392},"id":"registered"}}
{"recorder_version":"31","session":"d1340c4ff1ab","build":"193.6494.35","bucket":"0","time":1583019136385,"group":{"id":"build.maven.actions","version":"1"},"event":{"count":1,"data":{"created":1583019136392},"id":"registered"}}
{"recorder_version":"31","session":"d1340c4ff1ab","build":"193.6494.35","bucket":"0","time":1583019136385,"group":{"id":"ui.event","version":"3"},"event":{"count":1,"data":{"created":1583019136392},"id":"registered"}}
{"recorder_version":"31","session":"d1340c4ff1ab","build":"193.6494.35","bucket":"0","time":1583019136385,"group":{"id":"plugins.advertiser","version":"1"},"event":{"count":1,"data":{"created":1583019136392},"id":"registered"}}
{"recorder_version":"31","session":"d1340c4ff1ab","build":"193.6494.35","bucket":"0","time":1583019136385,"group":{"id":"editor.notification.panel","version":"1"},"event":{"count":1,"data":{"created":1583019136392},"id":"registered"}}
{"recorder_version":"31","session":"d1340c4ff1ab","build":"193.6494.35","bucket":"0","time":1583019136385,"group":{"id":"kotlin.ide.debugger","version":"2"},"event":{"count":1,"data":{"created":1583019136392},"id":"registered"}}
{"recorder_version":"31","session":"d1340c4ff1ab","build":"193.6494.35","bucket":"0","time":1583019136385,"group":{"id":"tooltip.action.events","version":"1"},"event":{"count":1,"data":{"created":1583019136392},"id":"registered"}}
{"recorder_version":"31","session":"d1340c4ff1ab","build":"193.6494.35","bucket":"0","time":1583019136385,"group":{"id":"completion","version":"2"},"event":{"count":1,"data":{"created":1583019136393},"id":"registered"}}
{"recorder_version":"31","session":"d1340c4ff1ab","build":"193.6494.35","bucket":"0","time":1583019136385,"group":{"id":"indexing","version":"2"},"event":{"count":1,"data":{"created":1583019136393},"id":"registered"}}
{"recorder_version":"31","session":"d1340c4ff1ab","build":"193.6494.35","bucket":"0","time":1583019136385,"group":{"id":"vcs","version":"2"},"event":{"count":1,"data":{"created":1583019136393},"id":"registered"}}
{"recorder_version":"31","session":"d1340c4ff1ab","build":"193.6494.35","bucket":"0","time":1583019136385,"group":{"id":"ui.dialogs","version":"31"},"event":{"count":1,"data":{"created":1583019136393},"id":"registered"}}
{"recorder_version":"31","session":"d1340c4ff1ab","build":"193.6494.35","bucket":"0","time":1583019136385,"group":{"id":"vcs.back.forward.trigger","version":"1"},"event":{"count":1,"data":{"created":1583019136393},"id":"registered"}}
{"recorder_version":"31","session":"d1340c4ff1ab","build":"193.6494.35","bucket":"0","time":1583019136385,"group":{"id":"customize.wizard","version":"1"},"event":{"count":1,"data":{"created":1583019136393},"id":"registered"}}
{"recorder_version":"31","session":"d1340c4ff1ab","build":"193.6494.35","bucket":"0","time":1583019136385,"group":{"id":"ide.update.dialog","version":"1"},"event":{"count":1,"data":{"created":1583019136394},"id":"registered"}}
{"recorder_version":"31","session":"d1340c4ff1ab","build":"193.6494.35","bucket":"0","time":1583019136385,"group":{"id":"toolbar","version":"31"},"event":{"count":1,"data":{"created":1583019136394},"id":"registered"}}
{"recorder_version":"31","session":"d1340c4ff1ab","build":"193.6494.35","bucket":"0","time":1583019136385,"group":{"id":"build.gradle.actions","version":"1"},"event":{"count":1,"data":{"created":1583019136394},"id":"registered"}}
{"recorder_version":"31","session":"d1340c4ff1ab","build":"193.6494.35","bucket":"0","time":1583019136385,"group":{"id":"performance","version":"31"},"event":{"count":1,"data":{"created":1583019136394},"id":"registered"}}
{"recorder_version":"31","session":"d1340c4ff1ab","build":"193.6494.35","bucket":"0","time":1583019136385,"group":{"id":"build","version":"2"},"event":{"count":1,"data":{"created":1583019136394},"id":"registered"}}
{"recorder_version":"31","session":"d1340c4ff1ab","build":"193.6494.35","bucket":"0","time":1583019136385,"group":{"id":"searchEverywhere","version":"3"},"event":{"count":1,"data":{"created":1583019136394},"id":"registered"}}
{"recorder_version":"31","session":"d1340c4ff1ab","build":"193.6494.35","bucket":"0","time":1583019136385,"group":{"id":"kotlin.ide.action.refactoring","version":"1"},"event":{"count":1,"data":{"created":1583019136395},"id":"registered"}}
{"recorder_version":"31","session":"d1340c4ff1ab","build":"193.6494.35","bucket":"0","time":1583019136385,"group":{"id":"ui.tips","version":"3"},"event":{"count":1,"data":{"created":1583019136395},"id":"registered"}}
{"recorder_version":"31","session":"d1340c4ff1ab","build":"193.6494.35","bucket":"0","time":1583019136385,"group":{"id":"surround.with","version":"2"},"event":{"count":1,"data":{"created":1583019136395},"id":"registered"}}
{"recorder_version":"31","session":"d1340c4ff1ab","build":"193.6494.35","bucket":"0","time":1583019136385,"group":{"id":"import.old.config","version":"3"},"event":{"count":1,"data":{"created":1583019136395},"id":"registered"}}
{"recorder_version":"31","session":"d1340c4ff1ab","build":"193.6494.35","bucket":"0","time":1583019136385,"group":{"id":"kotlin.jps.target","version":"3"},"event":{"count":1,"data":{"created":1583019136395},"id":"registered"}}
{"recorder_version":"31","session":"d1340c4ff1ab","build":"193.6494.35","bucket":"0","time":1583019136385,"group":{"id":"completion.postfix","version":"31"},"event":{"count":1,"data":{"created":1583019136395},"id":"registered"}}
{"recorder_version":"31","session":"d1340c4ff1ab","build":"193.6494.35","bucket":"0","time":1583019136385,"group":{"id":"build.maven.packagesearch","version":"2"},"event":{"count":1,"data":{"created":1583019136396},"id":"registered"}}
{"recorder_version":"31","session":"d1340c4ff1ab","build":"193.6494.35","bucket":"0","time":1583019137395,"group":{"id":"lifecycle","version":"31"},"event":{"count":1,"data":{"created":1583019137395,"project":"2b3d6e7429fd7829c3ae684ed46ce12fe83284579cc98ce6bc301d2f349c8052"},"id":"project.opened"}}
{"recorder_version":"31","session":"d1340c4ff1ab","build":"193.6494.35","bucket":"0","time":1583019138018,"group":{"id":"performance","version":"31"},"event":{"count":1,"data":{"duration_ms":1029,"created":1583019138018},"id":"ui.latency"}}
{"recorder_version":"31","session":"d1340c4ff1ab","build":"193.6494.35","bucket":"0","time":1583019138018,"group":{"id":"performance","version":"31"},"event":{"count":1,"data":{"duration_ms":1029,"created":1583019138019},"id":"ui.lagging"}}
{"recorder_version":"31","session":"d1340c4ff1ab","build":"193.6494.35","bucket":"0","time":1583019138749,"group":{"id":"indexing","version":"2"},"event":{"count":1,"data":{"ide_activity_id":1,"created":1583019138749,"project":"2b3d6e7429fd7829c3ae684ed46ce12fe83284579cc98ce6bc301d2f349c8052"},"id":"started"}}
{"recorder_version":"31","session":"d1340c4ff1ab","build":"193.6494.35","bucket":"0","time":1583019138753,"group":{"id":"ui.tips","version":"3"},"event":{"count":1,"data":{"created":1583019138753,"type":"automatically"},"id":"dialog.shown"}}
{"recorder_version":"31","session":"d1340c4ff1ab","build":"193.6494.35","bucket":"0","time":1583019138845,"group":{"id":"ui.tips","version":"3"},"event":{"count":1,"data":{"feature_id":"no.feature.id","filename":"TagNameCompletion.html","created":1583019138845,"plugin_type":"PLATFORM"},"id":"tip.shown"}}
{"recorder_version":"31","session":"d1340c4ff1ab","build":"193.6494.35","bucket":"0","time":1583019138860,"group":{"id":"ui.dialogs","version":"31"},"event":{"count":1,"data":{"created":1583019138860,"plugin_type":"PLATFORM","dialog_class":"com.intellij.ide.util.TipDialog"},"id":"show"}}
{"recorder_version":"31","session":"d1340c4ff1ab","build":"193.6494.35","bucket":"0","time":1583019138998,"group":{"id":"indexing","version":"2"},"event":{"count":1,"data":{"ide_activity_id":1,"stage_class":"com.intellij.util.indexing.UnindexedFilesUpdater","created":1583019138998,"plugin_type":"PLATFORM"},"id":"stage"}}
{"recorder_version":"31","session":"d1340c4ff1ab","build":"193.6494.35","bucket":"0","time":1583019139023,"group":{"id":"toolwindow","version":"31"},"event":{"count":1,"data":{"ViewMode":"Dock_Pinned","created":1583019139024,"plugin_type":"PLATFORM","id":"Project","Location":"Left_Top"},"id":"activated"}}
{"recorder_version":"31","session":"d1340c4ff1ab","build":"193.6494.35","bucket":"0","time":1583019139139,"group":{"id":"performance","version":"31"},"event":{"count":1,"data":{"duration_ms":150,"created":1583019139139},"id":"ui.lagging"}}
{"recorder_version":"31","session":"d1340c4ff1ab","build":"193.6494.35","bucket":"0","time":1583019139187,"group":{"id":"project.fs","version":"1"},"event":{"state":true,"data":{"os":"Windows","cs-project":false,"created":1583019139187,"project":"2b3d6e7429fd7829c3ae684ed46ce12fe83284579cc98ce6bc301d2f349c8052","cs-implicit":true,"cs-system":false},"id":"case-sensitivity"}}
{"recorder_version":"31","session":"d1340c4ff1ab","build":"193.6494.35","bucket":"0","time":1583019139187,"group":{"id":"project.fs","version":"1"},"event":{"state":true,"data":{"created":1583019139187},"id":"invoked"}}
{"recorder_version":"31","session":"d1340c4ff1ab","build":"193.6494.35","bucket":"0","time":1583019139188,"group":{"id":"project.fs","version":"1"},"event":{"state":true,"data":{"pct-non-watched":0,"created":1583019139195,"project":"2b3d6e7429fd7829c3ae684ed46ce12fe83284579cc98ce6bc301d2f349c8052"},"id":"roots-watched"}}
{"recorder_version":"31","session":"d1340c4ff1ab","build":"193.6494.35","bucket":"0","time":1583019139188,"group":{"id":"project.fs","version":"1"},"event":{"state":true,"data":{"created":1583019139195},"id":"invoked"}}
{"recorder_version":"31","session":"d1340c4ff1ab","build":"193.6494.35","bucket":"0","time":1583019139306,"group":{"id":"ui.dialogs","version":"31"},"event":{"count":1,"data":{"code":1,"created":1583019139307,"plugin_type":"PLATFORM","dialog_class":"com.intellij.openapi.progress.util.ProgressDialog$MyDialogWrapper"},"id":"close"}}
{"recorder_version":"31","session":"d1340c4ff1ab","build":"193.6494.35","bucket":"0","time":1583019139428,"group":{"id":"lifecycle","version":"31"},"event":{"count":1,"data":{"duration_ms":4476,"created":1583019139429,"project":"2b3d6e7429fd7829c3ae684ed46ce12fe83284579cc98ce6bc301d2f349c8052"},"id":"project.opening.finished"}}
{"recorder_version":"31","session":"d1340c4ff1ab","build":"193.6494.35","bucket":"0","time":1583019140496,"group":{"id":"ui.dialogs","version":"31"},"event":{"count":1,"data":{"code":1,"created":1583019140496,"plugin_type":"PLATFORM","dialog_class":"com.intellij.ide.util.TipDialog"},"id":"close"}}
{"recorder_version":"31","session":"d1340c4ff1ab","build":"193.6494.35","bucket":"0","time":1583019142012,"group":{"id":"indexing","version":"2"},"event":{"count":1,"data":{"duration_ms":3263,"ide_activity_id":1,"created":1583019142012},"id":"finished"}}
{"recorder_version":"31","session":"d1340c4ff1ab","build":"193.6494.35","bucket":"0","time":1583019142128,"group":{"id":"indexing","version":"2"},"event":{"count":1,"data":{"ide_activity_id":2,"created":1583019142128,"project":"2b3d6e7429fd7829c3ae684ed46ce12fe83284579cc98ce6bc301d2f349c8052"},"id":"started"}}
{"recorder_version":"31","session":"d1340c4ff1ab","build":"193.6494.35","bucket":"0","time":1583019142137,"group":{"id":"indexing","version":"2"},"event":{"count":1,"data":{"ide_activity_id":2,"plugin":"org.jetbrains.android","stage_class":"com.android.tools.idea.res.ResourceFolderRepositoryFileCacheImpl$PruneTask","created":1583019142137,"plugin_type":"JB_BUNDLED"},"id":"stage"}}
{"recorder_version":"31","session":"d1340c4ff1ab","build":"193.6494.35","bucket":"0","time":1583019142159,"group":{"id":"indexing","version":"2"},"event":{"count":1,"data":{"ide_activity_id":2,"plugin":"org.jetbrains.android","stage_class":"com.android.tools.idea.res.ResourceFolderRepositoryFileCacheImpl$ManageLruProjectFilesTask","created":1583019142160,"plugin_type":"JB_BUNDLED"},"id":"stage"}}
{"recorder_version":"31","session":"d1340c4ff1ab","build":"193.6494.35","bucket":"0","time":1583019142201,"group":{"id":"indexing","version":"2"},"event":{"count":1,"data":{"duration_ms":73,"ide_activity_id":2,"created":1583019142201},"id":"finished"}}
{"recorder_version":"31","session":"d1340c4ff1ab","build":"193.6494.35","bucket":"0","time":1583019142214,"group":{"id":"indexing","version":"2"},"event":{"count":1,"data":{"ide_activity_id":3,"created":1583019142214,"project":"2b3d6e7429fd7829c3ae684ed46ce12fe83284579cc98ce6bc301d2f349c8052"},"id":"started"}}
{"recorder_version":"31","session":"d1340c4ff1ab","build":"193.6494.35","bucket":"0","time":1583019142218,"group":{"id":"indexing","version":"2"},"event":{"count":1,"data":{"ide_activity_id":3,"plugin":"org.jetbrains.android","stage_class":"com.android.tools.idea.res.ResourceFolderRegistry$PopulateCachesTask","created":1583019142218,"plugin_type":"JB_BUNDLED"},"id":"stage"}}
{"recorder_version":"31","session":"d1340c4ff1ab","build":"193.6494.35","bucket":"0","time":1583019142219,"group":{"id":"indexing","version":"2"},"event":{"count":1,"data":{"duration_ms":5,"ide_activity_id":3,"created":1583019142220},"id":"finished"}}
{"recorder_version":"31","session":"d1340c4ff1ab","build":"193.6494.35","bucket":"0","time":1583019150053,"group":{"id":"startup","version":"1"},"event":{"count":1,"data":{"duration":5408,"created":1583019150053},"id":"appInit"}}
{"recorder_version":"31","session":"d1340c4ff1ab","build":"193.6494.35","bucket":"0","time":1583019150053,"group":{"id":"startup","version":"1"},"event":{"count":1,"data":{"duration":638,"created":1583019150054},"id":"splash"}}
{"recorder_version":"31","session":"d1340c4ff1ab","build":"193.6494.35","bucket":"0","time":1583019150054,"group":{"id":"startup","version":"1"},"event":{"count":1,"data":{"duration":411,"created":1583019150054},"id":"bootstrap"}}
{"recorder_version":"31","session":"d1340c4ff1ab","build":"193.6494.35","bucket":"0","time":1583019150054,"group":{"id":"startup","version":"1"},"event":{"count":1,"data":{"duration":308768,"created":1583019150054},"id":"totalDuration"}}
{"recorder_version":"31","session":"d1340c4ff1ab","build":"193.6494.35","bucket":"0","time":1583019160427,"group":{"id":"ui.dialogs","version":"31"},"event":{"count":1,"data":{"created":1583019160427,"plugin_type":"PLATFORM","dialog_class":"com.intellij.openapi.options.newEditor.SettingsDialog"},"id":"show"}}
{"recorder_version":"31","session":"d1340c4ff1ab","build":"193.6494.35","bucket":"0","time":1583019163225,"group":{"id":"ui.dialogs","version":"31"},"event":{"count":1,"data":{"code":1,"created":1583019163225,"plugin_type":"PLATFORM","dialog_class":"com.intellij.openapi.options.newEditor.SettingsDialog"},"id":"close"}}
{"recorder_version":"31","session":"d1340c4ff1ab","build":"193.6494.35","bucket":"0","time":1583019172379,"group":{"id":"actions","version":"31"},"event":{"count":1,"data":{"context_menu":true,"action_id":"com.intellij.diagnostic.WindowsDefenderChecker$2","created":1583019172379,"plugin_type":"PLATFORM","project":"2b3d6e7429fd7829c3ae684ed46ce12fe83284579cc98ce6bc301d2f349c8052","place":"unknown","class":"com.intellij.diagnostic.WindowsDefenderChecker$2","input_event":"MouseLeft"},"id":"action.invoked"}}
{"recorder_version":"31","session":"d1340c4ff1ab","build":"193.6494.35","bucket":"0","time":1583019185210,"group":{"id":"lifecycle","version":"31"},"event":{"count":1,"data":{"created":1583019185210,"project":"2b3d6e7429fd7829c3ae684ed46ce12fe83284579cc98ce6bc301d2f349c8052"},"id":"frame.deactivated"}}
{"recorder_version":"31","session":"d1340c4ff1ab","build":"193.6494.35","bucket":"0","time":1583019187224,"group":{"id":"performance","version":"31"},"event":{"count":1,"data":{"duration_ms":166,"created":1583019187225},"id":"ui.lagging"}}
{"recorder_version":"31","session":"d1340c4ff1ab","build":"193.6494.35","bucket":"0","time":1583019189280,"group":{"id":"lifecycle","version":"31"},"event":{"count":1,"data":{"created":1583019189280,"project":"2b3d6e7429fd7829c3ae684ed46ce12fe83284579cc98ce6bc301d2f349c8052"},"id":"frame.activated"}}
{"recorder_version":"31","session":"d1340c4ff1ab","build":"193.6494.35","bucket":"0","time":1583019193287,"group":{"id":"lifecycle","version":"31"},"event":{"count":1,"data":{"created":1583019193287,"project":"2b3d6e7429fd7829c3ae684ed46ce12fe83284579cc98ce6bc301d2f349c8052"},"id":"frame.deactivated"}}
{"recorder_version":"31","session":"d1340c4ff1ab","build":"193.6494.35","bucket":"0","time":1583019238113,"group":{"id":"performance","version":"31"},"event":{"count":1,"data":{"duration_ms":0,"created":1583019238113},"id":"ui.latency"}}
{"recorder_version":"31","session":"d1340c4ff1ab","build":"193.6494.35","bucket":"0","time":1583019244654,"group":{"id":"lifecycle","version":"31"},"event":{"count":1,"data":{"created":1583019244654,"project":"2b3d6e7429fd7829c3ae684ed46ce12fe83284579cc98ce6bc301d2f349c8052"},"id":"frame.activated"}}
{"recorder_version":"31","session":"d1340c4ff1ab","build":"193.6494.35","bucket":"0","time":1583019257714,"group":{"id":"lifecycle","version":"31"},"event":{"count":1,"data":{"created":1583019257715,"project":"2b3d6e7429fd7829c3ae684ed46ce12fe83284579cc98ce6bc301d2f349c8052"},"id":"frame.deactivated"}}
{"recorder_version":"31","session":"d1340c4ff1ab","build":"193.6494.35","bucket":"0","time":1583019276907,"group":{"id":"lifecycle","version":"31"},"event":{"count":1,"data":{"created":1583019276907,"project":"2b3d6e7429fd7829c3ae684ed46ce12fe83284579cc98ce6bc301d2f349c8052"},"id":"frame.activated"}}
{"recorder_version":"31","session":"d1340c4ff1ab","build":"193.6494.35","bucket":"0","time":1583019278129,"group":{"id":"lifecycle","version":"31"},"event":{"count":1,"data":{"created":1583019278129,"project":"2b3d6e7429fd7829c3ae684ed46ce12fe83284579cc98ce6bc301d2f349c8052"},"id":"frame.deactivated"}}
{"recorder_version":"31","session":"d1340c4ff1ab","build":"193.6494.35","bucket":"0","time":1583019338229,"group":{"id":"performance","version":"31"},"event":{"count":1,"data":{"duration_ms":0,"created":1583019338229},"id":"ui.latency"}}
{"recorder_version":"31","session":"d1340c4ff1ab","build":"193.6494.35","bucket":"0","time":1583019438341,"group":{"id":"performance","version":"31"},"event":{"count":1,"data":{"duration_ms":0,"created":1583019438342},"id":"ui.latency"}}
{"recorder_version":"31","session":"d1340c4ff1ab","build":"193.6494.35","bucket":"0","time":1583019538456,"group":{"id":"performance","version":"31"},"event":{"count":1,"data":{"duration_ms":0,"created":1583019538456},"id":"ui.latency"}}
{"recorder_version":"31","session":"d1340c4ff1ab","build":"193.6494.35","bucket":"0","time":1583019575842,"group":{"id":"lifecycle","version":"31"},"event":{"count":1,"data":{"created":1583019575842,"project":"2b3d6e7429fd7829c3ae684ed46ce12fe83284579cc98ce6bc301d2f349c8052"},"id":"frame.activated"}}
{"recorder_version":"31","session":"d1340c4ff1ab","build":"193.6494.35","bucket":"0","time":1583019578033,"group":{"id":"actions","version":"31"},"event":{"count":1,"data":{"context_menu":true,"action_id":"third.party","created":1583019578033,"plugin_type":"NOT_LISTED","project":"2b3d6e7429fd7829c3ae684ed46ce12fe83284579cc98ce6bc301d2f349c8052","place":"MainMenu","class":"third.party","input_event":"MouseLeft"},"id":"action.invoked"}}
{"recorder_version":"31","session":"d1340c4ff1ab","build":"193.6494.35","bucket":"0","time":1583019578049,"group":{"id":"ui.dialogs","version":"31"},"event":{"count":1,"data":{"created":1583019578049,"plugin_type":"PLATFORM","dialog_class":"com.intellij.openapi.fileChooser.ex.FileChooserDialogImpl"},"id":"show"}}
{"recorder_version":"31","session":"d1340c4ff1ab","build":"193.6494.35","bucket":"0","time":1583019580773,"group":{"id":"lifecycle","version":"31"},"event":{"count":1,"data":{"created":1583019580774,"project":"2b3d6e7429fd7829c3ae684ed46ce12fe83284579cc98ce6bc301d2f349c8052"},"id":"frame.deactivated"}}
{"recorder_version":"31","session":"d1340c4ff1ab","build":"193.6494.35","bucket":"0","time":1583019584763,"group":{"id":"lifecycle","version":"31"},"event":{"count":1,"data":{"created":1583019584763,"project":"2b3d6e7429fd7829c3ae684ed46ce12fe83284579cc98ce6bc301d2f349c8052"},"id":"frame.activated"}}
{"recorder_version":"31","session":"d1340c4ff1ab","build":"193.6494.35","bucket":"0","time":1583019586007,"group":{"id":"lifecycle","version":"31"},"event":{"count":1,"data":{"created":1583019586007,"project":"2b3d6e7429fd7829c3ae684ed46ce12fe83284579cc98ce6bc301d2f349c8052"},"id":"frame.deactivated"}}
{"recorder_version":"31","session":"d1340c4ff1ab","build":"193.6494.35","bucket":"0","time":1583019587275,"group":{"id":"lifecycle","version":"31"},"event":{"count":1,"data":{"created":1583019587275,"project":"2b3d6e7429fd7829c3ae684ed46ce12fe83284579cc98ce6bc301d2f349c8052"},"id":"frame.activated"}}
{"recorder_version":"31","session":"d1340c4ff1ab","build":"193.6494.35","bucket":"0","time":1583019588038,"group":{"id":"lifecycle","version":"31"},"event":{"count":1,"data":{"created":1583019588038,"project":"2b3d6e7429fd7829c3ae684ed46ce12fe83284579cc98ce6bc301d2f349c8052"},"id":"frame.deactivated"}}
{"recorder_version":"31","session":"d1340c4ff1ab","build":"193.6494.35","bucket":"0","time":1583019624313,"group":{"id":"lifecycle","version":"31"},"event":{"count":1,"data":{"created":1583019624313,"project":"2b3d6e7429fd7829c3ae684ed46ce12fe83284579cc98ce6bc301d2f349c8052"},"id":"frame.activated"}}
{"recorder_version":"31","session":"d1340c4ff1ab","build":"193.6494.35","bucket":"0","time":1583019632960,"group":{"id":"ui.dialogs","version":"31"},"event":{"count":1,"data":{"code":0,"created":1583019632961,"plugin_type":"PLATFORM","dialog_class":"com.intellij.openapi.fileChooser.ex.FileChooserDialogImpl"},"id":"close"}}
{"recorder_version":"31","session":"d1340c4ff1ab","build":"193.6494.35","bucket":"0","time":1583019633055,"group":{"id":"ui.dialogs","version":"31"},"event":{"count":1,"data":{"created":1583019633056,"plugin_type":"PLATFORM","dialog_class":"com.intellij.openapi.ui.messages.MessageDialog"},"id":"show"}}
{"recorder_version":"31","session":"d1340c4ff1ab","build":"193.6494.35","bucket":"0","time":1583019638574,"group":{"id":"performance","version":"31"},"event":{"count":1,"data":{"duration_ms":0,"created":1583019638574},"id":"ui.latency"}}
{"recorder_version":"31","session":"d1340c4ff1ab","build":"193.6494.35","bucket":"0","time":1583019644828,"group":{"id":"lifecycle","version":"31"},"event":{"count":1,"data":{"created":1583019644828,"project":"2b3d6e7429fd7829c3ae684ed46ce12fe83284579cc98ce6bc301d2f349c8052"},"id":"frame.deactivated"}}
{"recorder_version":"31","session":"d1340c4ff1ab","build":"193.6494.35","bucket":"0","time":1583019735575,"group":{"id":"lifecycle","version":"31"},"event":{"count":1,"data":{"created":1583019735575,"project":"2b3d6e7429fd7829c3ae684ed46ce12fe83284579cc98ce6bc301d2f349c8052"},"id":"frame.activated"}}
{"recorder_version":"31","session":"d1340c4ff1ab","build":"193.6494.35","bucket":"0","time":1583019736436,"group":{"id":"os.linux.wm","version":"2"},"event":{"state":true,"data":{"created":1583019736436},"id":"invoked"}}
{"recorder_version":"31","session":"d1340c4ff1ab","build":"193.6494.35","bucket":"0","time":1583019736468,"group":{"id":"vcs.diff","version":"2"},"event":{"state":true,"data":{"created":1583019736468},"id":"invoked"}}
{"recorder_version":"31","session":"d1340c4ff1ab","build":"193.6494.35","bucket":"0","time":1583019736468,"group":{"id":"keymaps.name","version":"2"},"event":{"state":true,"data":{"created":1583019736468,"keymap_name":"$default"},"id":"ide.keymap"}}
{"recorder_version":"31","session":"d1340c4ff1ab","build":"193.6494.35","bucket":"0","time":1583019736468,"group":{"id":"keymaps.name","version":"2"},"event":{"state":true,"data":{"created":1583019736468},"id":"invoked"}}
{"recorder_version":"31","session":"d1340c4ff1ab","build":"193.6494.35","bucket":"0","time":1583019736469,"group":{"id":"vcs.log.index.application","version":"2"},"event":{"state":true,"data":{"created":1583019736470},"id":"invoked"}}
{"recorder_version":"31","session":"d1340c4ff1ab","build":"193.6494.35","bucket":"0","time":1583019736481,"group":{"id":"java.refactoring.settings","version":"1"},"event":{"state":true,"data":{"created":1583019736481},"id":"invoked"}}
{"recorder_version":"31","session":"d1340c4ff1ab","build":"193.6494.35","bucket":"0","time":1583019736481,"group":{"id":"ui.editor.color.schemes","version":"3"},"event":{"state":true,"data":{"scheme":"Default","created":1583019736481,"is_dark":false},"id":"enabled.color.scheme"}}
{"recorder_version":"31","session":"d1340c4ff1ab","build":"193.6494.35","bucket":"0","time":1583019736481,"group":{"id":"ui.editor.color.schemes","version":"3"},"event":{"state":true,"data":{"created":1583019736481},"id":"invoked"}}
{"recorder_version":"31","session":"d1340c4ff1ab","build":"193.6494.35","bucket":"0","time":1583019736485,"group":{"id":"platform.registry","version":"1"},"event":{"state":true,"data":{"created":1583019736485,"plugin_type":"PLATFORM","id":"show.create.new.element.in.popup"},"id":"experiment"}}
{"recorder_version":"31","session":"d1340c4ff1ab","build":"193.6494.35","bucket":"0","time":1583019736485,"group":{"id":"platform.registry","version":"1"},"event":{"state":true,"data":{"created":1583019736485,"plugin_type":"PLATFORM","id":"wsl.p9.support"},"id":"experiment"}}
{"recorder_version":"31","session":"d1340c4ff1ab","build":"193.6494.35","bucket":"0","time":1583019736485,"group":{"id":"platform.registry","version":"1"},"event":{"state":true,"data":{"created":1583019736486,"plugin_type":"PLATFORM","id":"inline.browse.button"},"id":"experiment"}}
{"recorder_version":"31","session":"d1340c4ff1ab","build":"193.6494.35","bucket":"0","time":1583019736485,"group":{"id":"platform.registry","version":"1"},"event":{"state":true,"data":{"created":1583019736486,"plugin_type":"PLATFORM","id":"recent.and.edited.files.together"},"id":"experiment"}}
{"recorder_version":"31","session":"d1340c4ff1ab","build":"193.6494.35","bucket":"0","time":1583019736485,"group":{"id":"platform.registry","version":"1"},"event":{"state":true,"data":{"created":1583019736486,"plugin_type":"PLATFORM","id":"copy.reference.popup"},"id":"experiment"}}
{"recorder_version":"31","session":"d1340c4ff1ab","build":"193.6494.35","bucket":"0","time":1583019736485,"group":{"id":"platform.registry","version":"1"},"event":{"state":true,"data":{"created":1583019736486,"id":"java.completion.argument.hints.internal"},"id":"registry"}}
{"recorder_version":"31","session":"d1340c4ff1ab","build":"193.6494.35","bucket":"0","time":1583019736485,"group":{"id":"platform.registry","version":"1"},"event":{"state":true,"data":{"created":1583019736487,"plugin_type":"PLATFORM","id":"new.large.text.file.viewer"},"id":"experiment"}}
{"recorder_version":"31","session":"d1340c4ff1ab","build":"193.6494.35","bucket":"0","time":1583019736485,"group":{"id":"platform.registry","version":"1"},"event":{"state":true,"data":{"created":1583019736487,"plugin_type":"PLATFORM","id":"linux.native.menu"},"id":"experiment"}}
{"recorder_version":"31","session":"d1340c4ff1ab","build":"193.6494.35","bucket":"0","time":1583019736485,"group":{"id":"platform.registry","version":"1"},"event":{"state":true,"data":{"created":1583019736487,"plugin_type":"PLATFORM","id":"property.value.inplace.editing"},"id":"experiment"}}
{"recorder_version":"31","session":"d1340c4ff1ab","build":"193.6494.35","bucket":"0","time":1583019736485,"group":{"id":"platform.registry","version":"1"},"event":{"state":true,"data":{"created":1583019736488,"plugin_type":"PLATFORM","id":"wsl.p9.show.roots.in.file.chooser"},"id":"experiment"}}
{"recorder_version":"31","session":"d1340c4ff1ab","build":"193.6494.35","bucket":"0","time":1583019736485,"group":{"id":"platform.registry","version":"1"},"event":{"state":true,"data":{"created":1583019736488},"id":"invoked"}}
{"recorder_version":"31","session":"d1340c4ff1ab","build":"193.6494.35","bucket":"0","time":1583019736488,"group":{"id":"ui.info.features","version":"3"},"event":{"state":true,"data":{"created":1583019736488,"value":"hidden"},"id":"Toolbar"}}
{"recorder_version":"31","session":"d1340c4ff1ab","build":"193.6494.35","bucket":"0","time":1583019736488,"group":{"id":"ui.info.features","version":"3"},"event":{"state":true,"data":{"created":1583019736488,"enabled":true},"id":"Show.tips.on.startup"}}
{"recorder_version":"31","session":"d1340c4ff1ab","build":"193.6494.35","bucket":"0","time":1583019736488,"group":{"id":"ui.info.features","version":"3"},"event":{"state":true,"data":{"created":1583019736489,"value":"IntelliJ"},"id":"Look.and.Feel"}}
{"recorder_version":"31","session":"d1340c4ff1ab","build":"193.6494.35","bucket":"0","time":1583019736488,"group":{"id":"ui.info.features","version":"3"},"event":{"state":true,"data":{"created":1583019736489,"value":"hidden"},"id":"Tool.Window.buttons"}}
{"recorder_version":"31","session":"d1340c4ff1ab","build":"193.6494.35","bucket":"0","time":1583019736488,"group":{"id":"ui.info.features","version":"3"},"event":{"state":true,"data":{"created":1583019736489,"enabled":false},"id":"Retina"}}
{"recorder_version":"31","session":"d1340c4ff1ab","build":"193.6494.35","bucket":"0","time":1583019736488,"group":{"id":"ui.info.features","version":"3"},"event":{"state":true,"data":{"created":1583019736489,"value":"Top"},"id":"Tabs"}}
{"recorder_version":"31","session":"d1340c4ff1ab","build":"193.6494.35","bucket":"0","time":1583019736488,"group":{"id":"ui.info.features","version":"3"},"event":{"state":true,"data":{"created":1583019736489,"enabled":true},"id":"Hide.Editor.Tabs.If.Needed"}}
{"recorder_version":"31","session":"d1340c4ff1ab","build":"193.6494.35","bucket":"0","time":1583019736488,"group":{"id":"ui.info.features","version":"3"},"event":{"state":true,"data":{"created":1583019736490,"enabled":true},"id":"Show.Editor.Tabs.In.Single.Row"}}
{"recorder_version":"31","session":"d1340c4ff1ab","build":"193.6494.35","bucket":"0","time":1583019736488,"group":{"id":"ui.info.features","version":"3"},"event":{"state":true,"data":{"toolbar":"hidden","navbar":"visible","created":1583019736490},"id":"Toolbar.and.NavBar"}}
{"recorder_version":"31","session":"d1340c4ff1ab","build":"193.6494.35","bucket":"0","time":1583019736488,"group":{"id":"ui.info.features","version":"3"},"event":{"state":true,"data":{"created":1583019736490,"enabled":false},"id":"Block.cursor"}}
{"recorder_version":"31","session":"d1340c4ff1ab","build":"193.6494.35","bucket":"0","time":1583019736488,"group":{"id":"ui.info.features","version":"3"},"event":{"state":true,"data":{"created":1583019736490,"enabled":false},"id":"Screen.Reader"}}
{"recorder_version":"31","session":"d1340c4ff1ab","build":"193.6494.35","bucket":"0","time":1583019736488,"group":{"id":"ui.info.features","version":"3"},"event":{"state":true,"data":{"created":1583019736491,"scale_mode":false,"scale":1.25},"id":"Screen.Scale"}}
{"recorder_version":"31","session":"d1340c4ff1ab","build":"193.6494.35","bucket":"0","time":1583019736488,"group":{"id":"ui.info.features","version":"3"},"event":{"state":true,"data":{"created":1583019736491,"enabled":false},"id":"QuickDoc.Show.Toolwindow"}}
{"recorder_version":"31","session":"d1340c4ff1ab","build":"193.6494.35","bucket":"0","time":1583019736488,"group":{"id":"ui.info.features","version":"3"},"event":{"state":true,"data":{"grouped":"[30_50]","created":1583019736491,"count":50},"id":"Recent.files.limit"}}
{"recorder_version":"31","session":"d1340c4ff1ab","build":"193.6494.35","bucket":"0","time":1583019736488,"group":{"id":"ui.info.features","version":"3"},"event":{"state":true,"data":{"created":1583019736492,"value":"visible"},"id":"Status.bar"}}
{"recorder_version":"31","session":"d1340c4ff1ab","build":"193.6494.35","bucket":"0","time":1583019736488,"group":{"id":"ui.info.features","version":"3"},"event":{"state":true,"data":{"created":1583019736492,"enabled":true},"id":"QuickDoc.AutoUpdate"}}
{"recorder_version":"31","session":"d1340c4ff1ab","build":"193.6494.35","bucket":"0","time":1583019736488,"group":{"id":"ui.info.features","version":"3"},"event":{"state":true,"data":{"created":1583019736492,"value":"visible"},"id":"Nav.Bar"}}
{"recorder_version":"31","session":"d1340c4ff1ab","build":"193.6494.35","bucket":"0","time":1583019736488,"group":{"id":"ui.info.features","version":"3"},"event":{"state":true,"data":{"created":1583019736492,"enabled":true},"id":"Gutter.Icons"}}
{"recorder_version":"31","session":"d1340c4ff1ab","build":"193.6494.35","bucket":"0","time":1583019736488,"group":{"id":"ui.info.features","version":"3"},"event":{"state":true,"data":{"created":1583019736493,"enabled":true},"id":"Line.Numbers"}}
{"recorder_version":"31","session":"d1340c4ff1ab","build":"193.6494.35","bucket":"0","time":1583019736488,"group":{"id":"ui.info.features","version":"3"},"event":{"state":true,"data":{"created":1583019736493,"value":"per_monitor_dpi"},"id":"Hidpi.Mode"}}
{"recorder_version":"31","session":"d1340c4ff1ab","build":"193.6494.35","bucket":"0","time":1583019736488,"group":{"id":"ui.info.features","version":"3"},"event":{"state":true,"data":{"created":1583019736493,"enabled":true},"id":"Allow.merging.buttons"}}
{"recorder_version":"31","session":"d1340c4ff1ab","build":"193.6494.35","bucket":"0","time":1583019736488,"group":{"id":"ui.info.features","version":"3"},"event":{"state":true,"data":{"created":1583019736493,"enabled":false},"id":"Soft.Wraps"}}
{"recorder_version":"31","session":"d1340c4ff1ab","build":"193.6494.35","bucket":"0","time":1583019736488,"group":{"id":"ui.info.features","version":"3"},"event":{"state":true,"data":{"created":1583019736493},"id":"invoked"}}
{"recorder_version":"31","session":"d1340c4ff1ab","build":"193.6494.35","bucket":"0","time":1583019736488,"group":{"id":"ui.fonts","version":"2"},"event":{"state":true,"data":{"created":1583019736494,"font_size":12,"font_name":"Segoe_UI"},"id":"UI"}}
{"recorder_version":"31","session":"d1340c4ff1ab","build":"193.6494.35","bucket":"0","time":1583019736488,"group":{"id":"ui.fonts","version":"2"},"event":{"state":true,"data":{"created":1583019736494,"font_size":24},"id":"Presentation.mode"}}
{"recorder_version":"31","session":"d1340c4ff1ab","build":"193.6494.35","bucket":"0","time":1583019736488,"group":{"id":"ui.fonts","version":"2"},"event":{"state":true,"data":{"created":1583019736494,"font_size":13,"font_name":"Consolas"},"id":"IDE.editor"}}
{"recorder_version":"31","session":"d1340c4ff1ab","build":"193.6494.35","bucket":"0","time":1583019736488,"group":{"id":"ui.fonts","version":"2"},"event":{"state":true,"data":{"created":1583019736494,"value":1.2},"id":"editor.lineSpacing"}}
{"recorder_version":"31","session":"d1340c4ff1ab","build":"193.6494.35","bucket":"0","time":1583019736488,"group":{"id":"ui.fonts","version":"2"},"event":{"state":true,"data":{"created":1583019736495},"id":"invoked"}}
{"recorder_version":"31","session":"d1340c4ff1ab","build":"193.6494.35","bucket":"0","time":1583019736490,"group":{"id":"user.advanced.info","version":"2"},"event":{"state":true,"data":{"created":1583019736495,"value":"release"},"id":"build"}}
{"recorder_version":"31","session":"d1340c4ff1ab","build":"193.6494.35","bucket":"0","time":1583019736490,"group":{"id":"user.advanced.info","version":"2"},"event":{"state":true,"data":{"created":1583019736495},"id":"release"}}
{"recorder_version":"31","session":"d1340c4ff1ab","build":"193.6494.35","bucket":"0","time":1583019736490,"group":{"id":"user.advanced.info","version":"2"},"event":{"state":true,"data":{"created":1583019736495},"id":"invoked"}}
{"recorder_version":"31","session":"d1340c4ff1ab","build":"193.6494.35","bucket":"0","time":1583019736490,"group":{"id":"vcs.application.configuration","version":"1"},"event":{"state":true,"data":{"created":1583019736495},"id":"invoked"}}
{"recorder_version":"31","session":"d1340c4ff1ab","build":"193.6494.35","bucket":"0","time":1583019736494,"group":{"id":"system.runtime","version":"2"},"event":{"state":true,"data":{"created":1583019736496,"name":"G1_Old_Generation"},"id":"garbage.collector"}}
{"recorder_version":"31","session":"d1340c4ff1ab","build":"193.6494.35","bucket":"0","time":1583019736494,"group":{"id":"system.runtime","version":"2"},"event":{"state":true,"data":{"created":1583019736496,"name":"Xmx","value":512},"id":"jvm.option"}}
{"recorder_version":"31","session":"d1340c4ff1ab","build":"193.6494.35","bucket":"0","time":1583019736494,"group":{"id":"system.runtime","version":"2"},"event":{"state":true,"data":{"vendor":"JetBrains","created":1583019736496,"bit":"64","version":"1.11"},"id":"jvm"}}
{"recorder_version":"31","session":"d1340c4ff1ab","build":"193.6494.35","bucket":"0","time":1583019736494,"group":{"id":"system.runtime","version":"2"},"event":{"state":true,"data":{"created":1583019736496,"name":"G1_Young_Generation"},"id":"garbage.collector"}}
{"recorder_version":"31","session":"d1340c4ff1ab","build":"193.6494.35","bucket":"0","time":1583019736494,"group":{"id":"system.runtime","version":"2"},"event":{"state":true,"data":{"created":1583019736497,"value":8},"id":"cores"}}
{"recorder_version":"31","session":"d1340c4ff1ab","build":"193.6494.35","bucket":"0","time":1583019736494,"group":{"id":"system.runtime","version":"2"},"event":{"state":true,"data":{"created":1583019736497,"name":"Xms","value":256},"id":"jvm.option"}}
{"recorder_version":"31","session":"d1340c4ff1ab","build":"193.6494.35","bucket":"0","time":1583019736494,"group":{"id":"system.runtime","version":"2"},"event":{"state":true,"data":{"created":1583019736497},"id":"invoked"}}
{"recorder_version":"31","session":"d1340c4ff1ab","build":"193.6494.35","bucket":"0","time":1583019736524,"group":{"id":"editor.settings.ide","version":"3"},"event":{"state":true,"data":{"created":1583019736524,"enabled":true},"id":"completionHints"}}
{"recorder_version":"31","session":"d1340c4ff1ab","build":"193.6494.35","bucket":"0","time":1583019736524,"group":{"id":"editor.settings.ide","version":"3"},"event":{"state":true,"data":{"created":1583019736524},"id":"invoked"}}
{"recorder_version":"31","session":"d1340c4ff1ab","build":"193.6494.35","bucket":"0","time":1583019736544,"group":{"id":"vcs.github","version":"2"},"event":{"state":true,"data":{"has_enterprise":false,"created":1583019736544,"count":0},"id":"accounts"}}
{"recorder_version":"31","session":"d1340c4ff1ab","build":"193.6494.35","bucket":"0","time":1583019736544,"group":{"id":"vcs.github","version":"2"},"event":{"state":true,"data":{"created":1583019736544},"id":"invoked"}}
{"recorder_version":"31","session":"d1340c4ff1ab","build":"193.6494.35","bucket":"0","time":1583019736544,"group":{"id":"platform.installer","version":"1"},"event":{"state":true,"data":{"created":1583019736544,"value":"IDE"},"id":"Update_Manager"}}
{"recorder_version":"31","session":"d1340c4ff1ab","build":"193.6494.35","bucket":"0","time":1583019736544,"group":{"id":"platform.installer","version":"1"},"event":{"state":true,"data":{"created":1583019736544},"id":"invoked"}}
{"recorder_version":"31","session":"d1340c4ff1ab","build":"193.6494.35","bucket":"0","time":1583019736548,"group":{"id":"debugger.settings.ide","version":"2"},"event":{"state":true,"data":{"created":1583019736548},"id":"invoked"}}
{"recorder_version":"31","session":"d1340c4ff1ab","build":"193.6494.35","bucket":"0","time":1583019736548,"group":{"id":"plugins","version":"1"},"event":{"state":true,"data":{"created":1583019736548,"plugin_type":"NOT_LISTED"},"id":"enabled.not.bundled.plugin"}}
{"recorder_version":"31","session":"d1340c4ff1ab","build":"193.6494.35","bucket":"0","time":1583019736548,"group":{"id":"plugins","version":"1"},"event":{"state":true,"data":{"created":1583019736548},"id":"invoked"}}
{"recorder_version":"31","session":"d1340c4ff1ab","build":"193.6494.35","bucket":"0","time":1583019737357,"group":{"id":"ui.dialogs","version":"31"},"event":{"count":1,"data":{"created":1583019737358,"plugin_type":"PLATFORM","dialog_class":"com.intellij.openapi.ui.messages.MessageDialog"},"id":"show"}}
{"recorder_version":"31","session":"d1340c4ff1ab","build":"193.6494.35","bucket":"0","time":1583019738708,"group":{"id":"lifecycle","version":"31"},"event":{"count":1,"data":{"restart":false,"created":1583019738708},"id":"ide.close"}}
{"recorder_version":"31","session":"d1340c4ff1ab","build":"193.6494.35","bucket":"0","time":1583019738718,"group":{"id":"performance","version":"31"},"event":{"count":1,"data":{"duration_ms":8,"created":1583019738718},"id":"ui.latency"}}
{"recorder_version":"31","session":"d1340c4ff1ab","build":"193.6494.35","bucket":"0","time":1583019739061,"group":{"id":"lifecycle","version":"31"},"event":{"count":1,"data":{"created":1583019739061,"project":"2b3d6e7429fd7829c3ae684ed46ce12fe83284579cc98ce6bc301d2f349c8052"},"id":"project.closed"}}
