{"recorder_version":"31","session":"6ca411363427","build":"193.6494.35","bucket":"0","time":1583019749667,"group":{"id":"settings","version":"4"},"event":{"state":true,"data":{"component":"NotRoamableUiSettings","created":1583019750231},"id":"invoked"}}
{"recorder_version":"31","session":"6ca411363427","build":"193.6494.35","bucket":"0","time":1583019749668,"group":{"id":"settings","version":"4"},"event":{"state":true,"data":{"component":"UISettings","created":1583019750245},"id":"invoked"}}
{"recorder_version":"31","session":"6ca411363427","build":"193.6494.35","bucket":"0","time":1583019749701,"group":{"id":"system.java","version":"1"},"event":{"state":true,"data":{"created":1583019750261,"version":"validation.undefined_rule"},"id":"validation.undefined_rule"}}
{"recorder_version":"31","session":"6ca411363427","build":"193.6494.35","bucket":"0","time":1583019749701,"group":{"id":"system.java","version":"1"},"event":{"state":true,"data":{"created":1583019750262},"id":"invoked"}}
{"recorder_version":"31","session":"6ca411363427","build":"193.6494.35","bucket":"0","time":1583019749830,"group":{"id":"system.os","version":"3"},"event":{"state":true,"data":{"created":1583019750309,"version":"10.0"},"id":"Windows"}}
{"recorder_version":"31","session":"6ca411363427","build":"193.6494.35","bucket":"0","time":1583019749832,"group":{"id":"system.os","version":"3"},"event":{"state":true,"data":{"created":1583019750309,"name":"Windows","version":"10.0"},"id":"os.name"}}
{"recorder_version":"31","session":"6ca411363427","build":"193.6494.35","bucket":"0","time":1583019749832,"group":{"id":"system.os","version":"3"},"event":{"state":true,"data":{"created":1583019750312,"value":"+01_00"},"id":"os.timezone"}}
{"recorder_version":"31","session":"6ca411363427","build":"193.6494.35","bucket":"0","time":1583019749832,"group":{"id":"system.os","version":"3"},"event":{"state":true,"data":{"created":1583019750319},"id":"invoked"}}
{"recorder_version":"31","session":"6ca411363427","build":"193.6494.35","bucket":"0","time":1583019749839,"group":{"id":"settings","version":"4"},"event":{"state":true,"data":{"component":"UpdatesConfigurable","created":1583019750320,"name":"checkNeeded","type":"bool","value":false},"id":"not.default"}}
{"recorder_version":"31","session":"6ca411363427","build":"193.6494.35","bucket":"0","time":1583019749839,"group":{"id":"settings","version":"4"},"event":{"state":true,"data":{"component":"UpdatesConfigurable","created":1583019750320},"id":"invoked"}}
{"recorder_version":"31","session":"6ca411363427","build":"193.6494.35","bucket":"0","time":1583019750089,"group":{"id":"settings","version":"4"},"event":{"state":true,"data":{"component":"GeneralSettings","created":1583019750321},"id":"invoked"}}
{"recorder_version":"31","session":"6ca411363427","build":"193.6494.35","bucket":"0","time":1583019750101,"group":{"id":"event.log","version":"31"},"event":{"count":1,"data":{"created":1583019750322,"version":"1129.0"},"id":"whitelist.loaded"}}
{"recorder_version":"31","session":"6ca411363427","build":"193.6494.35","bucket":"0","time":1583019750181,"group":{"id":"lifecycle","version":"31"},"event":{"count":1,"data":{"internal":true,"eap":false,"created":1583019750322},"id":"ide.start"}}
{"recorder_version":"31","session":"6ca411363427","build":"193.6494.35","bucket":"0","time":1583019750288,"group":{"id":"performance","version":"31"},"event":{"count":1,"data":{"duration_ms":4,"created":1583019750322},"id":"ui.latency"}}
{"recorder_version":"31","session":"6ca411363427","build":"193.6494.35","bucket":"0","time":1583019750419,"group":{"id":"settings","version":"4"},"event":{"state":true,"data":{"component":"XmlEditorOptions","created":1583019750420},"id":"invoked"}}
{"recorder_version":"31","session":"6ca411363427","build":"193.6494.35","bucket":"0","time":1583019751317,"group":{"id":"settings","version":"4"},"event":{"state":true,"data":{"component":"VcsApplicationSettings","created":1583019751317},"id":"invoked"}}
{"recorder_version":"31","session":"6ca411363427","build":"193.6494.35","bucket":"0","time":1583019751317,"group":{"id":"lifecycle","version":"31"},"event":{"count":1,"data":{"created":1583019751317},"id":"frame.activated"}}
{"recorder_version":"31","session":"6ca411363427","build":"193.6494.35","bucket":"0","time":1583019751413,"group":{"id":"ui.dialogs","version":"31"},"event":{"count":1,"data":{"created":1583019751414,"plugin_type":"PLATFORM","dialog_class":"com.intellij.openapi.progress.util.ProgressDialog$MyDialogWrapper"},"id":"show"}}
{"recorder_version":"31","session":"6ca411363427","build":"193.6494.35","bucket":"0","time":1583019751598,"group":{"id":"performance","version":"31"},"event":{"count":1,"data":{"duration_ms":320,"created":1583019751601},"id":"ui.lagging"}}
{"recorder_version":"31","session":"6ca411363427","build":"193.6494.35","bucket":"0","time":1583019754002,"group":{"id":"lifecycle","version":"31"},"event":{"count":1,"data":{"created":1583019754002,"project":"2b3d6e7429fd7829c3ae684ed46ce12fe83284579cc98ce6bc301d2f349c8052"},"id":"project.opened"}}
{"recorder_version":"31","session":"6ca411363427","build":"193.6494.35","bucket":"0","time":1583019754563,"group":{"id":"performance","version":"31"},"event":{"count":1,"data":{"duration_ms":281,"created":1583019754563},"id":"ui.lagging"}}
{"recorder_version":"31","session":"6ca411363427","build":"193.6494.35","bucket":"0","time":1583019754741,"group":{"id":"toolwindow","version":"31"},"event":{"count":1,"data":{"ViewMode":"Dock_Pinned","created":1583019754741,"plugin_type":"PLATFORM","id":"Project","Location":"Left_Top"},"id":"activated"}}
{"recorder_version":"31","session":"6ca411363427","build":"193.6494.35","bucket":"0","time":1583019755427,"group":{"id":"performance","version":"31"},"event":{"count":1,"data":{"duration_ms":143,"created":1583019755427},"id":"ui.lagging"}}
{"recorder_version":"31","session":"6ca411363427","build":"193.6494.35","bucket":"0","time":1583019755583,"group":{"id":"ui.tips","version":"3"},"event":{"count":1,"data":{"created":1583019755583,"type":"automatically"},"id":"dialog.shown"}}
{"recorder_version":"31","session":"6ca411363427","build":"193.6494.35","bucket":"0","time":1583019755759,"group":{"id":"ui.tips","version":"3"},"event":{"count":1,"data":{"feature_id":"no.feature.id","filename":"CreateTargetTag.html","plugin":"AntSupport","created":1583019755759,"plugin_type":"JB_BUNDLED"},"id":"tip.shown"}}
{"recorder_version":"31","session":"6ca411363427","build":"193.6494.35","bucket":"0","time":1583019755783,"group":{"id":"ui.dialogs","version":"31"},"event":{"count":1,"data":{"created":1583019755783,"plugin_type":"PLATFORM","dialog_class":"com.intellij.ide.util.TipDialog"},"id":"show"}}
{"recorder_version":"31","session":"6ca411363427","build":"193.6494.35","bucket":"0","time":1583019756277,"group":{"id":"indexing","version":"2"},"event":{"count":1,"data":{"ide_activity_id":1,"created":1583019756277,"project":"2b3d6e7429fd7829c3ae684ed46ce12fe83284579cc98ce6bc301d2f349c8052"},"id":"started"}}
{"recorder_version":"31","session":"6ca411363427","build":"193.6494.35","bucket":"0","time":1583019756350,"group":{"id":"indexing","version":"2"},"event":{"count":1,"data":{"ide_activity_id":1,"stage_class":"com.intellij.util.indexing.UnindexedFilesUpdater","created":1583019756350,"plugin_type":"PLATFORM"},"id":"stage"}}
{"recorder_version":"31","session":"6ca411363427","build":"193.6494.35","bucket":"0","time":1583019756634,"group":{"id":"project.fs","version":"1"},"event":{"state":true,"data":{"os":"Windows","cs-project":false,"created":1583019756634,"project":"2b3d6e7429fd7829c3ae684ed46ce12fe83284579cc98ce6bc301d2f349c8052","cs-implicit":true,"cs-system":false},"id":"case-sensitivity"}}
{"recorder_version":"31","session":"6ca411363427","build":"193.6494.35","bucket":"0","time":1583019756634,"group":{"id":"project.fs","version":"1"},"event":{"state":true,"data":{"created":1583019756637},"id":"invoked"}}
{"recorder_version":"31","session":"6ca411363427","build":"193.6494.35","bucket":"0","time":1583019756637,"group":{"id":"project.fs","version":"1"},"event":{"state":true,"data":{"pct-non-watched":0,"created":1583019756639,"project":"2b3d6e7429fd7829c3ae684ed46ce12fe83284579cc98ce6bc301d2f349c8052"},"id":"roots-watched"}}
{"recorder_version":"31","session":"6ca411363427","build":"193.6494.35","bucket":"0","time":1583019756637,"group":{"id":"project.fs","version":"1"},"event":{"state":true,"data":{"created":1583019756642},"id":"invoked"}}
{"recorder_version":"31","session":"6ca411363427","build":"193.6494.35","bucket":"0","time":1583019757111,"group":{"id":"ui.dialogs","version":"31"},"event":{"count":1,"data":{"code":1,"created":1583019757113,"plugin_type":"PLATFORM","dialog_class":"com.intellij.openapi.progress.util.ProgressDialog$MyDialogWrapper"},"id":"close"}}
{"recorder_version":"31","session":"6ca411363427","build":"193.6494.35","bucket":"0","time":1583019757240,"group":{"id":"lifecycle","version":"31"},"event":{"count":1,"data":{"duration_ms":6885,"created":1583019757240,"project":"2b3d6e7429fd7829c3ae684ed46ce12fe83284579cc98ce6bc301d2f349c8052"},"id":"project.opening.finished"}}
{"recorder_version":"31","session":"6ca411363427","build":"193.6494.35","bucket":"0","time":1583019757318,"group":{"id":"indexing","version":"2"},"event":{"count":1,"data":{"duration_ms":1040,"ide_activity_id":1,"created":1583019757318},"id":"finished"}}
{"recorder_version":"31","session":"6ca411363427","build":"193.6494.35","bucket":"0","time":1583019757442,"group":{"id":"indexing","version":"2"},"event":{"count":1,"data":{"ide_activity_id":2,"created":1583019757442,"project":"2b3d6e7429fd7829c3ae684ed46ce12fe83284579cc98ce6bc301d2f349c8052"},"id":"started"}}
{"recorder_version":"31","session":"6ca411363427","build":"193.6494.35","bucket":"0","time":1583019757480,"group":{"id":"indexing","version":"2"},"event":{"count":1,"data":{"ide_activity_id":2,"plugin":"org.jetbrains.android","stage_class":"com.android.tools.idea.res.ResourceFolderRepositoryFileCacheImpl$PruneTask","created":1583019757480,"plugin_type":"JB_BUNDLED"},"id":"stage"}}
{"recorder_version":"31","session":"6ca411363427","build":"193.6494.35","bucket":"0","time":1583019757531,"group":{"id":"indexing","version":"2"},"event":{"count":1,"data":{"ide_activity_id":2,"plugin":"org.jetbrains.android","stage_class":"com.android.tools.idea.res.ResourceFolderRepositoryFileCacheImpl$ManageLruProjectFilesTask","created":1583019757532,"plugin_type":"JB_BUNDLED"},"id":"stage"}}
{"recorder_version":"31","session":"6ca411363427","build":"193.6494.35","bucket":"0","time":1583019757581,"group":{"id":"indexing","version":"2"},"event":{"count":1,"data":{"duration_ms":139,"ide_activity_id":2,"created":1583019757581},"id":"finished"}}
{"recorder_version":"31","session":"6ca411363427","build":"193.6494.35","bucket":"0","time":1583019757612,"group":{"id":"indexing","version":"2"},"event":{"count":1,"data":{"ide_activity_id":3,"created":1583019757612,"project":"2b3d6e7429fd7829c3ae684ed46ce12fe83284579cc98ce6bc301d2f349c8052"},"id":"started"}}
{"recorder_version":"31","session":"6ca411363427","build":"193.6494.35","bucket":"0","time":1583019757634,"group":{"id":"indexing","version":"2"},"event":{"count":1,"data":{"ide_activity_id":3,"plugin":"org.jetbrains.android","stage_class":"com.android.tools.idea.res.ResourceFolderRegistry$PopulateCachesTask","created":1583019757634,"plugin_type":"JB_BUNDLED"},"id":"stage"}}
{"recorder_version":"31","session":"6ca411363427","build":"193.6494.35","bucket":"0","time":1583019757681,"group":{"id":"indexing","version":"2"},"event":{"count":1,"data":{"duration_ms":69,"ide_activity_id":3,"created":1583019757682},"id":"finished"}}
{"recorder_version":"31","session":"6ca411363427","build":"193.6494.35","bucket":"0","time":1583019758432,"group":{"id":"ui.dialogs","version":"31"},"event":{"count":1,"data":{"code":1,"created":1583019758432,"plugin_type":"PLATFORM","dialog_class":"com.intellij.ide.util.TipDialog"},"id":"close"}}
{"recorder_version":"31","session":"6ca411363427","build":"193.6494.35","bucket":"0","time":1583019760381,"group":{"id":"actions","version":"31"},"event":{"count":1,"data":{"context_menu":true,"action_id":"third.party","created":1583019760381,"plugin_type":"NOT_LISTED","project":"2b3d6e7429fd7829c3ae684ed46ce12fe83284579cc98ce6bc301d2f349c8052","place":"MainMenu","class":"third.party","input_event":"MouseLeft"},"id":"action.invoked"}}
{"recorder_version":"31","session":"6ca411363427","build":"193.6494.35","bucket":"0","time":1583019760455,"group":{"id":"ui.dialogs","version":"31"},"event":{"count":1,"data":{"created":1583019760455,"plugin_type":"PLATFORM","dialog_class":"com.intellij.openapi.fileChooser.ex.FileChooserDialogImpl"},"id":"show"}}
{"recorder_version":"31","session":"6ca411363427","build":"193.6494.35","bucket":"0","time":1583019762138,"group":{"id":"startup","version":"1"},"event":{"count":1,"data":{"duration":3266,"created":1583019762139},"id":"appInit"}}
{"recorder_version":"31","session":"6ca411363427","build":"193.6494.35","bucket":"0","time":1583019762138,"group":{"id":"startup","version":"1"},"event":{"count":1,"data":{"duration":781,"created":1583019762139},"id":"splash"}}
{"recorder_version":"31","session":"6ca411363427","build":"193.6494.35","bucket":"0","time":1583019762138,"group":{"id":"startup","version":"1"},"event":{"count":1,"data":{"duration":507,"created":1583019762139},"id":"bootstrap"}}
{"recorder_version":"31","session":"6ca411363427","build":"193.6494.35","bucket":"0","time":1583019762138,"group":{"id":"startup","version":"1"},"event":{"count":1,"data":{"duration":12028,"created":1583019762139},"id":"totalDuration"}}
{"recorder_version":"31","session":"6ca411363427","build":"193.6494.35","bucket":"0","time":1583019762782,"group":{"id":"ui.dialogs","version":"31"},"event":{"count":1,"data":{"code":0,"created":1583019762783,"plugin_type":"PLATFORM","dialog_class":"com.intellij.openapi.fileChooser.ex.FileChooserDialogImpl"},"id":"close"}}
{"recorder_version":"31","session":"6ca411363427","build":"193.6494.35","bucket":"0","time":1583019762843,"group":{"id":"ui.dialogs","version":"31"},"event":{"count":2,"data":{"last":1583019767238,"created":1583019762843,"plugin_type":"PLATFORM","dialog_class":"com.intellij.openapi.ui.messages.MessageDialog"},"id":"show"}}
{"recorder_version":"31","session":"6ca411363427","build":"193.6494.35","bucket":"0","time":1583019768728,"group":{"id":"lifecycle","version":"31"},"event":{"count":1,"data":{"restart":false,"created":1583019768728},"id":"ide.close"}}
{"recorder_version":"31","session":"6ca411363427","build":"193.6494.35","bucket":"0","time":1583019769389,"group":{"id":"ui.dialogs","version":"31"},"event":{"count":1,"data":{"created":1583019769389,"plugin_type":"PLATFORM","dialog_class":"com.intellij.openapi.progress.util.ProgressDialog$MyDialogWrapper"},"id":"show"}}
{"recorder_version":"31","session":"6ca411363427","build":"193.6494.35","bucket":"0","time":1583019769605,"group":{"id":"lifecycle","version":"31"},"event":{"count":1,"data":{"created":1583019769605,"project":"2b3d6e7429fd7829c3ae684ed46ce12fe83284579cc98ce6bc301d2f349c8052"},"id":"project.closed"}}
