{"recorder_version":"31","session":"61b4e07ca920","build":"193.6494.35","bucket":"126","time":1582815932064,"group":{"id":"settings","version":"4"},"event":{"state":true,"data":{"component":"NotRoamableUiSettings","created":1582815932706},"id":"invoked"}}
{"recorder_version":"31","session":"61b4e07ca920","build":"193.6494.35","bucket":"126","time":1582815932065,"group":{"id":"settings","version":"4"},"event":{"state":true,"data":{"component":"UISettings","created":1582815932710},"id":"invoked"}}
{"recorder_version":"31","session":"61b4e07ca920","build":"193.6494.35","bucket":"126","time":1582815932076,"group":{"id":"system.java","version":"1"},"event":{"state":true,"data":{"created":1582815932824,"version":"validation.undefined_rule"},"id":"validation.undefined_rule"}}
{"recorder_version":"31","session":"61b4e07ca920","build":"193.6494.35","bucket":"126","time":1582815932076,"group":{"id":"system.java","version":"1"},"event":{"state":true,"data":{"created":1582815932826},"id":"invoked"}}
{"recorder_version":"31","session":"61b4e07ca920","build":"193.6494.35","bucket":"126","time":1582815932164,"group":{"id":"system.os","version":"3"},"event":{"state":true,"data":{"created":1582815932836,"version":"10.0"},"id":"Windows"}}
{"recorder_version":"31","session":"61b4e07ca920","build":"193.6494.35","bucket":"126","time":1582815932164,"group":{"id":"system.os","version":"3"},"event":{"state":true,"data":{"created":1582815932838,"name":"Windows","version":"10.0"},"id":"os.name"}}
{"recorder_version":"31","session":"61b4e07ca920","build":"193.6494.35","bucket":"126","time":1582815932164,"group":{"id":"system.os","version":"3"},"event":{"state":true,"data":{"created":1582815932839,"value":"+01_00"},"id":"os.timezone"}}
{"recorder_version":"31","session":"61b4e07ca920","build":"193.6494.35","bucket":"126","time":1582815932164,"group":{"id":"system.os","version":"3"},"event":{"state":true,"data":{"created":1582815932839},"id":"invoked"}}
{"recorder_version":"31","session":"61b4e07ca920","build":"193.6494.35","bucket":"126","time":1582815932587,"group":{"id":"event.log","version":"31"},"event":{"count":1,"data":{"created":1582815932840,"version":"1121.0"},"id":"whitelist.loaded"}}
{"recorder_version":"31","session":"61b4e07ca920","build":"193.6494.35","bucket":"126","time":1582815941205,"group":{"id":"settings","version":"4"},"event":{"state":true,"data":{"component":"UpdatesConfigurable","created":1582815941206,"name":"checkNeeded","type":"bool","value":false},"id":"not.default"}}
{"recorder_version":"31","session":"61b4e07ca920","build":"193.6494.35","bucket":"126","time":1582815941206,"group":{"id":"settings","version":"4"},"event":{"state":true,"data":{"component":"UpdatesConfigurable","created":1582815941207},"id":"invoked"}}
{"recorder_version":"31","session":"61b4e07ca920","build":"193.6494.35","bucket":"126","time":1582815941468,"group":{"id":"settings","version":"4"},"event":{"state":true,"data":{"component":"GeneralSettings","created":1582815941486},"id":"invoked"}}
{"recorder_version":"31","session":"61b4e07ca920","build":"193.6494.35","bucket":"126","time":1582815941889,"group":{"id":"lifecycle","version":"31"},"event":{"count":1,"data":{"internal":true,"eap":false,"created":1582815941936},"id":"ide.start"}}
{"recorder_version":"31","session":"61b4e07ca920","build":"193.6494.35","bucket":"126","time":1582815943097,"group":{"id":"settings","version":"4"},"event":{"state":true,"data":{"component":"XmlEditorOptions","created":1582815943099},"id":"invoked"}}
{"recorder_version":"31","session":"61b4e07ca920","build":"193.6494.35","bucket":"126","time":1582815943304,"group":{"id":"performance","version":"31"},"event":{"count":1,"data":{"duration_ms":1367,"created":1582815943304},"id":"ui.latency"}}
{"recorder_version":"31","session":"61b4e07ca920","build":"193.6494.35","bucket":"126","time":1582815943304,"group":{"id":"performance","version":"31"},"event":{"count":1,"data":{"duration_ms":1367,"created":1582815943305},"id":"ui.lagging"}}
{"recorder_version":"31","session":"61b4e07ca920","build":"193.6494.35","bucket":"126","time":1582815943413,"group":{"id":"lifecycle","version":"31"},"event":{"count":1,"data":{"created":1582815943413},"id":"frame.activated"}}
{"recorder_version":"31","session":"61b4e07ca920","build":"193.6494.35","bucket":"126","time":1582815943413,"group":{"id":"settings","version":"4"},"event":{"state":true,"data":{"component":"VcsApplicationSettings","created":1582815943413},"id":"invoked"}}
{"recorder_version":"31","session":"61b4e07ca920","build":"193.6494.35","bucket":"126","time":1582815943442,"group":{"id":"performance","version":"31"},"event":{"count":1,"data":{"duration_ms":487,"created":1582815943442},"id":"ui.lagging"}}
{"recorder_version":"31","session":"61b4e07ca920","build":"193.6494.35","bucket":"126","time":1582815943485,"group":{"id":"ui.dialogs","version":"31"},"event":{"count":1,"data":{"created":1582815943495,"plugin_type":"PLATFORM","dialog_class":"com.intellij.openapi.progress.util.ProgressDialog$MyDialogWrapper"},"id":"show"}}
{"recorder_version":"31","session":"61b4e07ca920","build":"193.6494.35","bucket":"126","time":1582815946733,"group":{"id":"lifecycle","version":"31"},"event":{"count":1,"data":{"created":1582815946733,"project":"85415607ddcf01c0d477be165c241326795df368ae567f8ceaecbb03033f487e"},"id":"project.opened"}}
{"recorder_version":"31","session":"61b4e07ca920","build":"193.6494.35","bucket":"126","time":1582815948154,"group":{"id":"performance","version":"31"},"event":{"count":1,"data":{"duration_ms":1164,"created":1582815948156},"id":"ui.lagging"}}
{"recorder_version":"31","session":"61b4e07ca920","build":"193.6494.35","bucket":"126","time":1582815948498,"group":{"id":"indexing","version":"2"},"event":{"count":1,"data":{"ide_activity_id":1,"created":1582815948500,"project":"85415607ddcf01c0d477be165c241326795df368ae567f8ceaecbb03033f487e"},"id":"started"}}
{"recorder_version":"31","session":"61b4e07ca920","build":"193.6494.35","bucket":"126","time":1582815949467,"group":{"id":"performance","version":"31"},"event":{"count":1,"data":{"duration_ms":344,"created":1582815949477},"id":"ui.lagging"}}
{"recorder_version":"31","session":"61b4e07ca920","build":"193.6494.35","bucket":"126","time":1582815949475,"group":{"id":"indexing","version":"2"},"event":{"count":1,"data":{"ide_activity_id":1,"stage_class":"com.intellij.util.indexing.UnindexedFilesUpdater","created":1582815949480,"plugin_type":"PLATFORM"},"id":"stage"}}
{"recorder_version":"31","session":"61b4e07ca920","build":"193.6494.35","bucket":"126","time":1582815949539,"group":{"id":"ui.tips","version":"3"},"event":{"count":1,"data":{"created":1582815949541,"type":"automatically"},"id":"dialog.shown"}}
{"recorder_version":"31","session":"61b4e07ca920","build":"193.6494.35","bucket":"126","time":1582815949691,"group":{"id":"ui.tips","version":"3"},"event":{"count":1,"data":{"feature_id":"no.feature.id","filename":"neue-82547e88.html","plugin":"com.intellij.java.ide","created":1582815949695,"plugin_type":"JB_BUNDLED"},"id":"tip.shown"}}
{"recorder_version":"31","session":"61b4e07ca920","build":"193.6494.35","bucket":"126","time":1582815949739,"group":{"id":"ui.dialogs","version":"31"},"event":{"count":1,"data":{"created":1582815949740,"plugin_type":"PLATFORM","dialog_class":"com.intellij.ide.util.TipDialog"},"id":"show"}}
{"recorder_version":"31","session":"61b4e07ca920","build":"193.6494.35","bucket":"126","time":1582815950779,"group":{"id":"project.fs","version":"1"},"event":{"state":true,"data":{"os":"Windows","cs-project":false,"created":1582815950787,"project":"85415607ddcf01c0d477be165c241326795df368ae567f8ceaecbb03033f487e","cs-implicit":true,"cs-system":false},"id":"case-sensitivity"}}
{"recorder_version":"31","session":"61b4e07ca920","build":"193.6494.35","bucket":"126","time":1582815950779,"group":{"id":"project.fs","version":"1"},"event":{"state":true,"data":{"created":1582815950787},"id":"invoked"}}
{"recorder_version":"31","session":"61b4e07ca920","build":"193.6494.35","bucket":"126","time":1582815950788,"group":{"id":"project.fs","version":"1"},"event":{"state":true,"data":{"pct-non-watched":0,"created":1582815950789,"project":"85415607ddcf01c0d477be165c241326795df368ae567f8ceaecbb03033f487e"},"id":"roots-watched"}}
{"recorder_version":"31","session":"61b4e07ca920","build":"193.6494.35","bucket":"126","time":1582815950788,"group":{"id":"project.fs","version":"1"},"event":{"state":true,"data":{"created":1582815950789},"id":"invoked"}}
{"recorder_version":"31","session":"61b4e07ca920","build":"193.6494.35","bucket":"126","time":1582815951845,"group":{"id":"ui.dialogs","version":"31"},"event":{"count":1,"data":{"code":1,"created":1582815951852,"plugin_type":"PLATFORM","dialog_class":"com.intellij.openapi.progress.util.ProgressDialog$MyDialogWrapper"},"id":"close"}}
{"recorder_version":"31","session":"61b4e07ca920","build":"193.6494.35","bucket":"126","time":1582815951904,"group":{"id":"performance","version":"31"},"event":{"count":1,"data":{"duration_ms":777,"created":1582815951913},"id":"ui.lagging"}}
{"recorder_version":"31","session":"61b4e07ca920","build":"193.6494.35","bucket":"126","time":1582815951953,"group":{"id":"lifecycle","version":"31"},"event":{"count":1,"data":{"duration_ms":9790,"created":1582815951965,"project":"85415607ddcf01c0d477be165c241326795df368ae567f8ceaecbb03033f487e"},"id":"project.opening.finished"}}
{"recorder_version":"31","session":"61b4e07ca920","build":"193.6494.35","bucket":"126","time":1582815952749,"group":{"id":"indexing","version":"2"},"event":{"count":1,"data":{"duration_ms":4251,"ide_activity_id":1,"created":1582815952766},"id":"finished"}}
{"recorder_version":"31","session":"61b4e07ca920","build":"193.6494.35","bucket":"126","time":1582815952894,"group":{"id":"indexing","version":"2"},"event":{"count":1,"data":{"ide_activity_id":2,"created":1582815952894,"project":"85415607ddcf01c0d477be165c241326795df368ae567f8ceaecbb03033f487e"},"id":"started"}}
{"recorder_version":"31","session":"61b4e07ca920","build":"193.6494.35","bucket":"126","time":1582815952912,"group":{"id":"indexing","version":"2"},"event":{"count":1,"data":{"ide_activity_id":2,"plugin":"org.jetbrains.android","stage_class":"com.android.tools.idea.res.ResourceFolderRepositoryFileCacheImpl$PruneTask","created":1582815952914,"plugin_type":"JB_BUNDLED"},"id":"stage"}}
{"recorder_version":"31","session":"61b4e07ca920","build":"193.6494.35","bucket":"126","time":1582815952936,"group":{"id":"indexing","version":"2"},"event":{"count":1,"data":{"ide_activity_id":2,"plugin":"org.jetbrains.android","stage_class":"com.android.tools.idea.res.ResourceFolderRepositoryFileCacheImpl$ManageLruProjectFilesTask","created":1582815952942,"plugin_type":"JB_BUNDLED"},"id":"stage"}}
{"recorder_version":"31","session":"61b4e07ca920","build":"193.6494.35","bucket":"126","time":1582815953363,"group":{"id":"performance","version":"31"},"event":{"count":1,"data":{"duration_ms":225,"created":1582815953367},"id":"ui.lagging"}}
{"recorder_version":"31","session":"61b4e07ca920","build":"193.6494.35","bucket":"126","time":1582815953367,"group":{"id":"indexing","version":"2"},"event":{"count":1,"data":{"duration_ms":473,"ide_activity_id":2,"created":1582815953368},"id":"finished"}}
{"recorder_version":"31","session":"61b4e07ca920","build":"193.6494.35","bucket":"126","time":1582815953410,"group":{"id":"indexing","version":"2"},"event":{"count":1,"data":{"ide_activity_id":3,"created":1582815953419,"project":"85415607ddcf01c0d477be165c241326795df368ae567f8ceaecbb03033f487e"},"id":"started"}}
{"recorder_version":"31","session":"61b4e07ca920","build":"193.6494.35","bucket":"126","time":1582815953411,"group":{"id":"indexing","version":"2"},"event":{"count":1,"data":{"ide_activity_id":3,"plugin":"org.jetbrains.android","stage_class":"com.android.tools.idea.res.ResourceFolderRegistry$PopulateCachesTask","created":1582815953420,"plugin_type":"JB_BUNDLED"},"id":"stage"}}
{"recorder_version":"31","session":"61b4e07ca920","build":"193.6494.35","bucket":"126","time":1582815953413,"group":{"id":"indexing","version":"2"},"event":{"count":1,"data":{"duration_ms":3,"ide_activity_id":3,"created":1582815953421},"id":"finished"}}
{"recorder_version":"31","session":"61b4e07ca920","build":"193.6494.35","bucket":"126","time":1582815953829,"group":{"id":"vfs","version":"2"},"event":{"count":1,"data":{"duration_ms":1116,"finish_time_ms":1582815953818,"created":1582815953833,"start_time_ms":1582815952702},"id":"refreshed"}}
{"recorder_version":"31","session":"61b4e07ca920","build":"193.6494.35","bucket":"126","time":1582815958568,"group":{"id":"startup","version":"1"},"event":{"count":1,"data":{"duration":23050,"created":1582815958568},"id":"appInit"}}
{"recorder_version":"31","session":"61b4e07ca920","build":"193.6494.35","bucket":"126","time":1582815958568,"group":{"id":"startup","version":"1"},"event":{"count":1,"data":{"duration":688,"created":1582815958569},"id":"splash"}}
{"recorder_version":"31","session":"61b4e07ca920","build":"193.6494.35","bucket":"126","time":1582815958568,"group":{"id":"startup","version":"1"},"event":{"count":1,"data":{"duration":1085,"created":1582815958569},"id":"bootstrap"}}
{"recorder_version":"31","session":"61b4e07ca920","build":"193.6494.35","bucket":"126","time":1582815958568,"group":{"id":"startup","version":"1"},"event":{"count":1,"data":{"duration":35636,"created":1582815958569},"id":"totalDuration"}}
{"recorder_version":"31","session":"61b4e07ca920","build":"193.6494.35","bucket":"126","time":1582816044254,"group":{"id":"performance","version":"31"},"event":{"count":1,"data":{"duration_ms":0,"created":1582816044254},"id":"ui.latency"}}
{"recorder_version":"31","session":"61b4e07ca920","build":"193.6494.35","bucket":"126","time":1582816100518,"group":{"id":"ui.dialogs","version":"31"},"event":{"count":1,"data":{"code":1,"created":1582816100518,"plugin_type":"PLATFORM","dialog_class":"com.intellij.ide.util.TipDialog"},"id":"close"}}
{"recorder_version":"31","session":"61b4e07ca920","build":"193.6494.35","bucket":"126","time":1582816104986,"group":{"id":"actions","version":"31"},"event":{"count":1,"data":{"context_menu":true,"action_id":"third.party","created":1582816104991,"plugin_type":"NOT_LISTED","project":"85415607ddcf01c0d477be165c241326795df368ae567f8ceaecbb03033f487e","place":"MainMenu","class":"third.party","input_event":"MouseLeft"},"id":"action.invoked"}}
{"recorder_version":"31","session":"61b4e07ca920","build":"193.6494.35","bucket":"126","time":1582816105186,"group":{"id":"ui.dialogs","version":"31"},"event":{"count":1,"data":{"created":1582816105186,"plugin_type":"PLATFORM","dialog_class":"com.intellij.openapi.fileChooser.ex.FileChooserDialogImpl"},"id":"show"}}
{"recorder_version":"31","session":"61b4e07ca920","build":"193.6494.35","bucket":"126","time":1582816112068,"group":{"id":"ui.dialogs","version":"31"},"event":{"count":1,"data":{"code":0,"created":1582816112069,"plugin_type":"PLATFORM","dialog_class":"com.intellij.openapi.fileChooser.ex.FileChooserDialogImpl"},"id":"close"}}
{"recorder_version":"31","session":"61b4e07ca920","build":"193.6494.35","bucket":"126","time":1582816112127,"group":{"id":"ui.dialogs","version":"31"},"event":{"count":1,"data":{"created":1582816112127,"plugin_type":"PLATFORM","dialog_class":"com.intellij.openapi.ui.messages.MessageDialog"},"id":"show"}}
{"recorder_version":"31","session":"61b4e07ca920","build":"193.6494.35","bucket":"126","time":1582816129103,"group":{"id":"lifecycle","version":"31"},"event":{"count":1,"data":{"created":1582816129207,"project":"85415607ddcf01c0d477be165c241326795df368ae567f8ceaecbb03033f487e"},"id":"frame.deactivated"}}
{"recorder_version":"31","session":"61b4e07ca920","build":"193.6494.35","bucket":"126","time":1582816129685,"group":{"id":"performance","version":"31"},"event":{"count":1,"data":{"duration_ms":192,"created":1582816129708},"id":"ui.lagging"}}
{"recorder_version":"31","session":"61b4e07ca920","build":"193.6494.35","bucket":"126","time":1582816130708,"group":{"id":"performance","version":"31"},"event":{"count":1,"data":{"duration_ms":162,"created":1582816130721},"id":"ui.lagging"}}
{"recorder_version":"31","session":"61b4e07ca920","build":"193.6494.35","bucket":"126","time":1582816139057,"group":{"id":"lifecycle","version":"31"},"event":{"count":1,"data":{"created":1582816139085,"project":"85415607ddcf01c0d477be165c241326795df368ae567f8ceaecbb03033f487e"},"id":"frame.activated"}}
{"recorder_version":"31","session":"61b4e07ca920","build":"193.6494.35","bucket":"126","time":1582816141775,"group":{"id":"lifecycle","version":"31"},"event":{"count":1,"data":{"created":1582816141778,"project":"85415607ddcf01c0d477be165c241326795df368ae567f8ceaecbb03033f487e"},"id":"frame.deactivated"}}
{"recorder_version":"31","session":"61b4e07ca920","build":"193.6494.35","bucket":"126","time":1582816144663,"group":{"id":"performance","version":"31"},"event":{"count":1,"data":{"duration_ms":0,"created":1582816144663},"id":"ui.latency"}}
{"recorder_version":"31","session":"61b4e07ca920","build":"193.6494.35","bucket":"126","time":1582816242127,"group":{"id":"kotlin.ide.j2k","version":"1"},"event":{"count":1,"data":{"created":1582816248454},"id":"registered"}}
{"recorder_version":"31","session":"61b4e07ca920","build":"193.6494.35","bucket":"126","time":1582816242127,"group":{"id":"java.find.usages","version":"1"},"event":{"count":1,"data":{"created":1582816248454},"id":"registered"}}
{"recorder_version":"31","session":"61b4e07ca920","build":"193.6494.35","bucket":"126","time":1582816242127,"group":{"id":"file.types.usage","version":"31"},"event":{"count":1,"data":{"created":1582816248455},"id":"registered"}}
{"recorder_version":"31","session":"61b4e07ca920","build":"193.6494.35","bucket":"126","time":1582816242127,"group":{"id":"ide.script.engine","version":"2"},"event":{"count":1,"data":{"created":1582816248455},"id":"registered"}}
{"recorder_version":"31","session":"61b4e07ca920","build":"193.6494.35","bucket":"126","time":1582816242127,"group":{"id":"live.templates","version":"31"},"event":{"count":1,"data":{"created":1582816248455},"id":"registered"}}
{"recorder_version":"31","session":"61b4e07ca920","build":"193.6494.35","bucket":"126","time":1582816242127,"group":{"id":"ide.self.update","version":"2"},"event":{"count":1,"data":{"created":1582816248455},"id":"registered"}}
{"recorder_version":"31","session":"61b4e07ca920","build":"193.6494.35","bucket":"126","time":1582816242127,"group":{"id":"lifecycle","version":"31"},"event":{"count":1,"data":{"created":1582816248455},"id":"registered"}}
{"recorder_version":"31","session":"61b4e07ca920","build":"193.6494.35","bucket":"126","time":1582816242127,"group":{"id":"vcs.diff.trigger","version":"1"},"event":{"count":1,"data":{"created":1582816248455},"id":"registered"}}
{"recorder_version":"31","session":"61b4e07ca920","build":"193.6494.35","bucket":"126","time":1582816242127,"group":{"id":"debugger.breakpoints.usage","version":"2"},"event":{"count":1,"data":{"created":1582816248455},"id":"registered"}}
{"recorder_version":"31","session":"61b4e07ca920","build":"193.6494.35","bucket":"126","time":1582816242127,"group":{"id":"kotlin.gradle.library","version":"1"},"event":{"count":1,"data":{"created":1582816248455},"id":"registered"}}
{"recorder_version":"31","session":"61b4e07ca920","build":"193.6494.35","bucket":"126","time":1582816242127,"group":{"id":"startup","version":"1"},"event":{"count":1,"data":{"created":1582816248456},"id":"registered"}}
{"recorder_version":"31","session":"61b4e07ca920","build":"193.6494.35","bucket":"126","time":1582816242127,"group":{"id":"find","version":"2"},"event":{"count":1,"data":{"created":1582816248456},"id":"registered"}}
{"recorder_version":"31","session":"61b4e07ca920","build":"193.6494.35","bucket":"126","time":1582816242127,"group":{"id":"kotlin.gradle.target","version":"2"},"event":{"count":1,"data":{"created":1582816248456},"id":"registered"}}
{"recorder_version":"31","session":"61b4e07ca920","build":"193.6494.35","bucket":"126","time":1582816242127,"group":{"id":"gutter.icon.click","version":"2"},"event":{"count":1,"data":{"created":1582816248456},"id":"registered"}}
{"recorder_version":"31","session":"61b4e07ca920","build":"193.6494.35","bucket":"126","time":1582816242127,"group":{"id":"shell.script","version":"1"},"event":{"count":1,"data":{"created":1582816248456},"id":"registered"}}
{"recorder_version":"31","session":"61b4e07ca920","build":"193.6494.35","bucket":"126","time":1582816242127,"group":{"id":"new.project.wizard","version":"1"},"event":{"count":1,"data":{"created":1582816248456},"id":"registered"}}
{"recorder_version":"31","session":"61b4e07ca920","build":"193.6494.35","bucket":"126","time":1582816242127,"group":{"id":"kotlin.ide.npwizards","version":"1"},"event":{"count":1,"data":{"created":1582816248457},"id":"registered"}}
{"recorder_version":"31","session":"61b4e07ca920","build":"193.6494.35","bucket":"126","time":1582816242127,"group":{"id":"intentions","version":"31"},"event":{"count":1,"data":{"created":1582816248457},"id":"registered"}}
{"recorder_version":"31","session":"61b4e07ca920","build":"193.6494.35","bucket":"126","time":1582816242127,"group":{"id":"settings.repository","version":"1"},"event":{"count":1,"data":{"created":1582816248457},"id":"registered"}}
{"recorder_version":"31","session":"61b4e07ca920","build":"193.6494.35","bucket":"126","time":1582816242127,"group":{"id":"vcs.change.reminder","version":"2"},"event":{"count":1,"data":{"created":1582816248457},"id":"registered"}}
{"recorder_version":"31","session":"61b4e07ca920","build":"193.6494.35","bucket":"126","time":1582816242127,"group":{"id":"create.directory.dialog","version":"1"},"event":{"count":1,"data":{"created":1582816248457},"id":"registered"}}
{"recorder_version":"31","session":"61b4e07ca920","build":"193.6494.35","bucket":"126","time":1582816242127,"group":{"id":"kotlin.maven.target","version":"3"},"event":{"count":1,"data":{"created":1582816248457},"id":"registered"}}
{"recorder_version":"31","session":"61b4e07ca920","build":"193.6494.35","bucket":"126","time":1582816242127,"group":{"id":"json.schema","version":"1"},"event":{"count":1,"data":{"created":1582816248457},"id":"registered"}}
{"recorder_version":"31","session":"61b4e07ca920","build":"193.6494.35","bucket":"126","time":1582816242127,"group":{"id":"terminalShell","version":"1"},"event":{"count":1,"data":{"created":1582816248458},"id":"registered"}}
{"recorder_version":"31","session":"61b4e07ca920","build":"193.6494.35","bucket":"126","time":1582816242127,"group":{"id":"rename.refactoring","version":"1"},"event":{"count":1,"data":{"created":1582816248458},"id":"registered"}}
{"recorder_version":"31","session":"61b4e07ca920","build":"193.6494.35","bucket":"126","time":1582816242127,"group":{"id":"build.ant.actions","version":"1"},"event":{"count":1,"data":{"created":1582816248458},"id":"registered"}}
{"recorder_version":"31","session":"61b4e07ca920","build":"193.6494.35","bucket":"126","time":1582816242127,"group":{"id":"actions","version":"31"},"event":{"count":1,"data":{"created":1582816248458},"id":"registered"}}
{"recorder_version":"31","session":"61b4e07ca920","build":"193.6494.35","bucket":"126","time":1582816242127,"group":{"id":"kotlin.ide.editor","version":"1"},"event":{"count":1,"data":{"created":1582816248458},"id":"registered"}}
{"recorder_version":"31","session":"61b4e07ca920","build":"193.6494.35","bucket":"126","time":1582816242127,"group":{"id":"event.log","version":"31"},"event":{"count":1,"data":{"created":1582816248458},"id":"registered"}}
{"recorder_version":"31","session":"61b4e07ca920","build":"193.6494.35","bucket":"126","time":1582816242127,"group":{"id":"run.configuration.exec","version":"31"},"event":{"count":1,"data":{"created":1582816248459},"id":"registered"}}
{"recorder_version":"31","session":"61b4e07ca920","build":"193.6494.35","bucket":"126","time":1582816242127,"group":{"id":"build.tools.actions","version":"1"},"event":{"count":1,"data":{"created":1582816248459},"id":"registered"}}
{"recorder_version":"31","session":"61b4e07ca920","build":"193.6494.35","bucket":"126","time":1582816242127,"group":{"id":"file.editor","version":"2"},"event":{"count":1,"data":{"created":1582816248459},"id":"registered"}}
{"recorder_version":"31","session":"61b4e07ca920","build":"193.6494.35","bucket":"126","time":1582816242127,"group":{"id":"vfs","version":"2"},"event":{"count":1,"data":{"created":1582816248459},"id":"registered"}}
{"recorder_version":"31","session":"61b4e07ca920","build":"193.6494.35","bucket":"126","time":1582816242127,"group":{"id":"project.import","version":"2"},"event":{"count":1,"data":{"created":1582816248459},"id":"registered"}}
{"recorder_version":"31","session":"61b4e07ca920","build":"193.6494.35","bucket":"126","time":1582816242127,"group":{"id":"actions.runAnything","version":"1"},"event":{"count":1,"data":{"created":1582816248460},"id":"registered"}}
{"recorder_version":"31","session":"61b4e07ca920","build":"193.6494.35","bucket":"126","time":1582816242127,"group":{"id":"toolwindow","version":"31"},"event":{"count":1,"data":{"created":1582816248460},"id":"registered"}}
{"recorder_version":"31","session":"61b4e07ca920","build":"193.6494.35","bucket":"126","time":1582816242127,"group":{"id":"kotlin.ide.newFileTempl","version":"1"},"event":{"count":1,"data":{"created":1582816248460},"id":"registered"}}
{"recorder_version":"31","session":"61b4e07ca920","build":"193.6494.35","bucket":"126","time":1582816242127,"group":{"id":"ui.settings","version":"31"},"event":{"count":1,"data":{"created":1582816248460},"id":"registered"}}
{"recorder_version":"31","session":"61b4e07ca920","build":"193.6494.35","bucket":"126","time":1582816242127,"group":{"id":"vcs.log.trigger","version":"2"},"event":{"count":1,"data":{"created":1582816248460},"id":"registered"}}
{"recorder_version":"31","session":"61b4e07ca920","build":"193.6494.35","bucket":"126","time":1582816242127,"group":{"id":"productivity","version":"31"},"event":{"count":1,"data":{"created":1582816248460},"id":"registered"}}
{"recorder_version":"31","session":"61b4e07ca920","build":"193.6494.35","bucket":"126","time":1582816242127,"group":{"id":"build.maven.actions","version":"1"},"event":{"count":1,"data":{"created":1582816248460},"id":"registered"}}
{"recorder_version":"31","session":"61b4e07ca920","build":"193.6494.35","bucket":"126","time":1582816242127,"group":{"id":"ui.event","version":"3"},"event":{"count":1,"data":{"created":1582816248461},"id":"registered"}}
{"recorder_version":"31","session":"61b4e07ca920","build":"193.6494.35","bucket":"126","time":1582816242127,"group":{"id":"plugins.advertiser","version":"1"},"event":{"count":1,"data":{"created":1582816248461},"id":"registered"}}
{"recorder_version":"31","session":"61b4e07ca920","build":"193.6494.35","bucket":"126","time":1582816242127,"group":{"id":"editor.notification.panel","version":"1"},"event":{"count":1,"data":{"created":1582816248461},"id":"registered"}}
{"recorder_version":"31","session":"61b4e07ca920","build":"193.6494.35","bucket":"126","time":1582816242127,"group":{"id":"kotlin.ide.debugger","version":"2"},"event":{"count":1,"data":{"created":1582816248461},"id":"registered"}}
{"recorder_version":"31","session":"61b4e07ca920","build":"193.6494.35","bucket":"126","time":1582816242127,"group":{"id":"tooltip.action.events","version":"1"},"event":{"count":1,"data":{"created":1582816248461},"id":"registered"}}
{"recorder_version":"31","session":"61b4e07ca920","build":"193.6494.35","bucket":"126","time":1582816242127,"group":{"id":"completion","version":"2"},"event":{"count":1,"data":{"created":1582816248461},"id":"registered"}}
{"recorder_version":"31","session":"61b4e07ca920","build":"193.6494.35","bucket":"126","time":1582816242127,"group":{"id":"indexing","version":"2"},"event":{"count":1,"data":{"created":1582816248461},"id":"registered"}}
{"recorder_version":"31","session":"61b4e07ca920","build":"193.6494.35","bucket":"126","time":1582816242127,"group":{"id":"vcs","version":"2"},"event":{"count":1,"data":{"created":1582816248462},"id":"registered"}}
{"recorder_version":"31","session":"61b4e07ca920","build":"193.6494.35","bucket":"126","time":1582816242127,"group":{"id":"ui.dialogs","version":"31"},"event":{"count":1,"data":{"created":1582816248462},"id":"registered"}}
{"recorder_version":"31","session":"61b4e07ca920","build":"193.6494.35","bucket":"126","time":1582816242127,"group":{"id":"vcs.back.forward.trigger","version":"1"},"event":{"count":1,"data":{"created":1582816248462},"id":"registered"}}
{"recorder_version":"31","session":"61b4e07ca920","build":"193.6494.35","bucket":"126","time":1582816242127,"group":{"id":"customize.wizard","version":"1"},"event":{"count":1,"data":{"created":1582816248462},"id":"registered"}}
{"recorder_version":"31","session":"61b4e07ca920","build":"193.6494.35","bucket":"126","time":1582816242127,"group":{"id":"ide.update.dialog","version":"1"},"event":{"count":1,"data":{"created":1582816248462},"id":"registered"}}
{"recorder_version":"31","session":"61b4e07ca920","build":"193.6494.35","bucket":"126","time":1582816242127,"group":{"id":"toolbar","version":"31"},"event":{"count":1,"data":{"created":1582816248462},"id":"registered"}}
{"recorder_version":"31","session":"61b4e07ca920","build":"193.6494.35","bucket":"126","time":1582816242127,"group":{"id":"build.gradle.actions","version":"1"},"event":{"count":1,"data":{"created":1582816248462},"id":"registered"}}
{"recorder_version":"31","session":"61b4e07ca920","build":"193.6494.35","bucket":"126","time":1582816242127,"group":{"id":"performance","version":"31"},"event":{"count":1,"data":{"created":1582816248462},"id":"registered"}}
{"recorder_version":"31","session":"61b4e07ca920","build":"193.6494.35","bucket":"126","time":1582816242127,"group":{"id":"build","version":"2"},"event":{"count":1,"data":{"created":1582816248462},"id":"registered"}}
{"recorder_version":"31","session":"61b4e07ca920","build":"193.6494.35","bucket":"126","time":1582816242127,"group":{"id":"searchEverywhere","version":"3"},"event":{"count":1,"data":{"created":1582816248463},"id":"registered"}}
{"recorder_version":"31","session":"61b4e07ca920","build":"193.6494.35","bucket":"126","time":1582816242127,"group":{"id":"kotlin.ide.action.refactoring","version":"1"},"event":{"count":1,"data":{"created":1582816248463},"id":"registered"}}
{"recorder_version":"31","session":"61b4e07ca920","build":"193.6494.35","bucket":"126","time":1582816242127,"group":{"id":"ui.tips","version":"3"},"event":{"count":1,"data":{"created":1582816248463},"id":"registered"}}
{"recorder_version":"31","session":"61b4e07ca920","build":"193.6494.35","bucket":"126","time":1582816242127,"group":{"id":"surround.with","version":"2"},"event":{"count":1,"data":{"created":1582816248463},"id":"registered"}}
{"recorder_version":"31","session":"61b4e07ca920","build":"193.6494.35","bucket":"126","time":1582816242127,"group":{"id":"import.old.config","version":"3"},"event":{"count":1,"data":{"created":1582816248463},"id":"registered"}}
{"recorder_version":"31","session":"61b4e07ca920","build":"193.6494.35","bucket":"126","time":1582816242127,"group":{"id":"kotlin.jps.target","version":"3"},"event":{"count":1,"data":{"created":1582816248463},"id":"registered"}}
{"recorder_version":"31","session":"61b4e07ca920","build":"193.6494.35","bucket":"126","time":1582816242127,"group":{"id":"completion.postfix","version":"31"},"event":{"count":1,"data":{"created":1582816248463},"id":"registered"}}
{"recorder_version":"31","session":"61b4e07ca920","build":"193.6494.35","bucket":"126","time":1582816242127,"group":{"id":"build.maven.packagesearch","version":"2"},"event":{"count":1,"data":{"created":1582816248463},"id":"registered"}}
{"recorder_version":"31","session":"61b4e07ca920","build":"193.6494.35","bucket":"126","time":1582816245444,"group":{"id":"performance","version":"31"},"event":{"count":1,"data":{"duration_ms":0,"created":1582816248464},"id":"ui.latency"}}
{"recorder_version":"31","session":"61b4e07ca920","build":"193.6494.35","bucket":"126","time":1582816282119,"group":{"id":"lifecycle","version":"31"},"event":{"count":1,"data":{"created":1582816282120,"project":"85415607ddcf01c0d477be165c241326795df368ae567f8ceaecbb03033f487e"},"id":"frame.activated"}}
{"recorder_version":"31","session":"61b4e07ca920","build":"193.6494.35","bucket":"126","time":1582816291208,"group":{"id":"toolwindow","version":"31"},"event":{"count":1,"data":{"ViewMode":"Dock_Pinned","created":1582816291208,"plugin_type":"PLATFORM","id":"Project","Location":"Left_Top"},"id":"activated"}}
{"recorder_version":"31","session":"61b4e07ca920","build":"193.6494.35","bucket":"126","time":1582816296247,"group":{"id":"actions","version":"31"},"event":{"count":1,"data":{"context_menu":true,"action_id":"third.party","created":1582816296247,"plugin_type":"NOT_LISTED","project":"85415607ddcf01c0d477be165c241326795df368ae567f8ceaecbb03033f487e","place":"MainMenu","class":"third.party","input_event":"MouseLeft"},"id":"action.invoked"}}
{"recorder_version":"31","session":"61b4e07ca920","build":"193.6494.35","bucket":"126","time":1582816296256,"group":{"id":"ui.dialogs","version":"31"},"event":{"count":1,"data":{"created":1582816296256,"plugin_type":"PLATFORM","dialog_class":"com.intellij.openapi.fileChooser.ex.FileChooserDialogImpl"},"id":"show"}}
{"recorder_version":"31","session":"61b4e07ca920","build":"193.6494.35","bucket":"126","time":1582816308355,"group":{"id":"ui.dialogs","version":"31"},"event":{"count":1,"data":{"code":0,"created":1582816308355,"plugin_type":"PLATFORM","dialog_class":"com.intellij.openapi.fileChooser.ex.FileChooserDialogImpl"},"id":"close"}}
{"recorder_version":"31","session":"61b4e07ca920","build":"193.6494.35","bucket":"126","time":1582816308385,"group":{"id":"ui.dialogs","version":"31"},"event":{"count":1,"data":{"created":1582816308386,"plugin_type":"PLATFORM","dialog_class":"com.intellij.openapi.ui.messages.MessageDialog"},"id":"show"}}
{"recorder_version":"31","session":"61b4e07ca920","build":"193.6494.35","bucket":"126","time":1582816320400,"group":{"id":"lifecycle","version":"31"},"event":{"count":1,"data":{"created":1582816320402,"project":"85415607ddcf01c0d477be165c241326795df368ae567f8ceaecbb03033f487e"},"id":"frame.deactivated"}}
{"recorder_version":"31","session":"61b4e07ca920","build":"193.6494.35","bucket":"126","time":1582816321336,"group":{"id":"lifecycle","version":"31"},"event":{"count":1,"data":{"created":1582816321339,"project":"85415607ddcf01c0d477be165c241326795df368ae567f8ceaecbb03033f487e"},"id":"frame.activated"}}
{"recorder_version":"31","session":"61b4e07ca920","build":"193.6494.35","bucket":"126","time":1582816322318,"group":{"id":"lifecycle","version":"31"},"event":{"count":1,"data":{"created":1582816322685,"project":"85415607ddcf01c0d477be165c241326795df368ae567f8ceaecbb03033f487e"},"id":"frame.deactivated"}}
{"recorder_version":"31","session":"61b4e07ca920","build":"193.6494.35","bucket":"126","time":1582816345840,"group":{"id":"performance","version":"31"},"event":{"count":1,"data":{"duration_ms":0,"created":1582816345840},"id":"ui.latency"}}
{"recorder_version":"31","session":"61b4e07ca920","build":"193.6494.35","bucket":"126","time":1582816446302,"group":{"id":"performance","version":"31"},"event":{"count":1,"data":{"duration_ms":0,"created":1582816446302},"id":"ui.latency"}}
{"recorder_version":"31","session":"61b4e07ca920","build":"193.6494.35","bucket":"126","time":1582816449463,"group":{"id":"lifecycle","version":"31"},"event":{"count":1,"data":{"created":1582816449464,"project":"85415607ddcf01c0d477be165c241326795df368ae567f8ceaecbb03033f487e"},"id":"frame.activated"}}
{"recorder_version":"31","session":"61b4e07ca920","build":"193.6494.35","bucket":"126","time":1582816460258,"group":{"id":"lifecycle","version":"31"},"event":{"count":1,"data":{"created":1582816460289,"project":"85415607ddcf01c0d477be165c241326795df368ae567f8ceaecbb03033f487e"},"id":"frame.deactivated"}}
{"recorder_version":"31","session":"61b4e07ca920","build":"193.6494.35","bucket":"126","time":1582816464007,"group":{"id":"lifecycle","version":"31"},"event":{"count":1,"data":{"created":1582816464007,"project":"85415607ddcf01c0d477be165c241326795df368ae567f8ceaecbb03033f487e"},"id":"frame.activated"}}
{"recorder_version":"31","session":"61b4e07ca920","build":"193.6494.35","bucket":"126","time":1582816465783,"group":{"id":"ui.dialogs","version":"31"},"event":{"count":1,"data":{"created":1582816465783,"plugin_type":"PLATFORM","dialog_class":"com.intellij.openapi.ui.messages.MessageDialog"},"id":"show"}}
{"recorder_version":"31","session":"61b4e07ca920","build":"193.6494.35","bucket":"126","time":1582816466957,"group":{"id":"lifecycle","version":"31"},"event":{"count":1,"data":{"restart":false,"created":1582816466957},"id":"ide.close"}}
{"recorder_version":"31","session":"61b4e07ca920","build":"193.6494.35","bucket":"126","time":1582816467173,"group":{"id":"lifecycle","version":"31"},"event":{"count":1,"data":{"created":1582816467174,"project":"85415607ddcf01c0d477be165c241326795df368ae567f8ceaecbb03033f487e"},"id":"project.closed"}}
