{"recorder_version":"31","session":"a62577e9aecc","build":"193.6494.35","bucket":"126","time":1582815612642,"group":{"id":"settings","version":"4"},"event":{"state":true,"data":{"component":"NotRoamableUiSettings","created":1582815613199},"id":"invoked"}}
{"recorder_version":"31","session":"a62577e9aecc","build":"193.6494.35","bucket":"126","time":1582815612647,"group":{"id":"settings","version":"4"},"event":{"state":true,"data":{"component":"UISettings","created":1582815613201},"id":"invoked"}}
{"recorder_version":"31","session":"a62577e9aecc","build":"193.6494.35","bucket":"126","time":1582815612659,"group":{"id":"system.java","version":"1"},"event":{"state":true,"data":{"created":1582815613212,"version":"validation.undefined_rule"},"id":"validation.undefined_rule"}}
{"recorder_version":"31","session":"a62577e9aecc","build":"193.6494.35","bucket":"126","time":1582815612659,"group":{"id":"system.java","version":"1"},"event":{"state":true,"data":{"created":1582815613213},"id":"invoked"}}
{"recorder_version":"31","session":"a62577e9aecc","build":"193.6494.35","bucket":"126","time":1582815612685,"group":{"id":"system.os","version":"3"},"event":{"state":true,"data":{"created":1582815613214,"version":"10.0"},"id":"Windows"}}
{"recorder_version":"31","session":"a62577e9aecc","build":"193.6494.35","bucket":"126","time":1582815612685,"group":{"id":"system.os","version":"3"},"event":{"state":true,"data":{"created":1582815613215,"name":"Windows","version":"10.0"},"id":"os.name"}}
{"recorder_version":"31","session":"a62577e9aecc","build":"193.6494.35","bucket":"126","time":1582815612685,"group":{"id":"system.os","version":"3"},"event":{"state":true,"data":{"created":1582815613216,"value":"+01_00"},"id":"os.timezone"}}
{"recorder_version":"31","session":"a62577e9aecc","build":"193.6494.35","bucket":"126","time":1582815612685,"group":{"id":"system.os","version":"3"},"event":{"state":true,"data":{"created":1582815613216},"id":"invoked"}}
{"recorder_version":"31","session":"a62577e9aecc","build":"193.6494.35","bucket":"126","time":1582815613104,"group":{"id":"event.log","version":"31"},"event":{"count":1,"data":{"created":1582815613216,"version":"1121.0"},"id":"whitelist.loaded"}}
{"recorder_version":"31","session":"a62577e9aecc","build":"193.6494.35","bucket":"126","time":1582815619890,"group":{"id":"settings","version":"4"},"event":{"state":true,"data":{"component":"GeneralSettings","created":1582815619890},"id":"invoked"}}
{"recorder_version":"31","session":"a62577e9aecc","build":"193.6494.35","bucket":"126","time":1582815621254,"group":{"id":"settings","version":"4"},"event":{"state":true,"data":{"component":"UpdatesConfigurable","created":1582815621255,"name":"checkNeeded","type":"bool","value":false},"id":"not.default"}}
{"recorder_version":"31","session":"a62577e9aecc","build":"193.6494.35","bucket":"126","time":1582815621255,"group":{"id":"settings","version":"4"},"event":{"state":true,"data":{"component":"UpdatesConfigurable","created":1582815621255},"id":"invoked"}}
{"recorder_version":"31","session":"a62577e9aecc","build":"193.6494.35","bucket":"126","time":1582815621630,"group":{"id":"lifecycle","version":"31"},"event":{"count":1,"data":{"internal":true,"eap":false,"created":1582815621637},"id":"ide.start"}}
{"recorder_version":"31","session":"a62577e9aecc","build":"193.6494.35","bucket":"126","time":1582815622423,"group":{"id":"settings","version":"4"},"event":{"state":true,"data":{"component":"XmlEditorOptions","created":1582815622425},"id":"invoked"}}
{"recorder_version":"31","session":"a62577e9aecc","build":"193.6494.35","bucket":"126","time":1582815622871,"group":{"id":"performance","version":"31"},"event":{"count":1,"data":{"duration_ms":1013,"created":1582815622933},"id":"ui.latency"}}
{"recorder_version":"31","session":"a62577e9aecc","build":"193.6494.35","bucket":"126","time":1582815622871,"group":{"id":"performance","version":"31"},"event":{"count":1,"data":{"duration_ms":1013,"created":1582815622934},"id":"ui.lagging"}}
{"recorder_version":"31","session":"a62577e9aecc","build":"193.6494.35","bucket":"126","time":1582815622944,"group":{"id":"lifecycle","version":"31"},"event":{"count":1,"data":{"created":1582815623033},"id":"frame.activated"}}
{"recorder_version":"31","session":"a62577e9aecc","build":"193.6494.35","bucket":"126","time":1582815622979,"group":{"id":"settings","version":"4"},"event":{"state":true,"data":{"component":"VcsApplicationSettings","created":1582815623034},"id":"invoked"}}
{"recorder_version":"31","session":"a62577e9aecc","build":"193.6494.35","bucket":"126","time":1582815622991,"group":{"id":"performance","version":"31"},"event":{"count":1,"data":{"duration_ms":132,"created":1582815623063},"id":"ui.lagging"}}
{"recorder_version":"31","session":"a62577e9aecc","build":"193.6494.35","bucket":"126","time":1582815623032,"group":{"id":"ui.dialogs","version":"31"},"event":{"count":1,"data":{"created":1582815623073,"plugin_type":"PLATFORM","dialog_class":"com.intellij.openapi.progress.util.ProgressDialog$MyDialogWrapper"},"id":"show"}}
{"recorder_version":"31","session":"a62577e9aecc","build":"193.6494.35","bucket":"126","time":1582815628926,"group":{"id":"lifecycle","version":"31"},"event":{"count":1,"data":{"created":1582815628933,"project":"85415607ddcf01c0d477be165c241326795df368ae567f8ceaecbb03033f487e"},"id":"project.opened"}}
{"recorder_version":"31","session":"a62577e9aecc","build":"193.6494.35","bucket":"126","time":1582815629931,"group":{"id":"performance","version":"31"},"event":{"count":1,"data":{"duration_ms":993,"created":1582815629960},"id":"ui.lagging"}}
{"recorder_version":"31","session":"a62577e9aecc","build":"193.6494.35","bucket":"126","time":1582815630371,"group":{"id":"indexing","version":"2"},"event":{"count":1,"data":{"ide_activity_id":1,"created":1582815630373,"project":"85415607ddcf01c0d477be165c241326795df368ae567f8ceaecbb03033f487e"},"id":"started"}}
{"recorder_version":"31","session":"a62577e9aecc","build":"193.6494.35","bucket":"126","time":1582815630375,"group":{"id":"indexing","version":"2"},"event":{"count":1,"data":{"ide_activity_id":1,"stage_class":"com.intellij.util.indexing.UnindexedFilesUpdater","created":1582815630375,"plugin_type":"PLATFORM"},"id":"stage"}}
{"recorder_version":"31","session":"a62577e9aecc","build":"193.6494.35","bucket":"126","time":1582815630861,"group":{"id":"ui.tips","version":"3"},"event":{"count":1,"data":{"created":1582815630861,"type":"automatically"},"id":"dialog.shown"}}
{"recorder_version":"31","session":"a62577e9aecc","build":"193.6494.35","bucket":"126","time":1582815631078,"group":{"id":"ui.tips","version":"3"},"event":{"count":1,"data":{"feature_id":"db.console.run.intention","filename":"InjectSQLLanguage.html","plugin":"org.intellij.intelliLang","created":1582815631108,"plugin_type":"JB_BUNDLED"},"id":"tip.shown"}}
{"recorder_version":"31","session":"a62577e9aecc","build":"193.6494.35","bucket":"126","time":1582815631116,"group":{"id":"ui.dialogs","version":"31"},"event":{"count":1,"data":{"created":1582815631158,"plugin_type":"PLATFORM","dialog_class":"com.intellij.ide.util.TipDialog"},"id":"show"}}
{"recorder_version":"31","session":"a62577e9aecc","build":"193.6494.35","bucket":"126","time":1582815631607,"group":{"id":"performance","version":"31"},"event":{"count":1,"data":{"duration_ms":563,"created":1582815631691},"id":"ui.lagging"}}
{"recorder_version":"31","session":"a62577e9aecc","build":"193.6494.35","bucket":"126","time":1582815633436,"group":{"id":"project.fs","version":"1"},"event":{"state":true,"data":{"os":"Windows","cs-project":false,"created":1582815633457,"project":"85415607ddcf01c0d477be165c241326795df368ae567f8ceaecbb03033f487e","cs-implicit":true,"cs-system":false},"id":"case-sensitivity"}}
{"recorder_version":"31","session":"a62577e9aecc","build":"193.6494.35","bucket":"126","time":1582815633436,"group":{"id":"project.fs","version":"1"},"event":{"state":true,"data":{"created":1582815633458},"id":"invoked"}}
{"recorder_version":"31","session":"a62577e9aecc","build":"193.6494.35","bucket":"126","time":1582815633458,"group":{"id":"project.fs","version":"1"},"event":{"state":true,"data":{"pct-non-watched":0,"created":1582815633511,"project":"85415607ddcf01c0d477be165c241326795df368ae567f8ceaecbb03033f487e"},"id":"roots-watched"}}
{"recorder_version":"31","session":"a62577e9aecc","build":"193.6494.35","bucket":"126","time":1582815633458,"group":{"id":"project.fs","version":"1"},"event":{"state":true,"data":{"created":1582815633512},"id":"invoked"}}
{"recorder_version":"31","session":"a62577e9aecc","build":"193.6494.35","bucket":"126","time":1582815633572,"group":{"id":"performance","version":"31"},"event":{"count":1,"data":{"duration_ms":446,"created":1582815633619},"id":"ui.lagging"}}
{"recorder_version":"31","session":"a62577e9aecc","build":"193.6494.35","bucket":"126","time":1582815633591,"group":{"id":"ui.dialogs","version":"31"},"event":{"count":1,"data":{"code":1,"created":1582815633620,"plugin_type":"PLATFORM","dialog_class":"com.intellij.openapi.progress.util.ProgressDialog$MyDialogWrapper"},"id":"close"}}
{"recorder_version":"31","session":"a62577e9aecc","build":"193.6494.35","bucket":"126","time":1582815633713,"group":{"id":"lifecycle","version":"31"},"event":{"count":1,"data":{"duration_ms":11799,"created":1582815633748,"project":"85415607ddcf01c0d477be165c241326795df368ae567f8ceaecbb03033f487e"},"id":"project.opening.finished"}}
{"recorder_version":"31","session":"a62577e9aecc","build":"193.6494.35","bucket":"126","time":1582815634730,"group":{"id":"indexing","version":"2"},"event":{"count":1,"data":{"duration_ms":4359,"ide_activity_id":1,"created":1582815634732},"id":"finished"}}
{"recorder_version":"31","session":"a62577e9aecc","build":"193.6494.35","bucket":"126","time":1582815635196,"group":{"id":"indexing","version":"2"},"event":{"count":1,"data":{"ide_activity_id":2,"created":1582815635200,"project":"85415607ddcf01c0d477be165c241326795df368ae567f8ceaecbb03033f487e"},"id":"started"}}
{"recorder_version":"31","session":"a62577e9aecc","build":"193.6494.35","bucket":"126","time":1582815635247,"group":{"id":"indexing","version":"2"},"event":{"count":1,"data":{"ide_activity_id":2,"plugin":"org.jetbrains.android","stage_class":"com.android.tools.idea.res.ResourceFolderRepositoryFileCacheImpl$PruneTask","created":1582815635258,"plugin_type":"JB_BUNDLED"},"id":"stage"}}
{"recorder_version":"31","session":"a62577e9aecc","build":"193.6494.35","bucket":"126","time":1582815635340,"group":{"id":"performance","version":"31"},"event":{"count":1,"data":{"duration_ms":132,"created":1582815635376},"id":"ui.lagging"}}
{"recorder_version":"31","session":"a62577e9aecc","build":"193.6494.35","bucket":"126","time":1582815635377,"group":{"id":"indexing","version":"2"},"event":{"count":1,"data":{"ide_activity_id":2,"plugin":"org.jetbrains.android","stage_class":"com.android.tools.idea.res.ResourceFolderRepositoryFileCacheImpl$ManageLruProjectFilesTask","created":1582815635381,"plugin_type":"JB_BUNDLED"},"id":"stage"}}
{"recorder_version":"31","session":"a62577e9aecc","build":"193.6494.35","bucket":"126","time":1582815635472,"group":{"id":"indexing","version":"2"},"event":{"count":1,"data":{"duration_ms":276,"ide_activity_id":2,"created":1582815635473},"id":"finished"}}
{"recorder_version":"31","session":"a62577e9aecc","build":"193.6494.35","bucket":"126","time":1582815635494,"group":{"id":"indexing","version":"2"},"event":{"count":1,"data":{"ide_activity_id":3,"created":1582815635495,"project":"85415607ddcf01c0d477be165c241326795df368ae567f8ceaecbb03033f487e"},"id":"started"}}
{"recorder_version":"31","session":"a62577e9aecc","build":"193.6494.35","bucket":"126","time":1582815635495,"group":{"id":"indexing","version":"2"},"event":{"count":1,"data":{"ide_activity_id":3,"plugin":"org.jetbrains.android","stage_class":"com.android.tools.idea.res.ResourceFolderRegistry$PopulateCachesTask","created":1582815635497,"plugin_type":"JB_BUNDLED"},"id":"stage"}}
{"recorder_version":"31","session":"a62577e9aecc","build":"193.6494.35","bucket":"126","time":1582815635500,"group":{"id":"indexing","version":"2"},"event":{"count":1,"data":{"duration_ms":6,"ide_activity_id":3,"created":1582815635503},"id":"finished"}}
{"recorder_version":"31","session":"a62577e9aecc","build":"193.6494.35","bucket":"126","time":1582815641151,"group":{"id":"startup","version":"1"},"event":{"count":1,"data":{"duration":23474,"created":1582815641151},"id":"appInit"}}
{"recorder_version":"31","session":"a62577e9aecc","build":"193.6494.35","bucket":"126","time":1582815641151,"group":{"id":"startup","version":"1"},"event":{"count":1,"data":{"duration":516,"created":1582815641151},"id":"splash"}}
{"recorder_version":"31","session":"a62577e9aecc","build":"193.6494.35","bucket":"126","time":1582815641151,"group":{"id":"startup","version":"1"},"event":{"count":1,"data":{"duration":711,"created":1582815641151},"id":"bootstrap"}}
{"recorder_version":"31","session":"a62577e9aecc","build":"193.6494.35","bucket":"126","time":1582815641151,"group":{"id":"startup","version":"1"},"event":{"count":1,"data":{"duration":40673,"created":1582815641152},"id":"totalDuration"}}
{"recorder_version":"31","session":"a62577e9aecc","build":"193.6494.35","bucket":"126","time":1582815642856,"group":{"id":"ui.dialogs","version":"31"},"event":{"count":1,"data":{"code":1,"created":1582815642863,"plugin_type":"PLATFORM","dialog_class":"com.intellij.ide.util.TipDialog"},"id":"close"}}
{"recorder_version":"31","session":"a62577e9aecc","build":"193.6494.35","bucket":"126","time":1582815645647,"group":{"id":"actions","version":"31"},"event":{"count":1,"data":{"context_menu":true,"action_id":"third.party","created":1582815645648,"plugin_type":"NOT_LISTED","project":"85415607ddcf01c0d477be165c241326795df368ae567f8ceaecbb03033f487e","place":"MainMenu","class":"third.party","input_event":"MouseLeft"},"id":"action.invoked"}}
{"recorder_version":"31","session":"a62577e9aecc","build":"193.6494.35","bucket":"126","time":1582815645834,"group":{"id":"ui.dialogs","version":"31"},"event":{"count":1,"data":{"created":1582815645840,"plugin_type":"PLATFORM","dialog_class":"com.intellij.openapi.fileChooser.ex.FileChooserDialogImpl"},"id":"show"}}
{"recorder_version":"31","session":"a62577e9aecc","build":"193.6494.35","bucket":"126","time":1582815656301,"group":{"id":"ui.dialogs","version":"31"},"event":{"count":1,"data":{"code":0,"created":1582815656301,"plugin_type":"PLATFORM","dialog_class":"com.intellij.openapi.fileChooser.ex.FileChooserDialogImpl"},"id":"close"}}
{"recorder_version":"31","session":"a62577e9aecc","build":"193.6494.35","bucket":"126","time":1582815656354,"group":{"id":"ui.dialogs","version":"31"},"event":{"count":1,"data":{"created":1582815656354,"plugin_type":"PLATFORM","dialog_class":"com.intellij.openapi.ui.messages.MessageDialog"},"id":"show"}}
{"recorder_version":"31","session":"a62577e9aecc","build":"193.6494.35","bucket":"126","time":1582815661726,"group":{"id":"lifecycle","version":"31"},"event":{"count":1,"data":{"created":1582815661733,"project":"85415607ddcf01c0d477be165c241326795df368ae567f8ceaecbb03033f487e"},"id":"frame.deactivated"}}
{"recorder_version":"31","session":"a62577e9aecc","build":"193.6494.35","bucket":"126","time":1582815679363,"group":{"id":"lifecycle","version":"31"},"event":{"count":1,"data":{"created":1582815679368,"project":"85415607ddcf01c0d477be165c241326795df368ae567f8ceaecbb03033f487e"},"id":"frame.activated"}}
{"recorder_version":"31","session":"a62577e9aecc","build":"193.6494.35","bucket":"126","time":1582815680208,"group":{"id":"actions","version":"31"},"event":{"count":1,"data":{"context_menu":true,"action_id":"third.party","created":1582815680209,"plugin_type":"NOT_LISTED","project":"85415607ddcf01c0d477be165c241326795df368ae567f8ceaecbb03033f487e","place":"MainMenu","class":"third.party","input_event":"MouseLeft"},"id":"action.invoked"}}
{"recorder_version":"31","session":"a62577e9aecc","build":"193.6494.35","bucket":"126","time":1582815680219,"group":{"id":"ui.dialogs","version":"31"},"event":{"count":1,"data":{"created":1582815680219,"plugin_type":"PLATFORM","dialog_class":"com.intellij.openapi.fileChooser.ex.FileChooserDialogImpl"},"id":"show"}}
{"recorder_version":"31","session":"a62577e9aecc","build":"193.6494.35","bucket":"126","time":1582815685418,"group":{"id":"lifecycle","version":"31"},"event":{"count":1,"data":{"created":1582815685420,"project":"85415607ddcf01c0d477be165c241326795df368ae567f8ceaecbb03033f487e"},"id":"frame.deactivated"}}
{"recorder_version":"31","session":"a62577e9aecc","build":"193.6494.35","bucket":"126","time":1582815713941,"group":{"id":"lifecycle","version":"31"},"event":{"count":1,"data":{"created":1582815713945,"project":"85415607ddcf01c0d477be165c241326795df368ae567f8ceaecbb03033f487e"},"id":"frame.activated"}}
{"recorder_version":"31","session":"a62577e9aecc","build":"193.6494.35","bucket":"126","time":1582815714739,"group":{"id":"ui.dialogs","version":"31"},"event":{"count":1,"data":{"code":0,"created":1582815714740,"plugin_type":"PLATFORM","dialog_class":"com.intellij.openapi.fileChooser.ex.FileChooserDialogImpl"},"id":"close"}}
{"recorder_version":"31","session":"a62577e9aecc","build":"193.6494.35","bucket":"126","time":1582815714772,"group":{"id":"ui.dialogs","version":"31"},"event":{"count":1,"data":{"created":1582815714772,"plugin_type":"PLATFORM","dialog_class":"com.intellij.openapi.ui.messages.MessageDialog"},"id":"show"}}
{"recorder_version":"31","session":"a62577e9aecc","build":"193.6494.35","bucket":"126","time":1582815716527,"group":{"id":"lifecycle","version":"31"},"event":{"count":1,"data":{"created":1582815716532,"project":"85415607ddcf01c0d477be165c241326795df368ae567f8ceaecbb03033f487e"},"id":"frame.deactivated"}}
