{"recorder_version":"31","session":"b08cd9ceb906","build":"193.6494.35","bucket":"126","time":1582815835924,"group":{"id":"settings","version":"4"},"event":{"state":true,"data":{"component":"NotRoamableUiSettings","created":1582815836853},"id":"invoked"}}
{"recorder_version":"31","session":"b08cd9ceb906","build":"193.6494.35","bucket":"126","time":1582815835925,"group":{"id":"settings","version":"4"},"event":{"state":true,"data":{"component":"UISettings","created":1582815836889},"id":"invoked"}}
{"recorder_version":"31","session":"b08cd9ceb906","build":"193.6494.35","bucket":"126","time":1582815835941,"group":{"id":"system.java","version":"1"},"event":{"state":true,"data":{"created":1582815837061,"version":"validation.undefined_rule"},"id":"validation.undefined_rule"}}
{"recorder_version":"31","session":"b08cd9ceb906","build":"193.6494.35","bucket":"126","time":1582815835941,"group":{"id":"system.java","version":"1"},"event":{"state":true,"data":{"created":1582815837062},"id":"invoked"}}
{"recorder_version":"31","session":"b08cd9ceb906","build":"193.6494.35","bucket":"126","time":1582815835985,"group":{"id":"system.os","version":"3"},"event":{"state":true,"data":{"created":1582815837070,"version":"10.0"},"id":"Windows"}}
{"recorder_version":"31","session":"b08cd9ceb906","build":"193.6494.35","bucket":"126","time":1582815835985,"group":{"id":"system.os","version":"3"},"event":{"state":true,"data":{"created":1582815837072,"name":"Windows","version":"10.0"},"id":"os.name"}}
{"recorder_version":"31","session":"b08cd9ceb906","build":"193.6494.35","bucket":"126","time":1582815835985,"group":{"id":"system.os","version":"3"},"event":{"state":true,"data":{"created":1582815837072,"value":"+01_00"},"id":"os.timezone"}}
{"recorder_version":"31","session":"b08cd9ceb906","build":"193.6494.35","bucket":"126","time":1582815835985,"group":{"id":"system.os","version":"3"},"event":{"state":true,"data":{"created":1582815837073},"id":"invoked"}}
{"recorder_version":"31","session":"b08cd9ceb906","build":"193.6494.35","bucket":"126","time":1582815836629,"group":{"id":"event.log","version":"31"},"event":{"count":1,"data":{"created":1582815837075,"version":"1121.0"},"id":"whitelist.loaded"}}
{"recorder_version":"31","session":"b08cd9ceb906","build":"193.6494.35","bucket":"126","time":1582815844848,"group":{"id":"settings","version":"4"},"event":{"state":true,"data":{"component":"GeneralSettings","created":1582815844848},"id":"invoked"}}
{"recorder_version":"31","session":"b08cd9ceb906","build":"193.6494.35","bucket":"126","time":1582815847898,"group":{"id":"settings","version":"4"},"event":{"state":true,"data":{"component":"UpdatesConfigurable","created":1582815847900,"name":"checkNeeded","type":"bool","value":false},"id":"not.default"}}
{"recorder_version":"31","session":"b08cd9ceb906","build":"193.6494.35","bucket":"126","time":1582815847898,"group":{"id":"settings","version":"4"},"event":{"state":true,"data":{"component":"UpdatesConfigurable","created":1582815847903},"id":"invoked"}}
{"recorder_version":"31","session":"b08cd9ceb906","build":"193.6494.35","bucket":"126","time":1582815848540,"group":{"id":"performance","version":"31"},"event":{"count":1,"data":{"duration_ms":148,"created":1582815848543},"id":"ui.latency"}}
{"recorder_version":"31","session":"b08cd9ceb906","build":"193.6494.35","bucket":"126","time":1582815848540,"group":{"id":"lifecycle","version":"31"},"event":{"count":1,"data":{"internal":true,"eap":false,"created":1582815848548},"id":"ide.start"}}
{"recorder_version":"31","session":"b08cd9ceb906","build":"193.6494.35","bucket":"126","time":1582815848541,"group":{"id":"performance","version":"31"},"event":{"count":1,"data":{"duration_ms":148,"created":1582815848549},"id":"ui.lagging"}}
{"recorder_version":"31","session":"b08cd9ceb906","build":"193.6494.35","bucket":"126","time":1582815848744,"group":{"id":"settings","version":"4"},"event":{"state":true,"data":{"component":"XmlEditorOptions","created":1582815848784},"id":"invoked"}}
{"recorder_version":"31","session":"b08cd9ceb906","build":"193.6494.35","bucket":"126","time":1582815849843,"group":{"id":"performance","version":"31"},"event":{"count":1,"data":{"duration_ms":607,"created":1582815849856},"id":"ui.lagging"}}
{"recorder_version":"31","session":"b08cd9ceb906","build":"193.6494.35","bucket":"126","time":1582815849854,"group":{"id":"lifecycle","version":"31"},"event":{"count":1,"data":{"created":1582815849859},"id":"frame.activated"}}
{"recorder_version":"31","session":"b08cd9ceb906","build":"193.6494.35","bucket":"126","time":1582815850319,"group":{"id":"settings","version":"4"},"event":{"state":true,"data":{"component":"VcsApplicationSettings","created":1582815850329},"id":"invoked"}}
{"recorder_version":"31","session":"b08cd9ceb906","build":"193.6494.35","bucket":"126","time":1582815850333,"group":{"id":"ui.dialogs","version":"31"},"event":{"count":1,"data":{"created":1582815850335,"plugin_type":"PLATFORM","dialog_class":"com.intellij.openapi.progress.util.ProgressDialog$MyDialogWrapper"},"id":"show"}}
{"recorder_version":"31","session":"b08cd9ceb906","build":"193.6494.35","bucket":"126","time":1582815850896,"group":{"id":"performance","version":"31"},"event":{"count":1,"data":{"duration_ms":581,"created":1582815850976},"id":"ui.lagging"}}
{"recorder_version":"31","session":"b08cd9ceb906","build":"193.6494.35","bucket":"126","time":1582815857771,"group":{"id":"lifecycle","version":"31"},"event":{"count":1,"data":{"created":1582815857796,"project":"85415607ddcf01c0d477be165c241326795df368ae567f8ceaecbb03033f487e"},"id":"project.opened"}}
{"recorder_version":"31","session":"b08cd9ceb906","build":"193.6494.35","bucket":"126","time":1582815859118,"group":{"id":"performance","version":"31"},"event":{"count":1,"data":{"duration_ms":1570,"created":1582815859252},"id":"ui.lagging"}}
{"recorder_version":"31","session":"b08cd9ceb906","build":"193.6494.35","bucket":"126","time":1582815859202,"group":{"id":"performance","version":"31"},"event":{"count":1,"data":{"duration_ms":610,"created":1582815859253},"id":"ui.lagging"}}
{"recorder_version":"31","session":"b08cd9ceb906","build":"193.6494.35","bucket":"126","time":1582815859806,"group":{"id":"indexing","version":"2"},"event":{"count":1,"data":{"ide_activity_id":1,"created":1582815859810,"project":"85415607ddcf01c0d477be165c241326795df368ae567f8ceaecbb03033f487e"},"id":"started"}}
{"recorder_version":"31","session":"b08cd9ceb906","build":"193.6494.35","bucket":"126","time":1582815860062,"group":{"id":"indexing","version":"2"},"event":{"count":1,"data":{"ide_activity_id":1,"stage_class":"com.intellij.util.indexing.UnindexedFilesUpdater","created":1582815860063,"plugin_type":"PLATFORM"},"id":"stage"}}
{"recorder_version":"31","session":"b08cd9ceb906","build":"193.6494.35","bucket":"126","time":1582815860147,"group":{"id":"ui.tips","version":"3"},"event":{"count":1,"data":{"created":1582815860150,"type":"automatically"},"id":"dialog.shown"}}
{"recorder_version":"31","session":"b08cd9ceb906","build":"193.6494.35","bucket":"126","time":1582815860251,"group":{"id":"ui.tips","version":"3"},"event":{"count":1,"data":{"feature_id":"no.feature.id","filename":"neue-13b5374e.html","plugin":"com.intellij.java.ide","created":1582815860317,"plugin_type":"JB_BUNDLED"},"id":"tip.shown"}}
{"recorder_version":"31","session":"b08cd9ceb906","build":"193.6494.35","bucket":"126","time":1582815860279,"group":{"id":"ui.dialogs","version":"31"},"event":{"count":1,"data":{"created":1582815860318,"plugin_type":"PLATFORM","dialog_class":"com.intellij.ide.util.TipDialog"},"id":"show"}}
{"recorder_version":"31","session":"b08cd9ceb906","build":"193.6494.35","bucket":"126","time":1582815863937,"group":{"id":"performance","version":"31"},"event":{"count":1,"data":{"duration_ms":250,"created":1582815863942},"id":"ui.lagging"}}
{"recorder_version":"31","session":"b08cd9ceb906","build":"193.6494.35","bucket":"126","time":1582815863987,"group":{"id":"project.fs","version":"1"},"event":{"state":true,"data":{"os":"Windows","cs-project":false,"created":1582815863996,"project":"85415607ddcf01c0d477be165c241326795df368ae567f8ceaecbb03033f487e","cs-implicit":true,"cs-system":false},"id":"case-sensitivity"}}
{"recorder_version":"31","session":"b08cd9ceb906","build":"193.6494.35","bucket":"126","time":1582815863987,"group":{"id":"project.fs","version":"1"},"event":{"state":true,"data":{"created":1582815863997},"id":"invoked"}}
{"recorder_version":"31","session":"b08cd9ceb906","build":"193.6494.35","bucket":"126","time":1582815863997,"group":{"id":"project.fs","version":"1"},"event":{"state":true,"data":{"pct-non-watched":0,"created":1582815864004,"project":"85415607ddcf01c0d477be165c241326795df368ae567f8ceaecbb03033f487e"},"id":"roots-watched"}}
{"recorder_version":"31","session":"b08cd9ceb906","build":"193.6494.35","bucket":"126","time":1582815863998,"group":{"id":"project.fs","version":"1"},"event":{"state":true,"data":{"created":1582815864005},"id":"invoked"}}
{"recorder_version":"31","session":"b08cd9ceb906","build":"193.6494.35","bucket":"126","time":1582815864269,"group":{"id":"ui.dialogs","version":"31"},"event":{"count":1,"data":{"code":1,"created":1582815864295,"plugin_type":"PLATFORM","dialog_class":"com.intellij.openapi.progress.util.ProgressDialog$MyDialogWrapper"},"id":"close"}}
{"recorder_version":"31","session":"b08cd9ceb906","build":"193.6494.35","bucket":"126","time":1582815864489,"group":{"id":"lifecycle","version":"31"},"event":{"count":1,"data":{"duration_ms":14760,"created":1582815864632,"project":"85415607ddcf01c0d477be165c241326795df368ae567f8ceaecbb03033f487e"},"id":"project.opening.finished"}}
{"recorder_version":"31","session":"b08cd9ceb906","build":"193.6494.35","bucket":"126","time":1582815864979,"group":{"id":"indexing","version":"2"},"event":{"count":1,"data":{"duration_ms":5172,"ide_activity_id":1,"created":1582815864982},"id":"finished"}}
{"recorder_version":"31","session":"b08cd9ceb906","build":"193.6494.35","bucket":"126","time":1582815865078,"group":{"id":"performance","version":"31"},"event":{"count":1,"data":{"duration_ms":367,"created":1582815865081},"id":"ui.lagging"}}
{"recorder_version":"31","session":"b08cd9ceb906","build":"193.6494.35","bucket":"126","time":1582815865128,"group":{"id":"indexing","version":"2"},"event":{"count":1,"data":{"ide_activity_id":2,"created":1582815865148,"project":"85415607ddcf01c0d477be165c241326795df368ae567f8ceaecbb03033f487e"},"id":"started"}}
{"recorder_version":"31","session":"b08cd9ceb906","build":"193.6494.35","bucket":"126","time":1582815865152,"group":{"id":"indexing","version":"2"},"event":{"count":1,"data":{"ide_activity_id":2,"plugin":"org.jetbrains.android","stage_class":"com.android.tools.idea.res.ResourceFolderRepositoryFileCacheImpl$PruneTask","created":1582815865153,"plugin_type":"JB_BUNDLED"},"id":"stage"}}
{"recorder_version":"31","session":"b08cd9ceb906","build":"193.6494.35","bucket":"126","time":1582815865177,"group":{"id":"indexing","version":"2"},"event":{"count":1,"data":{"ide_activity_id":2,"plugin":"org.jetbrains.android","stage_class":"com.android.tools.idea.res.ResourceFolderRepositoryFileCacheImpl$ManageLruProjectFilesTask","created":1582815865178,"plugin_type":"JB_BUNDLED"},"id":"stage"}}
{"recorder_version":"31","session":"b08cd9ceb906","build":"193.6494.35","bucket":"126","time":1582815865226,"group":{"id":"indexing","version":"2"},"event":{"count":1,"data":{"duration_ms":98,"ide_activity_id":2,"created":1582815865227},"id":"finished"}}
{"recorder_version":"31","session":"b08cd9ceb906","build":"193.6494.35","bucket":"126","time":1582815865259,"group":{"id":"indexing","version":"2"},"event":{"count":1,"data":{"ide_activity_id":3,"created":1582815865265,"project":"85415607ddcf01c0d477be165c241326795df368ae567f8ceaecbb03033f487e"},"id":"started"}}
{"recorder_version":"31","session":"b08cd9ceb906","build":"193.6494.35","bucket":"126","time":1582815865274,"group":{"id":"indexing","version":"2"},"event":{"count":1,"data":{"ide_activity_id":3,"plugin":"org.jetbrains.android","stage_class":"com.android.tools.idea.res.ResourceFolderRegistry$PopulateCachesTask","created":1582815865275,"plugin_type":"JB_BUNDLED"},"id":"stage"}}
{"recorder_version":"31","session":"b08cd9ceb906","build":"193.6494.35","bucket":"126","time":1582815865292,"group":{"id":"indexing","version":"2"},"event":{"count":1,"data":{"duration_ms":33,"ide_activity_id":3,"created":1582815865294},"id":"finished"}}
{"recorder_version":"31","session":"b08cd9ceb906","build":"193.6494.35","bucket":"126","time":1582815865998,"group":{"id":"performance","version":"31"},"event":{"count":1,"data":{"duration_ms":286,"created":1582815866011},"id":"ui.lagging"}}
{"recorder_version":"31","session":"b08cd9ceb906","build":"193.6494.35","bucket":"126","time":1582815866454,"group":{"id":"ui.dialogs","version":"31"},"event":{"count":1,"data":{"code":1,"created":1582815866459,"plugin_type":"PLATFORM","dialog_class":"com.intellij.ide.util.TipDialog"},"id":"close"}}
{"recorder_version":"31","session":"b08cd9ceb906","build":"193.6494.35","bucket":"126","time":1582815871068,"group":{"id":"startup","version":"1"},"event":{"count":1,"data":{"duration":23819,"created":1582815871069},"id":"appInit"}}
{"recorder_version":"31","session":"b08cd9ceb906","build":"193.6494.35","bucket":"126","time":1582815871068,"group":{"id":"startup","version":"1"},"event":{"count":1,"data":{"duration":285,"created":1582815871069},"id":"splash"}}
{"recorder_version":"31","session":"b08cd9ceb906","build":"193.6494.35","bucket":"126","time":1582815871068,"group":{"id":"startup","version":"1"},"event":{"count":1,"data":{"duration":656,"created":1582815871070},"id":"bootstrap"}}
{"recorder_version":"31","session":"b08cd9ceb906","build":"193.6494.35","bucket":"126","time":1582815871068,"group":{"id":"startup","version":"1"},"event":{"count":1,"data":{"duration":43936,"created":1582815871070},"id":"totalDuration"}}
{"recorder_version":"31","session":"b08cd9ceb906","build":"193.6494.35","bucket":"126","time":1582815881826,"group":{"id":"lifecycle","version":"31"},"event":{"count":1,"data":{"created":1582815881951,"project":"85415607ddcf01c0d477be165c241326795df368ae567f8ceaecbb03033f487e"},"id":"frame.deactivated"}}
{"recorder_version":"31","session":"b08cd9ceb906","build":"193.6494.35","bucket":"126","time":1582815897379,"group":{"id":"lifecycle","version":"31"},"event":{"count":1,"data":{"created":1582815897379,"project":"85415607ddcf01c0d477be165c241326795df368ae567f8ceaecbb03033f487e"},"id":"frame.activated"}}
{"recorder_version":"31","session":"b08cd9ceb906","build":"193.6494.35","bucket":"126","time":1582815898368,"group":{"id":"ui.dialogs","version":"31"},"event":{"count":1,"data":{"created":1582815898392,"plugin_type":"PLATFORM","dialog_class":"com.intellij.openapi.ui.messages.MessageDialog"},"id":"show"}}
{"recorder_version":"31","session":"b08cd9ceb906","build":"193.6494.35","bucket":"126","time":1582815899700,"group":{"id":"lifecycle","version":"31"},"event":{"count":1,"data":{"restart":false,"created":1582815899700},"id":"ide.close"}}
{"recorder_version":"31","session":"b08cd9ceb906","build":"193.6494.35","bucket":"126","time":1582815900017,"group":{"id":"lifecycle","version":"31"},"event":{"count":1,"data":{"created":1582815900017,"project":"85415607ddcf01c0d477be165c241326795df368ae567f8ceaecbb03033f487e"},"id":"project.closed"}}
