{"recorder_version":"31","session":"5666114d8c01","build":"193.6494.35","bucket":"126","time":1582814701278,"group":{"id":"settings","version":"4"},"event":{"state":true,"data":{"component":"NotRoamableUiSettings","created":1582814701942},"id":"invoked"}}
{"recorder_version":"31","session":"5666114d8c01","build":"193.6494.35","bucket":"126","time":1582814701279,"group":{"id":"settings","version":"4"},"event":{"state":true,"data":{"component":"UISettings","created":1582814701945},"id":"invoked"}}
{"recorder_version":"31","session":"5666114d8c01","build":"193.6494.35","bucket":"126","time":1582814701286,"group":{"id":"system.java","version":"1"},"event":{"state":true,"data":{"created":1582814701968,"version":"validation.undefined_rule"},"id":"validation.undefined_rule"}}
{"recorder_version":"31","session":"5666114d8c01","build":"193.6494.35","bucket":"126","time":1582814701286,"group":{"id":"system.java","version":"1"},"event":{"state":true,"data":{"created":1582814701970},"id":"invoked"}}
{"recorder_version":"31","session":"5666114d8c01","build":"193.6494.35","bucket":"126","time":1582814701337,"group":{"id":"system.os","version":"3"},"event":{"state":true,"data":{"created":1582814701989,"version":"10.0"},"id":"Windows"}}
{"recorder_version":"31","session":"5666114d8c01","build":"193.6494.35","bucket":"126","time":1582814701337,"group":{"id":"system.os","version":"3"},"event":{"state":true,"data":{"created":1582814701990,"name":"Windows","version":"10.0"},"id":"os.name"}}
{"recorder_version":"31","session":"5666114d8c01","build":"193.6494.35","bucket":"126","time":1582814701337,"group":{"id":"system.os","version":"3"},"event":{"state":true,"data":{"created":1582814701992,"value":"+01_00"},"id":"os.timezone"}}
{"recorder_version":"31","session":"5666114d8c01","build":"193.6494.35","bucket":"126","time":1582814701337,"group":{"id":"system.os","version":"3"},"event":{"state":true,"data":{"created":1582814701992},"id":"invoked"}}
{"recorder_version":"31","session":"5666114d8c01","build":"193.6494.35","bucket":"126","time":1582814701867,"group":{"id":"event.log","version":"31"},"event":{"count":1,"data":{"created":1582814701993,"version":"1121.0"},"id":"whitelist.loaded"}}
{"recorder_version":"31","session":"5666114d8c01","build":"193.6494.35","bucket":"126","time":1582814709213,"group":{"id":"settings","version":"4"},"event":{"state":true,"data":{"component":"UpdatesConfigurable","created":1582814709264,"name":"checkNeeded","type":"bool","value":false},"id":"not.default"}}
{"recorder_version":"31","session":"5666114d8c01","build":"193.6494.35","bucket":"126","time":1582814709213,"group":{"id":"settings","version":"4"},"event":{"state":true,"data":{"component":"UpdatesConfigurable","created":1582814709286},"id":"invoked"}}
{"recorder_version":"31","session":"5666114d8c01","build":"193.6494.35","bucket":"126","time":1582814709845,"group":{"id":"performance","version":"31"},"event":{"count":1,"data":{"duration_ms":34,"created":1582814709845},"id":"ui.latency"}}
{"recorder_version":"31","session":"5666114d8c01","build":"193.6494.35","bucket":"126","time":1582814709999,"group":{"id":"settings","version":"4"},"event":{"state":true,"data":{"component":"GeneralSettings","created":1582814710006},"id":"invoked"}}
{"recorder_version":"31","session":"5666114d8c01","build":"193.6494.35","bucket":"126","time":1582814711231,"group":{"id":"settings","version":"4"},"event":{"state":true,"data":{"component":"XmlEditorOptions","created":1582814711244},"id":"invoked"}}
{"recorder_version":"31","session":"5666114d8c01","build":"193.6494.35","bucket":"126","time":1582814711439,"group":{"id":"performance","version":"31"},"event":{"count":1,"data":{"duration_ms":558,"created":1582814711444},"id":"ui.lagging"}}
{"recorder_version":"31","session":"5666114d8c01","build":"193.6494.35","bucket":"126","time":1582814711443,"group":{"id":"lifecycle","version":"31"},"event":{"count":1,"data":{"internal":true,"eap":false,"created":1582814711450},"id":"ide.start"}}
{"recorder_version":"31","session":"5666114d8c01","build":"193.6494.35","bucket":"126","time":1582814722868,"group":{"id":"settings","version":"4"},"event":{"state":true,"data":{"component":"VcsApplicationSettings","created":1582814722870},"id":"invoked"}}
{"recorder_version":"31","session":"5666114d8c01","build":"193.6494.35","bucket":"126","time":1582814745253,"group":{"id":"actions","version":"31"},"event":{"count":1,"data":{"context_menu":false,"action_id":"WelcomeScreen.OpenProject","created":1582814745278,"plugin_type":"PLATFORM","place":"WelcomeScreen","class":"com.intellij.ide.actions.OpenFileAction$OnWelcomeScreen","input_event":"MouseLeft"},"id":"action.invoked"}}
{"recorder_version":"31","session":"5666114d8c01","build":"193.6494.35","bucket":"126","time":1582814745635,"group":{"id":"ui.dialogs","version":"31"},"event":{"count":1,"data":{"created":1582814745635,"plugin_type":"PLATFORM","dialog_class":"com.intellij.openapi.fileChooser.ex.FileChooserDialogImpl"},"id":"show"}}
{"recorder_version":"31","session":"5666114d8c01","build":"193.6494.35","bucket":"126","time":1582814755549,"group":{"id":"actions","version":"31"},"event":{"count":2,"data":{"context_menu":false,"last":1582814755553,"action_id":"FileChooser.GotoDesktop","created":1582814755585,"plugin_type":"PLATFORM","place":"unknown","class":"com.intellij.openapi.fileChooser.actions.GotoDesktopDirAction","input_event":"MouseLeft"},"id":"action.invoked"}}
{"recorder_version":"31","session":"5666114d8c01","build":"193.6494.35","bucket":"126","time":1582814755557,"group":{"id":"toolbar","version":"31"},"event":{"count":1,"data":{"context_menu":false,"action_id":"FileChooser.GotoDesktop","created":1582814755588,"plugin_type":"PLATFORM","place":"unknown","class":"com.intellij.openapi.fileChooser.actions.GotoDesktopDirAction","input_event":"MouseLeft"},"id":"clicked"}}
{"recorder_version":"31","session":"5666114d8c01","build":"193.6494.35","bucket":"126","time":1582814810453,"group":{"id":"performance","version":"31"},"event":{"count":1,"data":{"duration_ms":0,"created":1582814810469},"id":"ui.latency"}}
{"recorder_version":"31","session":"5666114d8c01","build":"193.6494.35","bucket":"126","time":1582814911167,"group":{"id":"performance","version":"31"},"event":{"count":1,"data":{"duration_ms":0,"created":1582814911167},"id":"ui.latency"}}
{"recorder_version":"31","session":"5666114d8c01","build":"193.6494.35","bucket":"126","time":1582814997508,"group":{"id":"performance","version":"31"},"event":{"count":1,"data":{"duration_ms":214,"created":1582814997839},"id":"ui.lagging"}}
{"recorder_version":"31","session":"5666114d8c01","build":"193.6494.35","bucket":"126","time":1582815009847,"group":{"id":"kotlin.ide.j2k","version":"1"},"event":{"count":1,"data":{"created":1582815009847},"id":"registered"}}
{"recorder_version":"31","session":"5666114d8c01","build":"193.6494.35","bucket":"126","time":1582815009847,"group":{"id":"java.find.usages","version":"1"},"event":{"count":1,"data":{"created":1582815009847},"id":"registered"}}
{"recorder_version":"31","session":"5666114d8c01","build":"193.6494.35","bucket":"126","time":1582815009847,"group":{"id":"file.types.usage","version":"31"},"event":{"count":1,"data":{"created":1582815009847},"id":"registered"}}
{"recorder_version":"31","session":"5666114d8c01","build":"193.6494.35","bucket":"126","time":1582815009847,"group":{"id":"ide.script.engine","version":"2"},"event":{"count":1,"data":{"created":1582815009848},"id":"registered"}}
{"recorder_version":"31","session":"5666114d8c01","build":"193.6494.35","bucket":"126","time":1582815009847,"group":{"id":"live.templates","version":"31"},"event":{"count":1,"data":{"created":1582815009848},"id":"registered"}}
{"recorder_version":"31","session":"5666114d8c01","build":"193.6494.35","bucket":"126","time":1582815009847,"group":{"id":"ide.self.update","version":"2"},"event":{"count":1,"data":{"created":1582815009848},"id":"registered"}}
{"recorder_version":"31","session":"5666114d8c01","build":"193.6494.35","bucket":"126","time":1582815009847,"group":{"id":"lifecycle","version":"31"},"event":{"count":1,"data":{"created":1582815009848},"id":"registered"}}
{"recorder_version":"31","session":"5666114d8c01","build":"193.6494.35","bucket":"126","time":1582815009847,"group":{"id":"vcs.diff.trigger","version":"1"},"event":{"count":1,"data":{"created":1582815009849},"id":"registered"}}
{"recorder_version":"31","session":"5666114d8c01","build":"193.6494.35","bucket":"126","time":1582815009847,"group":{"id":"debugger.breakpoints.usage","version":"2"},"event":{"count":1,"data":{"created":1582815009849},"id":"registered"}}
{"recorder_version":"31","session":"5666114d8c01","build":"193.6494.35","bucket":"126","time":1582815009847,"group":{"id":"kotlin.gradle.library","version":"1"},"event":{"count":1,"data":{"created":1582815009849},"id":"registered"}}
{"recorder_version":"31","session":"5666114d8c01","build":"193.6494.35","bucket":"126","time":1582815009847,"group":{"id":"startup","version":"1"},"event":{"count":1,"data":{"created":1582815009849},"id":"registered"}}
{"recorder_version":"31","session":"5666114d8c01","build":"193.6494.35","bucket":"126","time":1582815009847,"group":{"id":"find","version":"2"},"event":{"count":1,"data":{"created":1582815009850},"id":"registered"}}
{"recorder_version":"31","session":"5666114d8c01","build":"193.6494.35","bucket":"126","time":1582815009847,"group":{"id":"kotlin.gradle.target","version":"2"},"event":{"count":1,"data":{"created":1582815009850},"id":"registered"}}
{"recorder_version":"31","session":"5666114d8c01","build":"193.6494.35","bucket":"126","time":1582815009847,"group":{"id":"gutter.icon.click","version":"2"},"event":{"count":1,"data":{"created":1582815009850},"id":"registered"}}
{"recorder_version":"31","session":"5666114d8c01","build":"193.6494.35","bucket":"126","time":1582815009847,"group":{"id":"shell.script","version":"1"},"event":{"count":1,"data":{"created":1582815009850},"id":"registered"}}
{"recorder_version":"31","session":"5666114d8c01","build":"193.6494.35","bucket":"126","time":1582815009847,"group":{"id":"new.project.wizard","version":"1"},"event":{"count":1,"data":{"created":1582815009851},"id":"registered"}}
{"recorder_version":"31","session":"5666114d8c01","build":"193.6494.35","bucket":"126","time":1582815009847,"group":{"id":"kotlin.ide.npwizards","version":"1"},"event":{"count":1,"data":{"created":1582815009851},"id":"registered"}}
{"recorder_version":"31","session":"5666114d8c01","build":"193.6494.35","bucket":"126","time":1582815009847,"group":{"id":"intentions","version":"31"},"event":{"count":1,"data":{"created":1582815009851},"id":"registered"}}
{"recorder_version":"31","session":"5666114d8c01","build":"193.6494.35","bucket":"126","time":1582815009847,"group":{"id":"settings.repository","version":"1"},"event":{"count":1,"data":{"created":1582815009851},"id":"registered"}}
{"recorder_version":"31","session":"5666114d8c01","build":"193.6494.35","bucket":"126","time":1582815009847,"group":{"id":"vcs.change.reminder","version":"2"},"event":{"count":1,"data":{"created":1582815009851},"id":"registered"}}
{"recorder_version":"31","session":"5666114d8c01","build":"193.6494.35","bucket":"126","time":1582815009847,"group":{"id":"create.directory.dialog","version":"1"},"event":{"count":1,"data":{"created":1582815009852},"id":"registered"}}
{"recorder_version":"31","session":"5666114d8c01","build":"193.6494.35","bucket":"126","time":1582815009847,"group":{"id":"kotlin.maven.target","version":"3"},"event":{"count":1,"data":{"created":1582815009852},"id":"registered"}}
{"recorder_version":"31","session":"5666114d8c01","build":"193.6494.35","bucket":"126","time":1582815009847,"group":{"id":"json.schema","version":"1"},"event":{"count":1,"data":{"created":1582815009852},"id":"registered"}}
{"recorder_version":"31","session":"5666114d8c01","build":"193.6494.35","bucket":"126","time":1582815009847,"group":{"id":"terminalShell","version":"1"},"event":{"count":1,"data":{"created":1582815009852},"id":"registered"}}
{"recorder_version":"31","session":"5666114d8c01","build":"193.6494.35","bucket":"126","time":1582815009847,"group":{"id":"rename.refactoring","version":"1"},"event":{"count":1,"data":{"created":1582815009852},"id":"registered"}}
{"recorder_version":"31","session":"5666114d8c01","build":"193.6494.35","bucket":"126","time":1582815009847,"group":{"id":"build.ant.actions","version":"1"},"event":{"count":1,"data":{"created":1582815009852},"id":"registered"}}
{"recorder_version":"31","session":"5666114d8c01","build":"193.6494.35","bucket":"126","time":1582815009847,"group":{"id":"actions","version":"31"},"event":{"count":1,"data":{"created":1582815009852},"id":"registered"}}
{"recorder_version":"31","session":"5666114d8c01","build":"193.6494.35","bucket":"126","time":1582815009847,"group":{"id":"kotlin.ide.editor","version":"1"},"event":{"count":1,"data":{"created":1582815009853},"id":"registered"}}
{"recorder_version":"31","session":"5666114d8c01","build":"193.6494.35","bucket":"126","time":1582815009847,"group":{"id":"event.log","version":"31"},"event":{"count":1,"data":{"created":1582815009853},"id":"registered"}}
{"recorder_version":"31","session":"5666114d8c01","build":"193.6494.35","bucket":"126","time":1582815009847,"group":{"id":"run.configuration.exec","version":"31"},"event":{"count":1,"data":{"created":1582815009853},"id":"registered"}}
{"recorder_version":"31","session":"5666114d8c01","build":"193.6494.35","bucket":"126","time":1582815009847,"group":{"id":"build.tools.actions","version":"1"},"event":{"count":1,"data":{"created":1582815009853},"id":"registered"}}
{"recorder_version":"31","session":"5666114d8c01","build":"193.6494.35","bucket":"126","time":1582815009847,"group":{"id":"file.editor","version":"2"},"event":{"count":1,"data":{"created":1582815009853},"id":"registered"}}
{"recorder_version":"31","session":"5666114d8c01","build":"193.6494.35","bucket":"126","time":1582815009847,"group":{"id":"vfs","version":"2"},"event":{"count":1,"data":{"created":1582815009853},"id":"registered"}}
{"recorder_version":"31","session":"5666114d8c01","build":"193.6494.35","bucket":"126","time":1582815009847,"group":{"id":"project.import","version":"2"},"event":{"count":1,"data":{"created":1582815009853},"id":"registered"}}
{"recorder_version":"31","session":"5666114d8c01","build":"193.6494.35","bucket":"126","time":1582815009847,"group":{"id":"actions.runAnything","version":"1"},"event":{"count":1,"data":{"created":1582815009853},"id":"registered"}}
{"recorder_version":"31","session":"5666114d8c01","build":"193.6494.35","bucket":"126","time":1582815009847,"group":{"id":"toolwindow","version":"31"},"event":{"count":1,"data":{"created":1582815009854},"id":"registered"}}
{"recorder_version":"31","session":"5666114d8c01","build":"193.6494.35","bucket":"126","time":1582815009847,"group":{"id":"kotlin.ide.newFileTempl","version":"1"},"event":{"count":1,"data":{"created":1582815009854},"id":"registered"}}
{"recorder_version":"31","session":"5666114d8c01","build":"193.6494.35","bucket":"126","time":1582815009847,"group":{"id":"ui.settings","version":"31"},"event":{"count":1,"data":{"created":1582815009854},"id":"registered"}}
{"recorder_version":"31","session":"5666114d8c01","build":"193.6494.35","bucket":"126","time":1582815009847,"group":{"id":"vcs.log.trigger","version":"2"},"event":{"count":1,"data":{"created":1582815009854},"id":"registered"}}
{"recorder_version":"31","session":"5666114d8c01","build":"193.6494.35","bucket":"126","time":1582815009847,"group":{"id":"productivity","version":"31"},"event":{"count":1,"data":{"created":1582815009854},"id":"registered"}}
{"recorder_version":"31","session":"5666114d8c01","build":"193.6494.35","bucket":"126","time":1582815009847,"group":{"id":"build.maven.actions","version":"1"},"event":{"count":1,"data":{"created":1582815009855},"id":"registered"}}
{"recorder_version":"31","session":"5666114d8c01","build":"193.6494.35","bucket":"126","time":1582815009847,"group":{"id":"ui.event","version":"3"},"event":{"count":1,"data":{"created":1582815009855},"id":"registered"}}
{"recorder_version":"31","session":"5666114d8c01","build":"193.6494.35","bucket":"126","time":1582815009847,"group":{"id":"plugins.advertiser","version":"1"},"event":{"count":1,"data":{"created":1582815009855},"id":"registered"}}
{"recorder_version":"31","session":"5666114d8c01","build":"193.6494.35","bucket":"126","time":1582815009847,"group":{"id":"editor.notification.panel","version":"1"},"event":{"count":1,"data":{"created":1582815009855},"id":"registered"}}
{"recorder_version":"31","session":"5666114d8c01","build":"193.6494.35","bucket":"126","time":1582815009847,"group":{"id":"kotlin.ide.debugger","version":"2"},"event":{"count":1,"data":{"created":1582815009855},"id":"registered"}}
{"recorder_version":"31","session":"5666114d8c01","build":"193.6494.35","bucket":"126","time":1582815009847,"group":{"id":"tooltip.action.events","version":"1"},"event":{"count":1,"data":{"created":1582815009856},"id":"registered"}}
{"recorder_version":"31","session":"5666114d8c01","build":"193.6494.35","bucket":"126","time":1582815009847,"group":{"id":"completion","version":"2"},"event":{"count":1,"data":{"created":1582815009856},"id":"registered"}}
{"recorder_version":"31","session":"5666114d8c01","build":"193.6494.35","bucket":"126","time":1582815009847,"group":{"id":"indexing","version":"2"},"event":{"count":1,"data":{"created":1582815009856},"id":"registered"}}
{"recorder_version":"31","session":"5666114d8c01","build":"193.6494.35","bucket":"126","time":1582815009847,"group":{"id":"vcs","version":"2"},"event":{"count":1,"data":{"created":1582815009856},"id":"registered"}}
{"recorder_version":"31","session":"5666114d8c01","build":"193.6494.35","bucket":"126","time":1582815009847,"group":{"id":"ui.dialogs","version":"31"},"event":{"count":1,"data":{"created":1582815009856},"id":"registered"}}
{"recorder_version":"31","session":"5666114d8c01","build":"193.6494.35","bucket":"126","time":1582815009847,"group":{"id":"vcs.back.forward.trigger","version":"1"},"event":{"count":1,"data":{"created":1582815009856},"id":"registered"}}
{"recorder_version":"31","session":"5666114d8c01","build":"193.6494.35","bucket":"126","time":1582815009847,"group":{"id":"customize.wizard","version":"1"},"event":{"count":1,"data":{"created":1582815009857},"id":"registered"}}
{"recorder_version":"31","session":"5666114d8c01","build":"193.6494.35","bucket":"126","time":1582815009847,"group":{"id":"ide.update.dialog","version":"1"},"event":{"count":1,"data":{"created":1582815009857},"id":"registered"}}
{"recorder_version":"31","session":"5666114d8c01","build":"193.6494.35","bucket":"126","time":1582815009847,"group":{"id":"toolbar","version":"31"},"event":{"count":1,"data":{"created":1582815009857},"id":"registered"}}
{"recorder_version":"31","session":"5666114d8c01","build":"193.6494.35","bucket":"126","time":1582815009847,"group":{"id":"build.gradle.actions","version":"1"},"event":{"count":1,"data":{"created":1582815009857},"id":"registered"}}
{"recorder_version":"31","session":"5666114d8c01","build":"193.6494.35","bucket":"126","time":1582815009847,"group":{"id":"performance","version":"31"},"event":{"count":1,"data":{"created":1582815009857},"id":"registered"}}
{"recorder_version":"31","session":"5666114d8c01","build":"193.6494.35","bucket":"126","time":1582815009847,"group":{"id":"build","version":"2"},"event":{"count":1,"data":{"created":1582815009858},"id":"registered"}}
{"recorder_version":"31","session":"5666114d8c01","build":"193.6494.35","bucket":"126","time":1582815009847,"group":{"id":"searchEverywhere","version":"3"},"event":{"count":1,"data":{"created":1582815009858},"id":"registered"}}
{"recorder_version":"31","session":"5666114d8c01","build":"193.6494.35","bucket":"126","time":1582815009847,"group":{"id":"kotlin.ide.action.refactoring","version":"1"},"event":{"count":1,"data":{"created":1582815009858},"id":"registered"}}
{"recorder_version":"31","session":"5666114d8c01","build":"193.6494.35","bucket":"126","time":1582815009847,"group":{"id":"ui.tips","version":"3"},"event":{"count":1,"data":{"created":1582815009858},"id":"registered"}}
{"recorder_version":"31","session":"5666114d8c01","build":"193.6494.35","bucket":"126","time":1582815009847,"group":{"id":"surround.with","version":"2"},"event":{"count":1,"data":{"created":1582815009858},"id":"registered"}}
{"recorder_version":"31","session":"5666114d8c01","build":"193.6494.35","bucket":"126","time":1582815009847,"group":{"id":"import.old.config","version":"3"},"event":{"count":1,"data":{"created":1582815009858},"id":"registered"}}
{"recorder_version":"31","session":"5666114d8c01","build":"193.6494.35","bucket":"126","time":1582815009847,"group":{"id":"kotlin.jps.target","version":"3"},"event":{"count":1,"data":{"created":1582815009859},"id":"registered"}}
{"recorder_version":"31","session":"5666114d8c01","build":"193.6494.35","bucket":"126","time":1582815009847,"group":{"id":"completion.postfix","version":"31"},"event":{"count":1,"data":{"created":1582815009859},"id":"registered"}}
{"recorder_version":"31","session":"5666114d8c01","build":"193.6494.35","bucket":"126","time":1582815009847,"group":{"id":"build.maven.packagesearch","version":"2"},"event":{"count":1,"data":{"created":1582815009859},"id":"registered"}}
{"recorder_version":"31","session":"5666114d8c01","build":"193.6494.35","bucket":"126","time":1582815011445,"group":{"id":"performance","version":"31"},"event":{"count":1,"data":{"duration_ms":0,"created":1582815011445},"id":"ui.latency"}}
{"recorder_version":"31","session":"5666114d8c01","build":"193.6494.35","bucket":"126","time":1582815041331,"group":{"id":"actions","version":"31"},"event":{"count":2,"data":{"context_menu":false,"last":1582815041331,"action_id":"FileChooser.Refresh","created":1582815041331,"plugin_type":"PLATFORM","place":"unknown","class":"com.intellij.openapi.fileChooser.actions.RefreshFileChooserAction","input_event":"MouseLeft"},"id":"action.invoked"}}
{"recorder_version":"31","session":"5666114d8c01","build":"193.6494.35","bucket":"126","time":1582815041331,"group":{"id":"toolbar","version":"31"},"event":{"count":1,"data":{"context_menu":false,"action_id":"FileChooser.Refresh","created":1582815041331,"plugin_type":"PLATFORM","place":"unknown","class":"com.intellij.openapi.fileChooser.actions.RefreshFileChooserAction","input_event":"MouseLeft"},"id":"clicked"}}
{"recorder_version":"31","session":"5666114d8c01","build":"193.6494.35","bucket":"126","time":1582815060508,"group":{"id":"ui.dialogs","version":"31"},"event":{"count":1,"data":{"code":0,"created":1582815060508,"plugin_type":"PLATFORM","dialog_class":"com.intellij.openapi.fileChooser.ex.FileChooserDialogImpl"},"id":"close"}}
{"recorder_version":"31","session":"5666114d8c01","build":"193.6494.35","bucket":"126","time":1582815061025,"group":{"id":"ui.dialogs","version":"31"},"event":{"count":1,"data":{"created":1582815061036,"plugin_type":"PLATFORM","dialog_class":"com.intellij.openapi.progress.util.ProgressDialog$MyDialogWrapper"},"id":"show"}}
{"recorder_version":"31","session":"5666114d8c01","build":"193.6494.35","bucket":"126","time":1582815062545,"group":{"id":"lifecycle","version":"31"},"event":{"count":1,"data":{"created":1582815062565},"id":"frame.deactivated"}}
{"recorder_version":"31","session":"5666114d8c01","build":"193.6494.35","bucket":"126","time":1582815065223,"group":{"id":"performance","version":"31"},"event":{"count":1,"data":{"duration_ms":468,"created":1582815065239},"id":"ui.lagging"}}
{"recorder_version":"31","session":"5666114d8c01","build":"193.6494.35","bucket":"126","time":1582815065340,"group":{"id":"lifecycle","version":"31"},"event":{"count":1,"data":{"created":1582815065343,"project":"85415607ddcf01c0d477be165c241326795df368ae567f8ceaecbb03033f487e"},"id":"project.opened"}}
{"recorder_version":"31","session":"5666114d8c01","build":"193.6494.35","bucket":"126","time":1582815065932,"group":{"id":"performance","version":"31"},"event":{"count":1,"data":{"duration_ms":137,"created":1582815065956},"id":"ui.lagging"}}
{"recorder_version":"31","session":"5666114d8c01","build":"193.6494.35","bucket":"126","time":1582815066493,"group":{"id":"indexing","version":"2"},"event":{"count":1,"data":{"ide_activity_id":1,"created":1582815066514,"project":"85415607ddcf01c0d477be165c241326795df368ae567f8ceaecbb03033f487e"},"id":"started"}}
{"recorder_version":"31","session":"5666114d8c01","build":"193.6494.35","bucket":"126","time":1582815066536,"group":{"id":"indexing","version":"2"},"event":{"count":1,"data":{"ide_activity_id":1,"stage_class":"com.intellij.util.indexing.UnindexedFilesUpdater","created":1582815066544,"plugin_type":"PLATFORM"},"id":"stage"}}
{"recorder_version":"31","session":"5666114d8c01","build":"193.6494.35","bucket":"126","time":1582815066637,"group":{"id":"ui.tips","version":"3"},"event":{"count":1,"data":{"created":1582815066651,"type":"automatically"},"id":"dialog.shown"}}
{"recorder_version":"31","session":"5666114d8c01","build":"193.6494.35","bucket":"126","time":1582815066798,"group":{"id":"ui.tips","version":"3"},"event":{"count":1,"data":{"feature_id":"no.feature.id","filename":"TagNameCompletion.html","created":1582815066804,"plugin_type":"PLATFORM"},"id":"tip.shown"}}
{"recorder_version":"31","session":"5666114d8c01","build":"193.6494.35","bucket":"126","time":1582815066825,"group":{"id":"ui.dialogs","version":"31"},"event":{"count":1,"data":{"created":1582815066856,"plugin_type":"PLATFORM","dialog_class":"com.intellij.ide.util.TipDialog"},"id":"show"}}
{"recorder_version":"31","session":"5666114d8c01","build":"193.6494.35","bucket":"126","time":1582815067051,"group":{"id":"performance","version":"31"},"event":{"count":1,"data":{"duration_ms":215,"created":1582815067108},"id":"ui.lagging"}}
{"recorder_version":"31","session":"5666114d8c01","build":"193.6494.35","bucket":"126","time":1582815067054,"group":{"id":"lifecycle","version":"31"},"event":{"count":1,"data":{"created":1582815067109,"project":"85415607ddcf01c0d477be165c241326795df368ae567f8ceaecbb03033f487e"},"id":"frame.activated"}}
{"recorder_version":"31","session":"5666114d8c01","build":"193.6494.35","bucket":"126","time":1582815070351,"group":{"id":"project.fs","version":"1"},"event":{"state":true,"data":{"os":"Windows","cs-project":false,"created":1582815070474,"project":"85415607ddcf01c0d477be165c241326795df368ae567f8ceaecbb03033f487e","cs-implicit":true,"cs-system":false},"id":"case-sensitivity"}}
{"recorder_version":"31","session":"5666114d8c01","build":"193.6494.35","bucket":"126","time":1582815070351,"group":{"id":"project.fs","version":"1"},"event":{"state":true,"data":{"created":1582815070474},"id":"invoked"}}
{"recorder_version":"31","session":"5666114d8c01","build":"193.6494.35","bucket":"126","time":1582815070410,"group":{"id":"ui.dialogs","version":"31"},"event":{"count":1,"data":{"code":1,"created":1582815070476,"plugin_type":"PLATFORM","dialog_class":"com.intellij.openapi.progress.util.ProgressDialog$MyDialogWrapper"},"id":"close"}}
{"recorder_version":"31","session":"5666114d8c01","build":"193.6494.35","bucket":"126","time":1582815070432,"group":{"id":"project.fs","version":"1"},"event":{"state":true,"data":{"pct-non-watched":0,"created":1582815070477,"project":"85415607ddcf01c0d477be165c241326795df368ae567f8ceaecbb03033f487e"},"id":"roots-watched"}}
{"recorder_version":"31","session":"5666114d8c01","build":"193.6494.35","bucket":"126","time":1582815070432,"group":{"id":"project.fs","version":"1"},"event":{"state":true,"data":{"created":1582815070477},"id":"invoked"}}
{"recorder_version":"31","session":"5666114d8c01","build":"193.6494.35","bucket":"126","time":1582815071101,"group":{"id":"lifecycle","version":"31"},"event":{"count":1,"data":{"duration_ms":9754,"created":1582815071335,"project":"85415607ddcf01c0d477be165c241326795df368ae567f8ceaecbb03033f487e"},"id":"project.opening.finished"}}
{"recorder_version":"31","session":"5666114d8c01","build":"193.6494.35","bucket":"126","time":1582815072493,"group":{"id":"ui.dialogs","version":"31"},"event":{"count":1,"data":{"code":1,"created":1582815072621,"plugin_type":"PLATFORM","dialog_class":"com.intellij.ide.util.TipDialog"},"id":"close"}}
{"recorder_version":"31","session":"5666114d8c01","build":"193.6494.35","bucket":"126","time":1582815075331,"group":{"id":"performance","version":"31"},"event":{"count":1,"data":{"duration_ms":300,"created":1582815075338},"id":"ui.lagging"}}
{"recorder_version":"31","session":"5666114d8c01","build":"193.6494.35","bucket":"126","time":1582815075521,"group":{"id":"indexing","version":"2"},"event":{"count":1,"data":{"duration_ms":9028,"ide_activity_id":1,"created":1582815075523},"id":"finished"}}
{"recorder_version":"31","session":"5666114d8c01","build":"193.6494.35","bucket":"126","time":1582815075734,"group":{"id":"indexing","version":"2"},"event":{"count":1,"data":{"ide_activity_id":2,"created":1582815075734,"project":"85415607ddcf01c0d477be165c241326795df368ae567f8ceaecbb03033f487e"},"id":"started"}}
{"recorder_version":"31","session":"5666114d8c01","build":"193.6494.35","bucket":"126","time":1582815075754,"group":{"id":"indexing","version":"2"},"event":{"count":1,"data":{"ide_activity_id":2,"plugin":"org.jetbrains.android","stage_class":"com.android.tools.idea.res.ResourceFolderRepositoryFileCacheImpl$PruneTask","created":1582815075755,"plugin_type":"JB_BUNDLED"},"id":"stage"}}
{"recorder_version":"31","session":"5666114d8c01","build":"193.6494.35","bucket":"126","time":1582815075776,"group":{"id":"indexing","version":"2"},"event":{"count":1,"data":{"ide_activity_id":2,"plugin":"org.jetbrains.android","stage_class":"com.android.tools.idea.res.ResourceFolderRepositoryFileCacheImpl$ManageLruProjectFilesTask","created":1582815075777,"plugin_type":"JB_BUNDLED"},"id":"stage"}}
{"recorder_version":"31","session":"5666114d8c01","build":"193.6494.35","bucket":"126","time":1582815075801,"group":{"id":"indexing","version":"2"},"event":{"count":1,"data":{"duration_ms":67,"ide_activity_id":2,"created":1582815075801},"id":"finished"}}
{"recorder_version":"31","session":"5666114d8c01","build":"193.6494.35","bucket":"126","time":1582815075814,"group":{"id":"indexing","version":"2"},"event":{"count":1,"data":{"ide_activity_id":3,"created":1582815075814,"project":"85415607ddcf01c0d477be165c241326795df368ae567f8ceaecbb03033f487e"},"id":"started"}}
{"recorder_version":"31","session":"5666114d8c01","build":"193.6494.35","bucket":"126","time":1582815075817,"group":{"id":"indexing","version":"2"},"event":{"count":1,"data":{"ide_activity_id":3,"plugin":"org.jetbrains.android","stage_class":"com.android.tools.idea.res.ResourceFolderRegistry$PopulateCachesTask","created":1582815075817,"plugin_type":"JB_BUNDLED"},"id":"stage"}}
{"recorder_version":"31","session":"5666114d8c01","build":"193.6494.35","bucket":"126","time":1582815075818,"group":{"id":"indexing","version":"2"},"event":{"count":1,"data":{"duration_ms":4,"ide_activity_id":3,"created":1582815075818},"id":"finished"}}
{"recorder_version":"31","session":"5666114d8c01","build":"193.6494.35","bucket":"126","time":1582815078120,"group":{"id":"performance","version":"31"},"event":{"count":1,"data":{"duration_ms":2082,"created":1582815078124},"id":"ui.lagging"}}
{"recorder_version":"31","session":"5666114d8c01","build":"193.6494.35","bucket":"126","time":1582815078120,"group":{"id":"performance","version":"31"},"event":{"count":1,"data":{"duration_ms":314,"created":1582815078124},"id":"ui.lagging"}}
{"recorder_version":"31","session":"5666114d8c01","build":"193.6494.35","bucket":"126","time":1582815079365,"group":{"id":"startup","version":"1"},"event":{"count":1,"data":{"duration":19687,"created":1582815079365},"id":"appInit"}}
{"recorder_version":"31","session":"5666114d8c01","build":"193.6494.35","bucket":"126","time":1582815079365,"group":{"id":"startup","version":"1"},"event":{"count":1,"data":{"duration":342,"created":1582815079366},"id":"splash"}}
{"recorder_version":"31","session":"5666114d8c01","build":"193.6494.35","bucket":"126","time":1582815079365,"group":{"id":"startup","version":"1"},"event":{"count":1,"data":{"duration":415,"created":1582815079366},"id":"bootstrap"}}
{"recorder_version":"31","session":"5666114d8c01","build":"193.6494.35","bucket":"126","time":1582815079365,"group":{"id":"startup","version":"1"},"event":{"count":1,"data":{"duration":382970,"created":1582815079366},"id":"totalDuration"}}
{"recorder_version":"31","session":"5666114d8c01","build":"193.6494.35","bucket":"126","time":1582815081931,"group":{"id":"lifecycle","version":"31"},"event":{"count":1,"data":{"created":1582815081977,"project":"85415607ddcf01c0d477be165c241326795df368ae567f8ceaecbb03033f487e"},"id":"frame.deactivated"}}
{"recorder_version":"31","session":"5666114d8c01","build":"193.6494.35","bucket":"126","time":1582815084068,"group":{"id":"lifecycle","version":"31"},"event":{"count":1,"data":{"created":1582815084071,"project":"85415607ddcf01c0d477be165c241326795df368ae567f8ceaecbb03033f487e"},"id":"frame.activated"}}
{"recorder_version":"31","session":"5666114d8c01","build":"193.6494.35","bucket":"126","time":1582815084968,"group":{"id":"indexing","version":"2"},"event":{"count":1,"data":{"ide_activity_id":4,"created":1582815084969,"project":"85415607ddcf01c0d477be165c241326795df368ae567f8ceaecbb03033f487e"},"id":"started"}}
{"recorder_version":"31","session":"5666114d8c01","build":"193.6494.35","bucket":"126","time":1582815084975,"group":{"id":"indexing","version":"2"},"event":{"count":1,"data":{"ide_activity_id":4,"stage_class":"com.intellij.util.indexing.UnindexedFilesUpdater","created":1582815084985,"plugin_type":"PLATFORM"},"id":"stage"}}
{"recorder_version":"31","session":"5666114d8c01","build":"193.6494.35","bucket":"126","time":1582815085050,"group":{"id":"indexing","version":"2"},"event":{"count":1,"data":{"duration_ms":81,"ide_activity_id":4,"created":1582815085051},"id":"finished"}}
{"recorder_version":"31","session":"5666114d8c01","build":"193.6494.35","bucket":"126","time":1582815088345,"group":{"id":"toolwindow","version":"31"},"event":{"count":1,"data":{"ViewMode":"Dock_Pinned","created":1582815088345,"plugin_type":"PLATFORM","id":"Project","Location":"Left_Top"},"id":"activated"}}
{"recorder_version":"31","session":"5666114d8c01","build":"193.6494.35","bucket":"126","time":1582815088970,"group":{"id":"performance","version":"31"},"event":{"count":1,"data":{"duration_ms":120,"created":1582815088973},"id":"ui.lagging"}}
{"recorder_version":"31","session":"5666114d8c01","build":"193.6494.35","bucket":"126","time":1582815104087,"group":{"id":"lifecycle","version":"31"},"event":{"count":1,"data":{"created":1582815104087,"project":"85415607ddcf01c0d477be165c241326795df368ae567f8ceaecbb03033f487e"},"id":"frame.deactivated"}}
{"recorder_version":"31","session":"5666114d8c01","build":"193.6494.35","bucket":"126","time":1582815111898,"group":{"id":"performance","version":"31"},"event":{"count":1,"data":{"duration_ms":0,"created":1582815111898},"id":"ui.latency"}}
{"recorder_version":"31","session":"5666114d8c01","build":"193.6494.35","bucket":"126","time":1582815132963,"group":{"id":"lifecycle","version":"31"},"event":{"count":1,"data":{"created":1582815132963,"project":"85415607ddcf01c0d477be165c241326795df368ae567f8ceaecbb03033f487e"},"id":"frame.activated"}}
{"recorder_version":"31","session":"5666114d8c01","build":"193.6494.35","bucket":"126","time":1582815133066,"group":{"id":"lifecycle","version":"31"},"event":{"count":1,"data":{"created":1582815133154,"project":"85415607ddcf01c0d477be165c241326795df368ae567f8ceaecbb03033f487e"},"id":"frame.deactivated"}}
{"recorder_version":"31","session":"5666114d8c01","build":"193.6494.35","bucket":"126","time":1582815134527,"group":{"id":"lifecycle","version":"31"},"event":{"count":1,"data":{"created":1582815134538,"project":"85415607ddcf01c0d477be165c241326795df368ae567f8ceaecbb03033f487e"},"id":"frame.activated"}}
{"recorder_version":"31","session":"5666114d8c01","build":"193.6494.35","bucket":"126","time":1582815135134,"group":{"id":"lifecycle","version":"31"},"event":{"count":1,"data":{"created":1582815135139,"project":"85415607ddcf01c0d477be165c241326795df368ae567f8ceaecbb03033f487e"},"id":"frame.deactivated"}}
{"recorder_version":"31","session":"5666114d8c01","build":"193.6494.35","bucket":"126","time":1582815156509,"group":{"id":"lifecycle","version":"31"},"event":{"count":1,"data":{"created":1582815156513,"project":"85415607ddcf01c0d477be165c241326795df368ae567f8ceaecbb03033f487e"},"id":"frame.activated"}}
{"recorder_version":"31","session":"5666114d8c01","build":"193.6494.35","bucket":"126","time":1582815158367,"group":{"id":"ui.dialogs","version":"31"},"event":{"count":1,"data":{"created":1582815158367,"plugin_type":"PLATFORM","dialog_class":"com.intellij.openapi.ui.messages.MessageDialog"},"id":"show"}}
{"recorder_version":"31","session":"5666114d8c01","build":"193.6494.35","bucket":"126","time":1582815159678,"group":{"id":"lifecycle","version":"31"},"event":{"count":1,"data":{"restart":false,"created":1582815159678},"id":"ide.close"}}
{"recorder_version":"31","session":"5666114d8c01","build":"193.6494.35","bucket":"126","time":1582815159903,"group":{"id":"lifecycle","version":"31"},"event":{"count":1,"data":{"created":1582815159903,"project":"85415607ddcf01c0d477be165c241326795df368ae567f8ceaecbb03033f487e"},"id":"project.closed"}}
