{"recorder_version":"31","session":"a6af93dc5261","build":"193.6494.35","bucket":"126","time":1582815347689,"group":{"id":"settings","version":"4"},"event":{"state":true,"data":{"component":"NotRoamableUiSettings","created":1582815348679},"id":"invoked"}}
{"recorder_version":"31","session":"a6af93dc5261","build":"193.6494.35","bucket":"126","time":1582815347691,"group":{"id":"settings","version":"4"},"event":{"state":true,"data":{"component":"UISettings","created":1582815348746},"id":"invoked"}}
{"recorder_version":"31","session":"a6af93dc5261","build":"193.6494.35","bucket":"126","time":1582815347704,"group":{"id":"system.java","version":"1"},"event":{"state":true,"data":{"created":1582815348765,"version":"validation.undefined_rule"},"id":"validation.undefined_rule"}}
{"recorder_version":"31","session":"a6af93dc5261","build":"193.6494.35","bucket":"126","time":1582815347704,"group":{"id":"system.java","version":"1"},"event":{"state":true,"data":{"created":1582815348767},"id":"invoked"}}
{"recorder_version":"31","session":"a6af93dc5261","build":"193.6494.35","bucket":"126","time":1582815347758,"group":{"id":"system.os","version":"3"},"event":{"state":true,"data":{"created":1582815348769,"version":"10.0"},"id":"Windows"}}
{"recorder_version":"31","session":"a6af93dc5261","build":"193.6494.35","bucket":"126","time":1582815347758,"group":{"id":"system.os","version":"3"},"event":{"state":true,"data":{"created":1582815348771,"name":"Windows","version":"10.0"},"id":"os.name"}}
{"recorder_version":"31","session":"a6af93dc5261","build":"193.6494.35","bucket":"126","time":1582815347758,"group":{"id":"system.os","version":"3"},"event":{"state":true,"data":{"created":1582815348772,"value":"+01_00"},"id":"os.timezone"}}
{"recorder_version":"31","session":"a6af93dc5261","build":"193.6494.35","bucket":"126","time":1582815347758,"group":{"id":"system.os","version":"3"},"event":{"state":true,"data":{"created":1582815348773},"id":"invoked"}}
{"recorder_version":"31","session":"a6af93dc5261","build":"193.6494.35","bucket":"126","time":1582815348496,"group":{"id":"event.log","version":"31"},"event":{"count":1,"data":{"created":1582815348773,"version":"1121.0"},"id":"whitelist.loaded"}}
{"recorder_version":"31","session":"a6af93dc5261","build":"193.6494.35","bucket":"126","time":1582815354453,"group":{"id":"settings","version":"4"},"event":{"state":true,"data":{"component":"GeneralSettings","created":1582815354453},"id":"invoked"}}
{"recorder_version":"31","session":"a6af93dc5261","build":"193.6494.35","bucket":"126","time":1582815358248,"group":{"id":"settings","version":"4"},"event":{"state":true,"data":{"component":"UpdatesConfigurable","created":1582815358248,"name":"checkNeeded","type":"bool","value":false},"id":"not.default"}}
{"recorder_version":"31","session":"a6af93dc5261","build":"193.6494.35","bucket":"126","time":1582815358248,"group":{"id":"settings","version":"4"},"event":{"state":true,"data":{"component":"UpdatesConfigurable","created":1582815358249},"id":"invoked"}}
{"recorder_version":"31","session":"a6af93dc5261","build":"193.6494.35","bucket":"126","time":1582815358603,"group":{"id":"lifecycle","version":"31"},"event":{"count":1,"data":{"internal":true,"eap":false,"created":1582815358609},"id":"ide.start"}}
{"recorder_version":"31","session":"a6af93dc5261","build":"193.6494.35","bucket":"126","time":1582815358603,"group":{"id":"performance","version":"31"},"event":{"count":1,"data":{"duration_ms":1,"created":1582815358614},"id":"ui.latency"}}
{"recorder_version":"31","session":"a6af93dc5261","build":"193.6494.35","bucket":"126","time":1582815359087,"group":{"id":"settings","version":"4"},"event":{"state":true,"data":{"component":"XmlEditorOptions","created":1582815359088},"id":"invoked"}}
{"recorder_version":"31","session":"a6af93dc5261","build":"193.6494.35","bucket":"126","time":1582815359745,"group":{"id":"settings","version":"4"},"event":{"state":true,"data":{"component":"VcsApplicationSettings","created":1582815359745},"id":"invoked"}}
{"recorder_version":"31","session":"a6af93dc5261","build":"193.6494.35","bucket":"126","time":1582815359745,"group":{"id":"lifecycle","version":"31"},"event":{"count":1,"data":{"created":1582815359748},"id":"frame.activated"}}
{"recorder_version":"31","session":"a6af93dc5261","build":"193.6494.35","bucket":"126","time":1582815359845,"group":{"id":"ui.dialogs","version":"31"},"event":{"count":1,"data":{"created":1582815359853,"plugin_type":"PLATFORM","dialog_class":"com.intellij.openapi.progress.util.ProgressDialog$MyDialogWrapper"},"id":"show"}}
{"recorder_version":"31","session":"a6af93dc5261","build":"193.6494.35","bucket":"126","time":1582815360007,"group":{"id":"performance","version":"31"},"event":{"count":1,"data":{"duration_ms":320,"created":1582815360057},"id":"ui.lagging"}}
{"recorder_version":"31","session":"a6af93dc5261","build":"193.6494.35","bucket":"126","time":1582815366536,"group":{"id":"lifecycle","version":"31"},"event":{"count":1,"data":{"created":1582815366559,"project":"85415607ddcf01c0d477be165c241326795df368ae567f8ceaecbb03033f487e"},"id":"project.opened"}}
{"recorder_version":"31","session":"a6af93dc5261","build":"193.6494.35","bucket":"126","time":1582815367348,"group":{"id":"performance","version":"31"},"event":{"count":1,"data":{"duration_ms":581,"created":1582815367416},"id":"ui.lagging"}}
{"recorder_version":"31","session":"a6af93dc5261","build":"193.6494.35","bucket":"126","time":1582815367725,"group":{"id":"indexing","version":"2"},"event":{"count":1,"data":{"ide_activity_id":1,"created":1582815367726,"project":"85415607ddcf01c0d477be165c241326795df368ae567f8ceaecbb03033f487e"},"id":"started"}}
{"recorder_version":"31","session":"a6af93dc5261","build":"193.6494.35","bucket":"126","time":1582815367737,"group":{"id":"indexing","version":"2"},"event":{"count":1,"data":{"ide_activity_id":1,"stage_class":"com.intellij.util.indexing.UnindexedFilesUpdater","created":1582815367744,"plugin_type":"PLATFORM"},"id":"stage"}}
{"recorder_version":"31","session":"a6af93dc5261","build":"193.6494.35","bucket":"126","time":1582815368152,"group":{"id":"performance","version":"31"},"event":{"count":1,"data":{"duration_ms":368,"created":1582815368160},"id":"ui.lagging"}}
{"recorder_version":"31","session":"a6af93dc5261","build":"193.6494.35","bucket":"126","time":1582815368278,"group":{"id":"ui.tips","version":"3"},"event":{"count":1,"data":{"created":1582815368280,"type":"automatically"},"id":"dialog.shown"}}
{"recorder_version":"31","session":"a6af93dc5261","build":"193.6494.35","bucket":"126","time":1582815368491,"group":{"id":"ui.tips","version":"3"},"event":{"count":1,"data":{"feature_id":"no.feature.id","filename":"CreateTargetTag.html","plugin":"AntSupport","created":1582815368496,"plugin_type":"JB_BUNDLED"},"id":"tip.shown"}}
{"recorder_version":"31","session":"a6af93dc5261","build":"193.6494.35","bucket":"126","time":1582815368515,"group":{"id":"ui.dialogs","version":"31"},"event":{"count":1,"data":{"created":1582815368516,"plugin_type":"PLATFORM","dialog_class":"com.intellij.ide.util.TipDialog"},"id":"show"}}
{"recorder_version":"31","session":"a6af93dc5261","build":"193.6494.35","bucket":"126","time":1582815370016,"group":{"id":"project.fs","version":"1"},"event":{"state":true,"data":{"os":"Windows","cs-project":false,"created":1582815370065,"project":"85415607ddcf01c0d477be165c241326795df368ae567f8ceaecbb03033f487e","cs-implicit":true,"cs-system":false},"id":"case-sensitivity"}}
{"recorder_version":"31","session":"a6af93dc5261","build":"193.6494.35","bucket":"126","time":1582815370016,"group":{"id":"project.fs","version":"1"},"event":{"state":true,"data":{"created":1582815370066},"id":"invoked"}}
{"recorder_version":"31","session":"a6af93dc5261","build":"193.6494.35","bucket":"126","time":1582815370065,"group":{"id":"project.fs","version":"1"},"event":{"state":true,"data":{"pct-non-watched":0,"created":1582815370066,"project":"85415607ddcf01c0d477be165c241326795df368ae567f8ceaecbb03033f487e"},"id":"roots-watched"}}
{"recorder_version":"31","session":"a6af93dc5261","build":"193.6494.35","bucket":"126","time":1582815370065,"group":{"id":"project.fs","version":"1"},"event":{"state":true,"data":{"created":1582815370067},"id":"invoked"}}
{"recorder_version":"31","session":"a6af93dc5261","build":"193.6494.35","bucket":"126","time":1582815370608,"group":{"id":"ui.dialogs","version":"31"},"event":{"count":1,"data":{"code":1,"created":1582815370823,"plugin_type":"PLATFORM","dialog_class":"com.intellij.openapi.progress.util.ProgressDialog$MyDialogWrapper"},"id":"close"}}
{"recorder_version":"31","session":"a6af93dc5261","build":"193.6494.35","bucket":"126","time":1582815371001,"group":{"id":"lifecycle","version":"31"},"event":{"count":1,"data":{"duration_ms":12175,"created":1582815371046,"project":"85415607ddcf01c0d477be165c241326795df368ae567f8ceaecbb03033f487e"},"id":"project.opening.finished"}}
{"recorder_version":"31","session":"a6af93dc5261","build":"193.6494.35","bucket":"126","time":1582815372397,"group":{"id":"indexing","version":"2"},"event":{"count":1,"data":{"duration_ms":4672,"ide_activity_id":1,"created":1582815372402},"id":"finished"}}
{"recorder_version":"31","session":"a6af93dc5261","build":"193.6494.35","bucket":"126","time":1582815372718,"group":{"id":"indexing","version":"2"},"event":{"count":1,"data":{"ide_activity_id":2,"created":1582815372719,"project":"85415607ddcf01c0d477be165c241326795df368ae567f8ceaecbb03033f487e"},"id":"started"}}
{"recorder_version":"31","session":"a6af93dc5261","build":"193.6494.35","bucket":"126","time":1582815372749,"group":{"id":"indexing","version":"2"},"event":{"count":1,"data":{"ide_activity_id":2,"plugin":"org.jetbrains.android","stage_class":"com.android.tools.idea.res.ResourceFolderRepositoryFileCacheImpl$PruneTask","created":1582815372758,"plugin_type":"JB_BUNDLED"},"id":"stage"}}
{"recorder_version":"31","session":"a6af93dc5261","build":"193.6494.35","bucket":"126","time":1582815372758,"group":{"id":"indexing","version":"2"},"event":{"count":1,"data":{"ide_activity_id":2,"plugin":"org.jetbrains.android","stage_class":"com.android.tools.idea.res.ResourceFolderRepositoryFileCacheImpl$ManageLruProjectFilesTask","created":1582815372759,"plugin_type":"JB_BUNDLED"},"id":"stage"}}
{"recorder_version":"31","session":"a6af93dc5261","build":"193.6494.35","bucket":"126","time":1582815372938,"group":{"id":"indexing","version":"2"},"event":{"count":1,"data":{"duration_ms":220,"ide_activity_id":2,"created":1582815372939},"id":"finished"}}
{"recorder_version":"31","session":"a6af93dc5261","build":"193.6494.35","bucket":"126","time":1582815372978,"group":{"id":"indexing","version":"2"},"event":{"count":1,"data":{"ide_activity_id":3,"created":1582815372978,"project":"85415607ddcf01c0d477be165c241326795df368ae567f8ceaecbb03033f487e"},"id":"started"}}
{"recorder_version":"31","session":"a6af93dc5261","build":"193.6494.35","bucket":"126","time":1582815372979,"group":{"id":"indexing","version":"2"},"event":{"count":1,"data":{"ide_activity_id":3,"plugin":"org.jetbrains.android","stage_class":"com.android.tools.idea.res.ResourceFolderRegistry$PopulateCachesTask","created":1582815372983,"plugin_type":"JB_BUNDLED"},"id":"stage"}}
{"recorder_version":"31","session":"a6af93dc5261","build":"193.6494.35","bucket":"126","time":1582815372984,"group":{"id":"indexing","version":"2"},"event":{"count":1,"data":{"duration_ms":6,"ide_activity_id":3,"created":1582815372984},"id":"finished"}}
{"recorder_version":"31","session":"a6af93dc5261","build":"193.6494.35","bucket":"126","time":1582815375456,"group":{"id":"ui.dialogs","version":"31"},"event":{"count":1,"data":{"code":1,"created":1582815375480,"plugin_type":"PLATFORM","dialog_class":"com.intellij.ide.util.TipDialog"},"id":"close"}}
{"recorder_version":"31","session":"a6af93dc5261","build":"193.6494.35","bucket":"126","time":1582815379846,"group":{"id":"startup","version":"1"},"event":{"count":1,"data":{"duration":27757,"created":1582815379846},"id":"appInit"}}
{"recorder_version":"31","session":"a6af93dc5261","build":"193.6494.35","bucket":"126","time":1582815379846,"group":{"id":"startup","version":"1"},"event":{"count":1,"data":{"duration":770,"created":1582815379847},"id":"splash"}}
{"recorder_version":"31","session":"a6af93dc5261","build":"193.6494.35","bucket":"126","time":1582815379846,"group":{"id":"startup","version":"1"},"event":{"count":1,"data":{"duration":488,"created":1582815379847},"id":"bootstrap"}}
{"recorder_version":"31","session":"a6af93dc5261","build":"193.6494.35","bucket":"126","time":1582815379846,"group":{"id":"startup","version":"1"},"event":{"count":1,"data":{"duration":44846,"created":1582815379847},"id":"totalDuration"}}
{"recorder_version":"31","session":"a6af93dc5261","build":"193.6494.35","bucket":"126","time":1582815382803,"group":{"id":"actions","version":"31"},"event":{"count":1,"data":{"context_menu":true,"action_id":"third.party","created":1582815382804,"plugin_type":"NOT_LISTED","project":"85415607ddcf01c0d477be165c241326795df368ae567f8ceaecbb03033f487e","place":"MainMenu","class":"third.party","input_event":"MouseLeft"},"id":"action.invoked"}}
{"recorder_version":"31","session":"a6af93dc5261","build":"193.6494.35","bucket":"126","time":1582815382843,"group":{"id":"ui.dialogs","version":"31"},"event":{"count":1,"data":{"created":1582815382844,"plugin_type":"PLATFORM","dialog_class":"com.intellij.openapi.ui.messages.MessageDialog"},"id":"show"}}
{"recorder_version":"31","session":"a6af93dc5261","build":"193.6494.35","bucket":"126","time":1582815387778,"group":{"id":"lifecycle","version":"31"},"event":{"count":1,"data":{"created":1582815387781,"project":"85415607ddcf01c0d477be165c241326795df368ae567f8ceaecbb03033f487e"},"id":"frame.deactivated"}}
{"recorder_version":"31","session":"a6af93dc5261","build":"193.6494.35","bucket":"126","time":1582815388193,"group":{"id":"performance","version":"31"},"event":{"count":1,"data":{"duration_ms":195,"created":1582815388211},"id":"ui.lagging"}}
{"recorder_version":"31","session":"a6af93dc5261","build":"193.6494.35","bucket":"126","time":1582815389192,"group":{"id":"performance","version":"31"},"event":{"count":1,"data":{"duration_ms":113,"created":1582815389198},"id":"ui.lagging"}}
{"recorder_version":"31","session":"a6af93dc5261","build":"193.6494.35","bucket":"126","time":1582815423868,"group":{"id":"lifecycle","version":"31"},"event":{"count":1,"data":{"created":1582815423869,"project":"85415607ddcf01c0d477be165c241326795df368ae567f8ceaecbb03033f487e"},"id":"frame.activated"}}
{"recorder_version":"31","session":"a6af93dc5261","build":"193.6494.35","bucket":"126","time":1582815423964,"group":{"id":"ui.dialogs","version":"31"},"event":{"count":1,"data":{"created":1582815423968,"plugin_type":"PLATFORM","dialog_class":"com.intellij.openapi.ui.messages.MessageDialog"},"id":"show"}}
{"recorder_version":"31","session":"a6af93dc5261","build":"193.6494.35","bucket":"126","time":1582815424836,"group":{"id":"lifecycle","version":"31"},"event":{"count":1,"data":{"restart":false,"created":1582815424836},"id":"ide.close"}}
{"recorder_version":"31","session":"a6af93dc5261","build":"193.6494.35","bucket":"126","time":1582815425086,"group":{"id":"lifecycle","version":"31"},"event":{"count":1,"data":{"created":1582815425086,"project":"85415607ddcf01c0d477be165c241326795df368ae567f8ceaecbb03033f487e"},"id":"project.closed"}}
